
main.elf:     file format elf32-avr

Sections:
Idx Name          Size      VMA       LMA       File off  Algn
  0 .data         00000000  00800100  00000228  0000029c  2**0
                  CONTENTS, ALLOC, LOAD, DATA
  1 .text         00000228  00000000  00000000  00000074  2**1
                  CONTENTS, ALLOC, LOAD, READONLY, CODE
  2 .stab         00000990  00000000  00000000  0000029c  2**2
                  CONTENTS, READONLY, DEBUGGING
  3 .stabstr      00000e3a  00000000  00000000  00000c2c  2**0
                  CONTENTS, READONLY, DEBUGGING
  4 .comment      00000011  00000000  00000000  00001a66  2**0
                  CONTENTS, READONLY
  5 .note.gnu.avr.deviceinfo 00000040  00000000  00000000  00001a78  2**2
                  CONTENTS, READONLY
  6 .debug_info   000005f4  00000000  00000000  00001ab8  2**0
                  CONTENTS, READONLY, DEBUGGING
  7 .debug_abbrev 000005a2  00000000  00000000  000020ac  2**0
                  CONTENTS, READONLY, DEBUGGING
  8 .debug_line   0000001a  00000000  00000000  0000264e  2**0
                  CONTENTS, READONLY, DEBUGGING
  9 .debug_str    00000208  00000000  00000000  00002668  2**0
                  CONTENTS, READONLY, DEBUGGING

Disassembly of section .text:

00000000 <__vectors>:
   0:	0c 94 34 00 	jmp	0x68	; 0x68 <__ctors_end>
   4:	0c 94 3e 00 	jmp	0x7c	; 0x7c <__bad_interrupt>
   8:	0c 94 3e 00 	jmp	0x7c	; 0x7c <__bad_interrupt>
   c:	0c 94 3e 00 	jmp	0x7c	; 0x7c <__bad_interrupt>
  10:	0c 94 3e 00 	jmp	0x7c	; 0x7c <__bad_interrupt>
  14:	0c 94 3e 00 	jmp	0x7c	; 0x7c <__bad_interrupt>
  18:	0c 94 3e 00 	jmp	0x7c	; 0x7c <__bad_interrupt>
  1c:	0c 94 3e 00 	jmp	0x7c	; 0x7c <__bad_interrupt>
  20:	0c 94 3e 00 	jmp	0x7c	; 0x7c <__bad_interrupt>
  24:	0c 94 3e 00 	jmp	0x7c	; 0x7c <__bad_interrupt>
  28:	0c 94 3e 00 	jmp	0x7c	; 0x7c <__bad_interrupt>
  2c:	0c 94 3e 00 	jmp	0x7c	; 0x7c <__bad_interrupt>
  30:	0c 94 3e 00 	jmp	0x7c	; 0x7c <__bad_interrupt>
  34:	0c 94 3e 00 	jmp	0x7c	; 0x7c <__bad_interrupt>
  38:	0c 94 3e 00 	jmp	0x7c	; 0x7c <__bad_interrupt>
  3c:	0c 94 3e 00 	jmp	0x7c	; 0x7c <__bad_interrupt>
  40:	0c 94 3e 00 	jmp	0x7c	; 0x7c <__bad_interrupt>
  44:	0c 94 3e 00 	jmp	0x7c	; 0x7c <__bad_interrupt>
  48:	0c 94 3e 00 	jmp	0x7c	; 0x7c <__bad_interrupt>
  4c:	0c 94 3e 00 	jmp	0x7c	; 0x7c <__bad_interrupt>
  50:	0c 94 3e 00 	jmp	0x7c	; 0x7c <__bad_interrupt>
  54:	0c 94 3e 00 	jmp	0x7c	; 0x7c <__bad_interrupt>
  58:	0c 94 3e 00 	jmp	0x7c	; 0x7c <__bad_interrupt>
  5c:	0c 94 3e 00 	jmp	0x7c	; 0x7c <__bad_interrupt>
  60:	0c 94 3e 00 	jmp	0x7c	; 0x7c <__bad_interrupt>
  64:	0c 94 3e 00 	jmp	0x7c	; 0x7c <__bad_interrupt>

00000068 <__ctors_end>:
  68:	11 24       	eor	r1, r1
  6a:	1f be       	out	0x3f, r1	; 63
  6c:	cf ef       	ldi	r28, 0xFF	; 255
  6e:	d8 e0       	ldi	r29, 0x08	; 8
  70:	de bf       	out	0x3e, r29	; 62
  72:	cd bf       	out	0x3d, r28	; 61
  74:	0e 94 5a 00 	call	0xb4	; 0xb4 <main>
  78:	0c 94 12 01 	jmp	0x224	; 0x224 <_exit>

0000007c <__bad_interrupt>:
  7c:	0c 94 00 00 	jmp	0	; 0x0 <__vectors>

00000080 <dioda>:
#define LED5 PD5
#define LED6 PD6
#define LED7 PD7

void dioda(int led) {
	LED_PORT |= _BV(led);
  80:	4b b1       	in	r20, 0x0b	; 11
  82:	21 e0       	ldi	r18, 0x01	; 1
  84:	30 e0       	ldi	r19, 0x00	; 0
  86:	b9 01       	movw	r22, r18
  88:	02 c0       	rjmp	.+4      	; 0x8e <dioda+0xe>
  8a:	66 0f       	add	r22, r22
  8c:	77 1f       	adc	r23, r23
  8e:	8a 95       	dec	r24
  90:	e2 f7       	brpl	.-8      	; 0x8a <dioda+0xa>
  92:	cb 01       	movw	r24, r22
  94:	46 2b       	or	r20, r22
  96:	4b b9       	out	0x0b, r20	; 11
	#else
		//round up by default
		__ticks_dc = (uint32_t)(ceil(fabs(__tmp)));
	#endif

	__builtin_avr_delay_cycles(__ticks_dc);
  98:	7f ef       	ldi	r23, 0xFF	; 255
  9a:	21 ee       	ldi	r18, 0xE1	; 225
  9c:	34 e0       	ldi	r19, 0x04	; 4
  9e:	71 50       	subi	r23, 0x01	; 1
  a0:	20 40       	sbci	r18, 0x00	; 0
  a2:	30 40       	sbci	r19, 0x00	; 0
  a4:	e1 f7       	brne	.-8      	; 0x9e <dioda+0x1e>
  a6:	00 c0       	rjmp	.+0      	; 0xa8 <dioda+0x28>
  a8:	00 00       	nop
	_delay_ms(100);
	LED_PORT &= ~_BV(led);
  aa:	9b b1       	in	r25, 0x0b	; 11
  ac:	80 95       	com	r24
  ae:	89 23       	and	r24, r25
  b0:	8b b9       	out	0x0b, r24	; 11
  b2:	08 95       	ret

000000b4 <main>:
}

int main()
{
    UCSR0B &= ~_BV(RXEN0) & ~_BV(TXEN0);
  b4:	80 91 c1 00 	lds	r24, 0x00C1	; 0x8000c1 <__TEXT_REGION_LENGTH__+0x7f80c1>
  b8:	87 7e       	andi	r24, 0xE7	; 231
  ba:	80 93 c1 00 	sts	0x00C1, r24	; 0x8000c1 <__TEXT_REGION_LENGTH__+0x7f80c1>
    // ustaw wszystkie piny portu D na wyjcie
    LED_DDR = 0xFF;
  be:	8f ef       	ldi	r24, 0xFF	; 255
  c0:	8a b9       	out	0x0a, r24	; 10
#define LED5 PD5
#define LED6 PD6
#define LED7 PD7

void dioda(int led) {
	LED_PORT |= _BV(led);
  c2:	58 9a       	sbi	0x0b, 0	; 11
  c4:	2f ef       	ldi	r18, 0xFF	; 255
  c6:	81 ee       	ldi	r24, 0xE1	; 225
  c8:	94 e0       	ldi	r25, 0x04	; 4
  ca:	21 50       	subi	r18, 0x01	; 1
  cc:	80 40       	sbci	r24, 0x00	; 0
  ce:	90 40       	sbci	r25, 0x00	; 0
  d0:	e1 f7       	brne	.-8      	; 0xca <main+0x16>
  d2:	00 c0       	rjmp	.+0      	; 0xd4 <main+0x20>
  d4:	00 00       	nop
	_delay_ms(100);
	LED_PORT &= ~_BV(led);
  d6:	58 98       	cbi	0x0b, 0	; 11
#define LED5 PD5
#define LED6 PD6
#define LED7 PD7

void dioda(int led) {
	LED_PORT |= _BV(led);
  d8:	59 9a       	sbi	0x0b, 1	; 11
  da:	2f ef       	ldi	r18, 0xFF	; 255
  dc:	81 ee       	ldi	r24, 0xE1	; 225
  de:	94 e0       	ldi	r25, 0x04	; 4
  e0:	21 50       	subi	r18, 0x01	; 1
  e2:	80 40       	sbci	r24, 0x00	; 0
  e4:	90 40       	sbci	r25, 0x00	; 0
  e6:	e1 f7       	brne	.-8      	; 0xe0 <main+0x2c>
  e8:	00 c0       	rjmp	.+0      	; 0xea <main+0x36>
  ea:	00 00       	nop
	_delay_ms(100);
	LED_PORT &= ~_BV(led);
  ec:	59 98       	cbi	0x0b, 1	; 11
#define LED5 PD5
#define LED6 PD6
#define LED7 PD7

void dioda(int led) {
	LED_PORT |= _BV(led);
  ee:	5a 9a       	sbi	0x0b, 2	; 11
  f0:	2f ef       	ldi	r18, 0xFF	; 255
  f2:	81 ee       	ldi	r24, 0xE1	; 225
  f4:	94 e0       	ldi	r25, 0x04	; 4
  f6:	21 50       	subi	r18, 0x01	; 1
  f8:	80 40       	sbci	r24, 0x00	; 0
  fa:	90 40       	sbci	r25, 0x00	; 0
  fc:	e1 f7       	brne	.-8      	; 0xf6 <main+0x42>
  fe:	00 c0       	rjmp	.+0      	; 0x100 <main+0x4c>
 100:	00 00       	nop
	_delay_ms(100);
	LED_PORT &= ~_BV(led);
 102:	5a 98       	cbi	0x0b, 2	; 11
#define LED5 PD5
#define LED6 PD6
#define LED7 PD7

void dioda(int led) {
	LED_PORT |= _BV(led);
 104:	5b 9a       	sbi	0x0b, 3	; 11
 106:	2f ef       	ldi	r18, 0xFF	; 255
 108:	81 ee       	ldi	r24, 0xE1	; 225
 10a:	94 e0       	ldi	r25, 0x04	; 4
 10c:	21 50       	subi	r18, 0x01	; 1
 10e:	80 40       	sbci	r24, 0x00	; 0
 110:	90 40       	sbci	r25, 0x00	; 0
 112:	e1 f7       	brne	.-8      	; 0x10c <main+0x58>
 114:	00 c0       	rjmp	.+0      	; 0x116 <main+0x62>
 116:	00 00       	nop
	_delay_ms(100);
	LED_PORT &= ~_BV(led);
 118:	5b 98       	cbi	0x0b, 3	; 11
#define LED5 PD5
#define LED6 PD6
#define LED7 PD7

void dioda(int led) {
	LED_PORT |= _BV(led);
 11a:	5c 9a       	sbi	0x0b, 4	; 11
 11c:	2f ef       	ldi	r18, 0xFF	; 255
 11e:	81 ee       	ldi	r24, 0xE1	; 225
 120:	94 e0       	ldi	r25, 0x04	; 4
 122:	21 50       	subi	r18, 0x01	; 1
 124:	80 40       	sbci	r24, 0x00	; 0
 126:	90 40       	sbci	r25, 0x00	; 0
 128:	e1 f7       	brne	.-8      	; 0x122 <main+0x6e>
 12a:	00 c0       	rjmp	.+0      	; 0x12c <main+0x78>
 12c:	00 00       	nop
	_delay_ms(100);
	LED_PORT &= ~_BV(led);
 12e:	5c 98       	cbi	0x0b, 4	; 11
#define LED5 PD5
#define LED6 PD6
#define LED7 PD7

void dioda(int led) {
	LED_PORT |= _BV(led);
 130:	5d 9a       	sbi	0x0b, 5	; 11
 132:	2f ef       	ldi	r18, 0xFF	; 255
 134:	81 ee       	ldi	r24, 0xE1	; 225
 136:	94 e0       	ldi	r25, 0x04	; 4
 138:	21 50       	subi	r18, 0x01	; 1
 13a:	80 40       	sbci	r24, 0x00	; 0
 13c:	90 40       	sbci	r25, 0x00	; 0
 13e:	e1 f7       	brne	.-8      	; 0x138 <main+0x84>
 140:	00 c0       	rjmp	.+0      	; 0x142 <main+0x8e>
 142:	00 00       	nop
	_delay_ms(100);
	LED_PORT &= ~_BV(led);
 144:	5d 98       	cbi	0x0b, 5	; 11
#define LED5 PD5
#define LED6 PD6
#define LED7 PD7

void dioda(int led) {
	LED_PORT |= _BV(led);
 146:	5e 9a       	sbi	0x0b, 6	; 11
 148:	2f ef       	ldi	r18, 0xFF	; 255
 14a:	81 ee       	ldi	r24, 0xE1	; 225
 14c:	94 e0       	ldi	r25, 0x04	; 4
 14e:	21 50       	subi	r18, 0x01	; 1
 150:	80 40       	sbci	r24, 0x00	; 0
 152:	90 40       	sbci	r25, 0x00	; 0
 154:	e1 f7       	brne	.-8      	; 0x14e <main+0x9a>
 156:	00 c0       	rjmp	.+0      	; 0x158 <main+0xa4>
 158:	00 00       	nop
	_delay_ms(100);
	LED_PORT &= ~_BV(led);
 15a:	5e 98       	cbi	0x0b, 6	; 11
#define LED5 PD5
#define LED6 PD6
#define LED7 PD7

void dioda(int led) {
	LED_PORT |= _BV(led);
 15c:	5f 9a       	sbi	0x0b, 7	; 11
 15e:	2f ef       	ldi	r18, 0xFF	; 255
 160:	81 ee       	ldi	r24, 0xE1	; 225
 162:	94 e0       	ldi	r25, 0x04	; 4
 164:	21 50       	subi	r18, 0x01	; 1
 166:	80 40       	sbci	r24, 0x00	; 0
 168:	90 40       	sbci	r25, 0x00	; 0
 16a:	e1 f7       	brne	.-8      	; 0x164 <main+0xb0>
 16c:	00 c0       	rjmp	.+0      	; 0x16e <main+0xba>
 16e:	00 00       	nop
	_delay_ms(100);
	LED_PORT &= ~_BV(led);
 170:	5f 98       	cbi	0x0b, 7	; 11
#define LED5 PD5
#define LED6 PD6
#define LED7 PD7

void dioda(int led) {
	LED_PORT |= _BV(led);
 172:	5f 9a       	sbi	0x0b, 7	; 11
 174:	2f ef       	ldi	r18, 0xFF	; 255
 176:	81 ee       	ldi	r24, 0xE1	; 225
 178:	94 e0       	ldi	r25, 0x04	; 4
 17a:	21 50       	subi	r18, 0x01	; 1
 17c:	80 40       	sbci	r24, 0x00	; 0
 17e:	90 40       	sbci	r25, 0x00	; 0
 180:	e1 f7       	brne	.-8      	; 0x17a <main+0xc6>
 182:	00 c0       	rjmp	.+0      	; 0x184 <main+0xd0>
 184:	00 00       	nop
	_delay_ms(100);
	LED_PORT &= ~_BV(led);
 186:	5f 98       	cbi	0x0b, 7	; 11
#define LED5 PD5
#define LED6 PD6
#define LED7 PD7

void dioda(int led) {
	LED_PORT |= _BV(led);
 188:	5e 9a       	sbi	0x0b, 6	; 11
 18a:	2f ef       	ldi	r18, 0xFF	; 255
 18c:	81 ee       	ldi	r24, 0xE1	; 225
 18e:	94 e0       	ldi	r25, 0x04	; 4
 190:	21 50       	subi	r18, 0x01	; 1
 192:	80 40       	sbci	r24, 0x00	; 0
 194:	90 40       	sbci	r25, 0x00	; 0
 196:	e1 f7       	brne	.-8      	; 0x190 <main+0xdc>
 198:	00 c0       	rjmp	.+0      	; 0x19a <main+0xe6>
 19a:	00 00       	nop
	_delay_ms(100);
	LED_PORT &= ~_BV(led);
 19c:	5e 98       	cbi	0x0b, 6	; 11
#define LED5 PD5
#define LED6 PD6
#define LED7 PD7

void dioda(int led) {
	LED_PORT |= _BV(led);
 19e:	5d 9a       	sbi	0x0b, 5	; 11
 1a0:	2f ef       	ldi	r18, 0xFF	; 255
 1a2:	81 ee       	ldi	r24, 0xE1	; 225
 1a4:	94 e0       	ldi	r25, 0x04	; 4
 1a6:	21 50       	subi	r18, 0x01	; 1
 1a8:	80 40       	sbci	r24, 0x00	; 0
 1aa:	90 40       	sbci	r25, 0x00	; 0
 1ac:	e1 f7       	brne	.-8      	; 0x1a6 <main+0xf2>
 1ae:	00 c0       	rjmp	.+0      	; 0x1b0 <main+0xfc>
 1b0:	00 00       	nop
	_delay_ms(100);
	LED_PORT &= ~_BV(led);
 1b2:	5d 98       	cbi	0x0b, 5	; 11
#define LED5 PD5
#define LED6 PD6
#define LED7 PD7

void dioda(int led) {
	LED_PORT |= _BV(led);
 1b4:	5c 9a       	sbi	0x0b, 4	; 11
 1b6:	2f ef       	ldi	r18, 0xFF	; 255
 1b8:	81 ee       	ldi	r24, 0xE1	; 225
 1ba:	94 e0       	ldi	r25, 0x04	; 4
 1bc:	21 50       	subi	r18, 0x01	; 1
 1be:	80 40       	sbci	r24, 0x00	; 0
 1c0:	90 40       	sbci	r25, 0x00	; 0
 1c2:	e1 f7       	brne	.-8      	; 0x1bc <main+0x108>
 1c4:	00 c0       	rjmp	.+0      	; 0x1c6 <main+0x112>
 1c6:	00 00       	nop
	_delay_ms(100);
	LED_PORT &= ~_BV(led);
 1c8:	5c 98       	cbi	0x0b, 4	; 11
#define LED5 PD5
#define LED6 PD6
#define LED7 PD7

void dioda(int led) {
	LED_PORT |= _BV(led);
 1ca:	5b 9a       	sbi	0x0b, 3	; 11
 1cc:	2f ef       	ldi	r18, 0xFF	; 255
 1ce:	81 ee       	ldi	r24, 0xE1	; 225
 1d0:	94 e0       	ldi	r25, 0x04	; 4
 1d2:	21 50       	subi	r18, 0x01	; 1
 1d4:	80 40       	sbci	r24, 0x00	; 0
 1d6:	90 40       	sbci	r25, 0x00	; 0
 1d8:	e1 f7       	brne	.-8      	; 0x1d2 <main+0x11e>
 1da:	00 c0       	rjmp	.+0      	; 0x1dc <main+0x128>
 1dc:	00 00       	nop
	_delay_ms(100);
	LED_PORT &= ~_BV(led);
 1de:	5b 98       	cbi	0x0b, 3	; 11
#define LED5 PD5
#define LED6 PD6
#define LED7 PD7

void dioda(int led) {
	LED_PORT |= _BV(led);
 1e0:	5a 9a       	sbi	0x0b, 2	; 11
 1e2:	2f ef       	ldi	r18, 0xFF	; 255
 1e4:	81 ee       	ldi	r24, 0xE1	; 225
 1e6:	94 e0       	ldi	r25, 0x04	; 4
 1e8:	21 50       	subi	r18, 0x01	; 1
 1ea:	80 40       	sbci	r24, 0x00	; 0
 1ec:	90 40       	sbci	r25, 0x00	; 0
 1ee:	e1 f7       	brne	.-8      	; 0x1e8 <main+0x134>
 1f0:	00 c0       	rjmp	.+0      	; 0x1f2 <main+0x13e>
 1f2:	00 00       	nop
	_delay_ms(100);
	LED_PORT &= ~_BV(led);
 1f4:	5a 98       	cbi	0x0b, 2	; 11
#define LED5 PD5
#define LED6 PD6
#define LED7 PD7

void dioda(int led) {
	LED_PORT |= _BV(led);
 1f6:	59 9a       	sbi	0x0b, 1	; 11
 1f8:	2f ef       	ldi	r18, 0xFF	; 255
 1fa:	81 ee       	ldi	r24, 0xE1	; 225
 1fc:	94 e0       	ldi	r25, 0x04	; 4
 1fe:	21 50       	subi	r18, 0x01	; 1
 200:	80 40       	sbci	r24, 0x00	; 0
 202:	90 40       	sbci	r25, 0x00	; 0
 204:	e1 f7       	brne	.-8      	; 0x1fe <main+0x14a>
 206:	00 c0       	rjmp	.+0      	; 0x208 <main+0x154>
 208:	00 00       	nop
	_delay_ms(100);
	LED_PORT &= ~_BV(led);
 20a:	59 98       	cbi	0x0b, 1	; 11
#define LED5 PD5
#define LED6 PD6
#define LED7 PD7

void dioda(int led) {
	LED_PORT |= _BV(led);
 20c:	58 9a       	sbi	0x0b, 0	; 11
 20e:	2f ef       	ldi	r18, 0xFF	; 255
 210:	81 ee       	ldi	r24, 0xE1	; 225
 212:	94 e0       	ldi	r25, 0x04	; 4
 214:	21 50       	subi	r18, 0x01	; 1
 216:	80 40       	sbci	r24, 0x00	; 0
 218:	90 40       	sbci	r25, 0x00	; 0
 21a:	e1 f7       	brne	.-8      	; 0x214 <main+0x160>
 21c:	00 c0       	rjmp	.+0      	; 0x21e <main+0x16a>
 21e:	00 00       	nop
	_delay_ms(100);
	LED_PORT &= ~_BV(led);
 220:	58 98       	cbi	0x0b, 0	; 11
 222:	4f cf       	rjmp	.-354    	; 0xc2 <main+0xe>

00000224 <_exit>:
 224:	f8 94       	cli

00000226 <__stop_program>:
 226:	ff cf       	rjmp	.-2      	; 0x226 <__stop_program>
