
main.elf:     file format elf32-avr

Sections:
Idx Name          Size      VMA       LMA       File off  Algn
  0 .data         0000003e  00800100  00000ee0  00000f74  2**0
                  CONTENTS, ALLOC, LOAD, DATA
  1 .text         00000ee0  00000000  00000000  00000094  2**1
                  CONTENTS, ALLOC, LOAD, READONLY, CODE
  2 .bss          00000014  0080013e  0080013e  00000fb2  2**0
                  ALLOC
  3 .stab         00000930  00000000  00000000  00000fb4  2**2
                  CONTENTS, READONLY, DEBUGGING
  4 .stabstr      00000f35  00000000  00000000  000018e4  2**0
                  CONTENTS, READONLY, DEBUGGING
  5 .comment      00000011  00000000  00000000  00002819  2**0
                  CONTENTS, READONLY
  6 .note.gnu.avr.deviceinfo 00000040  00000000  00000000  0000282c  2**2
                  CONTENTS, READONLY
  7 .debug_info   000005f4  00000000  00000000  0000286c  2**0
                  CONTENTS, READONLY, DEBUGGING
  8 .debug_abbrev 000005a2  00000000  00000000  00002e60  2**0
                  CONTENTS, READONLY, DEBUGGING
  9 .debug_line   0000001a  00000000  00000000  00003402  2**0
                  CONTENTS, READONLY, DEBUGGING
 10 .debug_str    00000208  00000000  00000000  0000341c  2**0
                  CONTENTS, READONLY, DEBUGGING

Disassembly of section .text:

00000000 <__vectors>:
   0:	0c 94 3a 00 	jmp	0x74	; 0x74 <__ctors_end>
   4:	0c 94 57 00 	jmp	0xae	; 0xae <__bad_interrupt>
   8:	0c 94 57 00 	jmp	0xae	; 0xae <__bad_interrupt>
   c:	0c 94 57 00 	jmp	0xae	; 0xae <__bad_interrupt>
  10:	0c 94 57 00 	jmp	0xae	; 0xae <__bad_interrupt>
  14:	0c 94 57 00 	jmp	0xae	; 0xae <__bad_interrupt>
  18:	0c 94 57 00 	jmp	0xae	; 0xae <__bad_interrupt>
  1c:	0c 94 57 00 	jmp	0xae	; 0xae <__bad_interrupt>
  20:	0c 94 57 00 	jmp	0xae	; 0xae <__bad_interrupt>
  24:	0c 94 57 00 	jmp	0xae	; 0xae <__bad_interrupt>
  28:	0c 94 57 00 	jmp	0xae	; 0xae <__bad_interrupt>
  2c:	0c 94 57 00 	jmp	0xae	; 0xae <__bad_interrupt>
  30:	0c 94 57 00 	jmp	0xae	; 0xae <__bad_interrupt>
  34:	0c 94 57 00 	jmp	0xae	; 0xae <__bad_interrupt>
  38:	0c 94 57 00 	jmp	0xae	; 0xae <__bad_interrupt>
  3c:	0c 94 57 00 	jmp	0xae	; 0xae <__bad_interrupt>
  40:	0c 94 57 00 	jmp	0xae	; 0xae <__bad_interrupt>
  44:	0c 94 57 00 	jmp	0xae	; 0xae <__bad_interrupt>
  48:	0c 94 57 00 	jmp	0xae	; 0xae <__bad_interrupt>
  4c:	0c 94 57 00 	jmp	0xae	; 0xae <__bad_interrupt>
  50:	0c 94 57 00 	jmp	0xae	; 0xae <__bad_interrupt>
  54:	0c 94 57 00 	jmp	0xae	; 0xae <__bad_interrupt>
  58:	0c 94 57 00 	jmp	0xae	; 0xae <__bad_interrupt>
  5c:	0c 94 57 00 	jmp	0xae	; 0xae <__bad_interrupt>
  60:	0c 94 57 00 	jmp	0xae	; 0xae <__bad_interrupt>
  64:	0c 94 57 00 	jmp	0xae	; 0xae <__bad_interrupt>

00000068 <__trampolines_end>:
  68:	63 64       	ori	r22, 0x43	; 67
  6a:	69 6e       	ori	r22, 0xE9	; 233
  6c:	6f 70       	andi	r22, 0x0F	; 15
  6e:	73 75       	andi	r23, 0x53	; 83
  70:	78 58       	subi	r23, 0x88	; 136
  72:	5b 00       	.word	0x005b	; ????

00000074 <__ctors_end>:
  74:	11 24       	eor	r1, r1
  76:	1f be       	out	0x3f, r1	; 63
  78:	cf ef       	ldi	r28, 0xFF	; 255
  7a:	d8 e0       	ldi	r29, 0x08	; 8
  7c:	de bf       	out	0x3e, r29	; 62
  7e:	cd bf       	out	0x3d, r28	; 61

00000080 <__do_copy_data>:
  80:	11 e0       	ldi	r17, 0x01	; 1
  82:	a0 e0       	ldi	r26, 0x00	; 0
  84:	b1 e0       	ldi	r27, 0x01	; 1
  86:	e0 ee       	ldi	r30, 0xE0	; 224
  88:	fe e0       	ldi	r31, 0x0E	; 14
  8a:	02 c0       	rjmp	.+4      	; 0x90 <__do_copy_data+0x10>
  8c:	05 90       	lpm	r0, Z+
  8e:	0d 92       	st	X+, r0
  90:	ae 33       	cpi	r26, 0x3E	; 62
  92:	b1 07       	cpc	r27, r17
  94:	d9 f7       	brne	.-10     	; 0x8c <__do_copy_data+0xc>

00000096 <__do_clear_bss>:
  96:	21 e0       	ldi	r18, 0x01	; 1
  98:	ae e3       	ldi	r26, 0x3E	; 62
  9a:	b1 e0       	ldi	r27, 0x01	; 1
  9c:	01 c0       	rjmp	.+2      	; 0xa0 <.do_clear_bss_start>

0000009e <.do_clear_bss_loop>:
  9e:	1d 92       	st	X+, r1

000000a0 <.do_clear_bss_start>:
  a0:	a2 35       	cpi	r26, 0x52	; 82
  a2:	b2 07       	cpc	r27, r18
  a4:	e1 f7       	brne	.-8      	; 0x9e <.do_clear_bss_loop>
  a6:	0e 94 92 00 	call	0x124	; 0x124 <main>
  aa:	0c 94 6e 07 	jmp	0xedc	; 0xedc <_exit>

000000ae <__bad_interrupt>:
  ae:	0c 94 00 00 	jmp	0	; 0x0 <__vectors>

000000b2 <uart_transmit>:

// transmisja jednego znaku
int uart_transmit(char data, FILE *stream)
{
    // czekaj aż transmiter gotowy
    while(!(UCSR0A & _BV(UDRE0)));
  b2:	90 91 c0 00 	lds	r25, 0x00C0	; 0x8000c0 <__TEXT_REGION_LENGTH__+0x7f80c0>
  b6:	95 ff       	sbrs	r25, 5
  b8:	fc cf       	rjmp	.-8      	; 0xb2 <uart_transmit>
    UDR0 = data;
  ba:	80 93 c6 00 	sts	0x00C6, r24	; 0x8000c6 <__TEXT_REGION_LENGTH__+0x7f80c6>
    return 0;
}
  be:	80 e0       	ldi	r24, 0x00	; 0
  c0:	90 e0       	ldi	r25, 0x00	; 0
  c2:	08 95       	ret

000000c4 <uart_receive>:

// odczyt jednego znaku
int uart_receive(FILE *stream)
{
    // czekaj aż znak dostępny
    while (!(UCSR0A & _BV(RXC0)));
  c4:	80 91 c0 00 	lds	r24, 0x00C0	; 0x8000c0 <__TEXT_REGION_LENGTH__+0x7f80c0>
  c8:	87 ff       	sbrs	r24, 7
  ca:	fc cf       	rjmp	.-8      	; 0xc4 <uart_receive>
    return UDR0;
  cc:	80 91 c6 00 	lds	r24, 0x00C6	; 0x8000c6 <__TEXT_REGION_LENGTH__+0x7f80c6>
}
  d0:	90 e0       	ldi	r25, 0x00	; 0
  d2:	08 95       	ret

000000d4 <uart_init>:

// inicjalizacja UART
void uart_init()
{
    // ustaw baudrate
    UBRR0 = UBRR_VALUE;
  d4:	87 e6       	ldi	r24, 0x67	; 103
  d6:	90 e0       	ldi	r25, 0x00	; 0
  d8:	90 93 c5 00 	sts	0x00C5, r25	; 0x8000c5 <__TEXT_REGION_LENGTH__+0x7f80c5>
  dc:	80 93 c4 00 	sts	0x00C4, r24	; 0x8000c4 <__TEXT_REGION_LENGTH__+0x7f80c4>
    // wyczyść rejestr UCSR0A
    UCSR0A = 0;
  e0:	10 92 c0 00 	sts	0x00C0, r1	; 0x8000c0 <__TEXT_REGION_LENGTH__+0x7f80c0>
    // włącz odbiornik i nadajnik
    UCSR0B = _BV(RXEN0) | _BV(TXEN0);
  e4:	88 e1       	ldi	r24, 0x18	; 24
  e6:	80 93 c1 00 	sts	0x00C1, r24	; 0x8000c1 <__TEXT_REGION_LENGTH__+0x7f80c1>
    // ustaw format 8n1
    UCSR0C = _BV(UCSZ00) | _BV(UCSZ01);
  ea:	86 e0       	ldi	r24, 0x06	; 6
  ec:	80 93 c2 00 	sts	0x00C2, r24	; 0x8000c2 <__TEXT_REGION_LENGTH__+0x7f80c2>
  f0:	08 95       	ret

000000f2 <dioda>:
}

FILE uart_file;

void dioda(int8_t how_long) {
    LED_PORT |= _BV(LED);
  f2:	2d 9a       	sbi	0x05, 5	; 5
    while (how_long > 0){
  f4:	18 16       	cp	r1, r24
  f6:	5c f4       	brge	.+22     	; 0x10e <dioda+0x1c>
	#else
		//round up by default
		__ticks_dc = (uint32_t)(ceil(fabs(__tmp)));
	#endif

	__builtin_avr_delay_cycles(__ticks_dc);
  f8:	9f ef       	ldi	r25, 0xFF	; 255
  fa:	25 ea       	ldi	r18, 0xA5	; 165
  fc:	3e e0       	ldi	r19, 0x0E	; 14
  fe:	91 50       	subi	r25, 0x01	; 1
 100:	20 40       	sbci	r18, 0x00	; 0
 102:	30 40       	sbci	r19, 0x00	; 0
 104:	e1 f7       	brne	.-8      	; 0xfe <dioda+0xc>
 106:	00 c0       	rjmp	.+0      	; 0x108 <dioda+0x16>
 108:	00 00       	nop
 10a:	81 50       	subi	r24, 0x01	; 1
 10c:	a9 f7       	brne	.-22     	; 0xf8 <dioda+0x6>
	    _delay_ms(300);
	    how_long--;
    }
    LED_PORT &= ~_BV(LED);
 10e:	2d 98       	cbi	0x05, 5	; 5
 110:	2f ef       	ldi	r18, 0xFF	; 255
 112:	3d e3       	ldi	r19, 0x3D	; 61
 114:	89 e4       	ldi	r24, 0x49	; 73
 116:	21 50       	subi	r18, 0x01	; 1
 118:	30 40       	sbci	r19, 0x00	; 0
 11a:	80 40       	sbci	r24, 0x00	; 0
 11c:	e1 f7       	brne	.-8      	; 0x116 <dioda+0x24>
 11e:	00 c0       	rjmp	.+0      	; 0x120 <dioda+0x2e>
 120:	00 00       	nop
    _delay_ms(1500);
}
 122:	08 95       	ret

00000124 <main>:

int main()
{
 124:	cf 93       	push	r28
 126:	df 93       	push	r29
 128:	cd b7       	in	r28, 0x3d	; 61
 12a:	de b7       	in	r29, 0x3e	; 62
 12c:	c4 5a       	subi	r28, 0xA4	; 164
 12e:	d1 09       	sbc	r29, r1
 130:	0f b6       	in	r0, 0x3f	; 63
 132:	f8 94       	cli
 134:	de bf       	out	0x3e, r29	; 62
 136:	0f be       	out	0x3f, r0	; 63
 138:	cd bf       	out	0x3d, r28	; 61

// inicjalizacja UART
void uart_init()
{
    // ustaw baudrate
    UBRR0 = UBRR_VALUE;
 13a:	87 e6       	ldi	r24, 0x67	; 103
 13c:	90 e0       	ldi	r25, 0x00	; 0
 13e:	90 93 c5 00 	sts	0x00C5, r25	; 0x8000c5 <__TEXT_REGION_LENGTH__+0x7f80c5>
 142:	80 93 c4 00 	sts	0x00C4, r24	; 0x8000c4 <__TEXT_REGION_LENGTH__+0x7f80c4>
    // wyczyść rejestr UCSR0A
    UCSR0A = 0;
 146:	10 92 c0 00 	sts	0x00C0, r1	; 0x8000c0 <__TEXT_REGION_LENGTH__+0x7f80c0>
    // włącz odbiornik i nadajnik
    UCSR0B = _BV(RXEN0) | _BV(TXEN0);
 14a:	88 e1       	ldi	r24, 0x18	; 24
 14c:	80 93 c1 00 	sts	0x00C1, r24	; 0x8000c1 <__TEXT_REGION_LENGTH__+0x7f80c1>
    // ustaw format 8n1
    UCSR0C = _BV(UCSZ00) | _BV(UCSZ01);
 150:	86 e0       	ldi	r24, 0x06	; 6
 152:	80 93 c2 00 	sts	0x00C2, r24	; 0x8000c2 <__TEXT_REGION_LENGTH__+0x7f80c2>
int main()
{
    // zainicjalizuj UART
    uart_init();
    // skonfiguruj strumienie wejścia/wyjścia
    fdev_setup_stream(&uart_file, uart_transmit, uart_receive, _FDEV_SETUP_RW);
 156:	8e e3       	ldi	r24, 0x3E	; 62
 158:	91 e0       	ldi	r25, 0x01	; 1
 15a:	29 e5       	ldi	r18, 0x59	; 89
 15c:	30 e0       	ldi	r19, 0x00	; 0
 15e:	30 93 47 01 	sts	0x0147, r19	; 0x800147 <__data_end+0x9>
 162:	20 93 46 01 	sts	0x0146, r18	; 0x800146 <__data_end+0x8>
 166:	22 e6       	ldi	r18, 0x62	; 98
 168:	30 e0       	ldi	r19, 0x00	; 0
 16a:	30 93 49 01 	sts	0x0149, r19	; 0x800149 <__data_end+0xb>
 16e:	20 93 48 01 	sts	0x0148, r18	; 0x800148 <__data_end+0xa>
 172:	23 e0       	ldi	r18, 0x03	; 3
 174:	20 93 41 01 	sts	0x0141, r18	; 0x800141 <__data_end+0x3>
 178:	10 92 4b 01 	sts	0x014B, r1	; 0x80014b <__data_end+0xd>
 17c:	10 92 4a 01 	sts	0x014A, r1	; 0x80014a <__data_end+0xc>
    stdin = stdout = stderr = &uart_file;
 180:	90 93 51 01 	sts	0x0151, r25	; 0x800151 <__iob+0x5>
 184:	80 93 50 01 	sts	0x0150, r24	; 0x800150 <__iob+0x4>
 188:	90 93 4f 01 	sts	0x014F, r25	; 0x80014f <__iob+0x3>
 18c:	80 93 4e 01 	sts	0x014E, r24	; 0x80014e <__iob+0x2>
 190:	90 93 4d 01 	sts	0x014D, r25	; 0x80014d <__iob+0x1>
 194:	80 93 4c 01 	sts	0x014C, r24	; 0x80014c <__iob>
    // ustaw pin PB5 na wyjście
    LED_DDR |= _BV(LED);
 198:	25 9a       	sbi	0x04, 5	; 4

    // program testowy
    uint8_t morse[36] = {0b1010000, 0b10001110, 0b10001010, 0b1101100, 0b110000, 0b10011010,
 19a:	84 e2       	ldi	r24, 0x24	; 36
 19c:	e0 e0       	ldi	r30, 0x00	; 0
 19e:	f1 e0       	ldi	r31, 0x01	; 1
 1a0:	de 01       	movw	r26, r28
 1a2:	af 57       	subi	r26, 0x7F	; 127
 1a4:	bf 4f       	sbci	r27, 0xFF	; 255
 1a6:	01 90       	ld	r0, Z+
 1a8:	0d 92       	st	X+, r0
 1aa:	8a 95       	dec	r24
 1ac:	e1 f7       	brne	.-8      	; 0x1a6 <main+0x82>
 1ae:	9e 01       	movw	r18, r28
 1b0:	2f 5f       	subi	r18, 0xFF	; 255
 1b2:	3f 4f       	sbci	r19, 0xFF	; 255
 1b4:	79 01       	movw	r14, r18
    int8_t len_code = 0;
    int8_t code = 0;
    int8_t j = 4;
    char a[128];
    while(1) {
        scanf("%[^\r\n]%c", a);
 1b6:	34 e2       	ldi	r19, 0x24	; 36
 1b8:	a3 2e       	mov	r10, r19
 1ba:	31 e0       	ldi	r19, 0x01	; 1
 1bc:	b3 2e       	mov	r11, r19
        printf("Odczytano: %s\r\n", a);
 1be:	4d e2       	ldi	r20, 0x2D	; 45
 1c0:	c4 2e       	mov	r12, r20
 1c2:	41 e0       	ldi	r20, 0x01	; 1
 1c4:	d4 2e       	mov	r13, r20
 1c6:	03 e0       	ldi	r16, 0x03	; 3
 1c8:	10 e0       	ldi	r17, 0x00	; 0
    int8_t len_code = 0;
    int8_t code = 0;
    int8_t j = 4;
    char a[128];
    while(1) {
        scanf("%[^\r\n]%c", a);
 1ca:	ff 92       	push	r15
 1cc:	ef 92       	push	r14
 1ce:	bf 92       	push	r11
 1d0:	af 92       	push	r10
 1d2:	0e 94 75 01 	call	0x2ea	; 0x2ea <scanf>
        printf("Odczytano: %s\r\n", a);
 1d6:	ff 92       	push	r15
 1d8:	ef 92       	push	r14
 1da:	df 92       	push	r13
 1dc:	cf 92       	push	r12
 1de:	0e 94 5f 01 	call	0x2be	; 0x2be <printf>
        for (int i = 0; a[i] != '\0'; i++) {
 1e2:	89 81       	ldd	r24, Y+1	; 0x01
 1e4:	0f b6       	in	r0, 0x3f	; 63
 1e6:	f8 94       	cli
 1e8:	de bf       	out	0x3e, r29	; 62
 1ea:	0f be       	out	0x3f, r0	; 63
 1ec:	cd bf       	out	0x3d, r28	; 61
 1ee:	88 23       	and	r24, r24
 1f0:	61 f3       	breq	.-40     	; 0x1ca <main+0xa6>
 1f2:	fe 01       	movw	r30, r28
 1f4:	32 96       	adiw	r30, 0x02	; 2
            len_code = (a[i] <= '9') ? morse[a[i] - '0' + 26] : morse[a[i] - 'A'];
 1f6:	a1 e8       	ldi	r26, 0x81	; 129
 1f8:	b0 e0       	ldi	r27, 0x00	; 0
 1fa:	ac 0f       	add	r26, r28
 1fc:	bd 1f       	adc	r27, r29
 1fe:	a8 0f       	add	r26, r24
 200:	b1 1d       	adc	r27, r1
 202:	87 fd       	sbrc	r24, 7
 204:	ba 95       	dec	r27
 206:	8a 33       	cpi	r24, 0x3A	; 58
 208:	0c f0       	brlt	.+2      	; 0x20c <main+0xe8>
 20a:	55 c0       	rjmp	.+170    	; 0x2b6 <main+0x192>
 20c:	56 97       	sbiw	r26, 0x16	; 22
 20e:	4c 91       	ld	r20, X
            len = (len_code & 0b11100000) >> 5;
 210:	84 2f       	mov	r24, r20
 212:	04 2e       	mov	r0, r20
 214:	00 0c       	add	r0, r0
 216:	99 0b       	sbc	r25, r25
 218:	80 7e       	andi	r24, 0xE0	; 224
 21a:	99 27       	eor	r25, r25
 21c:	95 95       	asr	r25
 21e:	87 95       	ror	r24
 220:	95 95       	asr	r25
 222:	87 95       	ror	r24
 224:	95 95       	asr	r25
 226:	87 95       	ror	r24
 228:	95 95       	asr	r25
 22a:	87 95       	ror	r24
 22c:	95 95       	asr	r25
 22e:	87 95       	ror	r24
            code = len_code & 0b00011111;
 230:	4f 71       	andi	r20, 0x1F	; 31
            j = 4;
            while (len > 0) {
 232:	00 97       	sbiw	r24, 0x00	; 0
 234:	e1 f1       	breq	.+120    	; 0x2ae <main+0x18a>
 236:	04 2e       	mov	r0, r20
 238:	00 0c       	add	r0, r0
 23a:	55 0b       	sbc	r21, r21
 23c:	81 50       	subi	r24, 0x01	; 1
 23e:	b8 01       	movw	r22, r16
 240:	68 1b       	sub	r22, r24
 242:	71 09       	sbc	r23, r1
 244:	84 e0       	ldi	r24, 0x04	; 4
 246:	90 e0       	ldi	r25, 0x00	; 0
                if (((code >> j)&1) == 1) {
 248:	9a 01       	movw	r18, r20
 24a:	08 2e       	mov	r0, r24
 24c:	02 c0       	rjmp	.+4      	; 0x252 <main+0x12e>
 24e:	35 95       	asr	r19
 250:	27 95       	ror	r18
 252:	0a 94       	dec	r0
 254:	e2 f7       	brpl	.-8      	; 0x24e <main+0x12a>
}

FILE uart_file;

void dioda(int8_t how_long) {
    LED_PORT |= _BV(LED);
 256:	2d 9a       	sbi	0x05, 5	; 5
            len_code = (a[i] <= '9') ? morse[a[i] - '0' + 26] : morse[a[i] - 'A'];
            len = (len_code & 0b11100000) >> 5;
            code = len_code & 0b00011111;
            j = 4;
            while (len > 0) {
                if (((code >> j)&1) == 1) {
 258:	20 fd       	sbrc	r18, 0
 25a:	12 c0       	rjmp	.+36     	; 0x280 <main+0x15c>
 25c:	3f ef       	ldi	r19, 0xFF	; 255
 25e:	a5 ea       	ldi	r26, 0xA5	; 165
 260:	2e e0       	ldi	r18, 0x0E	; 14
 262:	31 50       	subi	r19, 0x01	; 1
 264:	a0 40       	sbci	r26, 0x00	; 0
 266:	20 40       	sbci	r18, 0x00	; 0
 268:	e1 f7       	brne	.-8      	; 0x262 <main+0x13e>
 26a:	00 c0       	rjmp	.+0      	; 0x26c <main+0x148>
 26c:	00 00       	nop
 26e:	3f ef       	ldi	r19, 0xFF	; 255
 270:	a5 ea       	ldi	r26, 0xA5	; 165
 272:	2e e0       	ldi	r18, 0x0E	; 14
 274:	31 50       	subi	r19, 0x01	; 1
 276:	a0 40       	sbci	r26, 0x00	; 0
 278:	20 40       	sbci	r18, 0x00	; 0
 27a:	e1 f7       	brne	.-8      	; 0x274 <main+0x150>
 27c:	00 c0       	rjmp	.+0      	; 0x27e <main+0x15a>
 27e:	00 00       	nop
 280:	3f ef       	ldi	r19, 0xFF	; 255
 282:	a5 ea       	ldi	r26, 0xA5	; 165
 284:	2e e0       	ldi	r18, 0x0E	; 14
 286:	31 50       	subi	r19, 0x01	; 1
 288:	a0 40       	sbci	r26, 0x00	; 0
 28a:	20 40       	sbci	r18, 0x00	; 0
 28c:	e1 f7       	brne	.-8      	; 0x286 <main+0x162>
 28e:	00 c0       	rjmp	.+0      	; 0x290 <main+0x16c>
 290:	00 00       	nop
    LED_PORT |= _BV(LED);
    while (how_long > 0){
	    _delay_ms(300);
	    how_long--;
    }
    LED_PORT &= ~_BV(LED);
 292:	2d 98       	cbi	0x05, 5	; 5
 294:	3f ef       	ldi	r19, 0xFF	; 255
 296:	ad e3       	ldi	r26, 0x3D	; 61
 298:	29 e4       	ldi	r18, 0x49	; 73
 29a:	31 50       	subi	r19, 0x01	; 1
 29c:	a0 40       	sbci	r26, 0x00	; 0
 29e:	20 40       	sbci	r18, 0x00	; 0
 2a0:	e1 f7       	brne	.-8      	; 0x29a <main+0x176>
 2a2:	00 c0       	rjmp	.+0      	; 0x2a4 <main+0x180>
 2a4:	00 00       	nop
 2a6:	01 97       	sbiw	r24, 0x01	; 1
        for (int i = 0; a[i] != '\0'; i++) {
            len_code = (a[i] <= '9') ? morse[a[i] - '0' + 26] : morse[a[i] - 'A'];
            len = (len_code & 0b11100000) >> 5;
            code = len_code & 0b00011111;
            j = 4;
            while (len > 0) {
 2a8:	86 17       	cp	r24, r22
 2aa:	97 07       	cpc	r25, r23
 2ac:	69 f6       	brne	.-102    	; 0x248 <main+0x124>
    int8_t j = 4;
    char a[128];
    while(1) {
        scanf("%[^\r\n]%c", a);
        printf("Odczytano: %s\r\n", a);
        for (int i = 0; a[i] != '\0'; i++) {
 2ae:	81 91       	ld	r24, Z+
 2b0:	81 11       	cpse	r24, r1
 2b2:	a1 cf       	rjmp	.-190    	; 0x1f6 <main+0xd2>
 2b4:	8a cf       	rjmp	.-236    	; 0x1ca <main+0xa6>
            len_code = (a[i] <= '9') ? morse[a[i] - '0' + 26] : morse[a[i] - 'A'];
 2b6:	a1 54       	subi	r26, 0x41	; 65
 2b8:	b1 09       	sbc	r27, r1
 2ba:	4c 91       	ld	r20, X
 2bc:	a9 cf       	rjmp	.-174    	; 0x210 <main+0xec>

000002be <printf>:
 2be:	a0 e0       	ldi	r26, 0x00	; 0
 2c0:	b0 e0       	ldi	r27, 0x00	; 0
 2c2:	e5 e6       	ldi	r30, 0x65	; 101
 2c4:	f1 e0       	ldi	r31, 0x01	; 1
 2c6:	0c 94 47 07 	jmp	0xe8e	; 0xe8e <__prologue_saves__+0x20>
 2ca:	ae 01       	movw	r20, r28
 2cc:	4b 5f       	subi	r20, 0xFB	; 251
 2ce:	5f 4f       	sbci	r21, 0xFF	; 255
 2d0:	fa 01       	movw	r30, r20
 2d2:	61 91       	ld	r22, Z+
 2d4:	71 91       	ld	r23, Z+
 2d6:	af 01       	movw	r20, r30
 2d8:	80 91 4e 01 	lds	r24, 0x014E	; 0x80014e <__iob+0x2>
 2dc:	90 91 4f 01 	lds	r25, 0x014F	; 0x80014f <__iob+0x3>
 2e0:	0e 94 8b 01 	call	0x316	; 0x316 <vfprintf>
 2e4:	e2 e0       	ldi	r30, 0x02	; 2
 2e6:	0c 94 63 07 	jmp	0xec6	; 0xec6 <__epilogue_restores__+0x20>

000002ea <scanf>:
 2ea:	a0 e0       	ldi	r26, 0x00	; 0
 2ec:	b0 e0       	ldi	r27, 0x00	; 0
 2ee:	eb e7       	ldi	r30, 0x7B	; 123
 2f0:	f1 e0       	ldi	r31, 0x01	; 1
 2f2:	0c 94 47 07 	jmp	0xe8e	; 0xe8e <__prologue_saves__+0x20>
 2f6:	ae 01       	movw	r20, r28
 2f8:	4b 5f       	subi	r20, 0xFB	; 251
 2fa:	5f 4f       	sbci	r21, 0xFF	; 255
 2fc:	fa 01       	movw	r30, r20
 2fe:	61 91       	ld	r22, Z+
 300:	71 91       	ld	r23, Z+
 302:	af 01       	movw	r20, r30
 304:	80 91 4c 01 	lds	r24, 0x014C	; 0x80014c <__iob>
 308:	90 91 4d 01 	lds	r25, 0x014D	; 0x80014d <__iob+0x1>
 30c:	0e 94 08 05 	call	0xa10	; 0xa10 <vfscanf>
 310:	e2 e0       	ldi	r30, 0x02	; 2
 312:	0c 94 63 07 	jmp	0xec6	; 0xec6 <__epilogue_restores__+0x20>

00000316 <vfprintf>:
 316:	ab e0       	ldi	r26, 0x0B	; 11
 318:	b0 e0       	ldi	r27, 0x00	; 0
 31a:	e1 e9       	ldi	r30, 0x91	; 145
 31c:	f1 e0       	ldi	r31, 0x01	; 1
 31e:	0c 94 37 07 	jmp	0xe6e	; 0xe6e <__prologue_saves__>
 322:	6c 01       	movw	r12, r24
 324:	7b 01       	movw	r14, r22
 326:	8a 01       	movw	r16, r20
 328:	fc 01       	movw	r30, r24
 32a:	17 82       	std	Z+7, r1	; 0x07
 32c:	16 82       	std	Z+6, r1	; 0x06
 32e:	83 81       	ldd	r24, Z+3	; 0x03
 330:	81 ff       	sbrs	r24, 1
 332:	cc c1       	rjmp	.+920    	; 0x6cc <__EEPROM_REGION_LENGTH__+0x2cc>
 334:	ce 01       	movw	r24, r28
 336:	01 96       	adiw	r24, 0x01	; 1
 338:	3c 01       	movw	r6, r24
 33a:	f6 01       	movw	r30, r12
 33c:	93 81       	ldd	r25, Z+3	; 0x03
 33e:	f7 01       	movw	r30, r14
 340:	93 fd       	sbrc	r25, 3
 342:	85 91       	lpm	r24, Z+
 344:	93 ff       	sbrs	r25, 3
 346:	81 91       	ld	r24, Z+
 348:	7f 01       	movw	r14, r30
 34a:	88 23       	and	r24, r24
 34c:	09 f4       	brne	.+2      	; 0x350 <vfprintf+0x3a>
 34e:	ba c1       	rjmp	.+884    	; 0x6c4 <__EEPROM_REGION_LENGTH__+0x2c4>
 350:	85 32       	cpi	r24, 0x25	; 37
 352:	39 f4       	brne	.+14     	; 0x362 <vfprintf+0x4c>
 354:	93 fd       	sbrc	r25, 3
 356:	85 91       	lpm	r24, Z+
 358:	93 ff       	sbrs	r25, 3
 35a:	81 91       	ld	r24, Z+
 35c:	7f 01       	movw	r14, r30
 35e:	85 32       	cpi	r24, 0x25	; 37
 360:	29 f4       	brne	.+10     	; 0x36c <vfprintf+0x56>
 362:	b6 01       	movw	r22, r12
 364:	90 e0       	ldi	r25, 0x00	; 0
 366:	0e 94 81 06 	call	0xd02	; 0xd02 <fputc>
 36a:	e7 cf       	rjmp	.-50     	; 0x33a <vfprintf+0x24>
 36c:	91 2c       	mov	r9, r1
 36e:	21 2c       	mov	r2, r1
 370:	31 2c       	mov	r3, r1
 372:	ff e1       	ldi	r31, 0x1F	; 31
 374:	f3 15       	cp	r31, r3
 376:	d8 f0       	brcs	.+54     	; 0x3ae <vfprintf+0x98>
 378:	8b 32       	cpi	r24, 0x2B	; 43
 37a:	79 f0       	breq	.+30     	; 0x39a <vfprintf+0x84>
 37c:	38 f4       	brcc	.+14     	; 0x38c <vfprintf+0x76>
 37e:	80 32       	cpi	r24, 0x20	; 32
 380:	79 f0       	breq	.+30     	; 0x3a0 <vfprintf+0x8a>
 382:	83 32       	cpi	r24, 0x23	; 35
 384:	a1 f4       	brne	.+40     	; 0x3ae <vfprintf+0x98>
 386:	23 2d       	mov	r18, r3
 388:	20 61       	ori	r18, 0x10	; 16
 38a:	1d c0       	rjmp	.+58     	; 0x3c6 <vfprintf+0xb0>
 38c:	8d 32       	cpi	r24, 0x2D	; 45
 38e:	61 f0       	breq	.+24     	; 0x3a8 <vfprintf+0x92>
 390:	80 33       	cpi	r24, 0x30	; 48
 392:	69 f4       	brne	.+26     	; 0x3ae <vfprintf+0x98>
 394:	23 2d       	mov	r18, r3
 396:	21 60       	ori	r18, 0x01	; 1
 398:	16 c0       	rjmp	.+44     	; 0x3c6 <vfprintf+0xb0>
 39a:	83 2d       	mov	r24, r3
 39c:	82 60       	ori	r24, 0x02	; 2
 39e:	38 2e       	mov	r3, r24
 3a0:	e3 2d       	mov	r30, r3
 3a2:	e4 60       	ori	r30, 0x04	; 4
 3a4:	3e 2e       	mov	r3, r30
 3a6:	2a c0       	rjmp	.+84     	; 0x3fc <vfprintf+0xe6>
 3a8:	f3 2d       	mov	r31, r3
 3aa:	f8 60       	ori	r31, 0x08	; 8
 3ac:	1d c0       	rjmp	.+58     	; 0x3e8 <vfprintf+0xd2>
 3ae:	37 fc       	sbrc	r3, 7
 3b0:	2d c0       	rjmp	.+90     	; 0x40c <__EEPROM_REGION_LENGTH__+0xc>
 3b2:	20 ed       	ldi	r18, 0xD0	; 208
 3b4:	28 0f       	add	r18, r24
 3b6:	2a 30       	cpi	r18, 0x0A	; 10
 3b8:	40 f0       	brcs	.+16     	; 0x3ca <vfprintf+0xb4>
 3ba:	8e 32       	cpi	r24, 0x2E	; 46
 3bc:	b9 f4       	brne	.+46     	; 0x3ec <vfprintf+0xd6>
 3be:	36 fc       	sbrc	r3, 6
 3c0:	81 c1       	rjmp	.+770    	; 0x6c4 <__EEPROM_REGION_LENGTH__+0x2c4>
 3c2:	23 2d       	mov	r18, r3
 3c4:	20 64       	ori	r18, 0x40	; 64
 3c6:	32 2e       	mov	r3, r18
 3c8:	19 c0       	rjmp	.+50     	; 0x3fc <vfprintf+0xe6>
 3ca:	36 fe       	sbrs	r3, 6
 3cc:	06 c0       	rjmp	.+12     	; 0x3da <vfprintf+0xc4>
 3ce:	8a e0       	ldi	r24, 0x0A	; 10
 3d0:	98 9e       	mul	r9, r24
 3d2:	20 0d       	add	r18, r0
 3d4:	11 24       	eor	r1, r1
 3d6:	92 2e       	mov	r9, r18
 3d8:	11 c0       	rjmp	.+34     	; 0x3fc <vfprintf+0xe6>
 3da:	ea e0       	ldi	r30, 0x0A	; 10
 3dc:	2e 9e       	mul	r2, r30
 3de:	20 0d       	add	r18, r0
 3e0:	11 24       	eor	r1, r1
 3e2:	22 2e       	mov	r2, r18
 3e4:	f3 2d       	mov	r31, r3
 3e6:	f0 62       	ori	r31, 0x20	; 32
 3e8:	3f 2e       	mov	r3, r31
 3ea:	08 c0       	rjmp	.+16     	; 0x3fc <vfprintf+0xe6>
 3ec:	8c 36       	cpi	r24, 0x6C	; 108
 3ee:	21 f4       	brne	.+8      	; 0x3f8 <vfprintf+0xe2>
 3f0:	83 2d       	mov	r24, r3
 3f2:	80 68       	ori	r24, 0x80	; 128
 3f4:	38 2e       	mov	r3, r24
 3f6:	02 c0       	rjmp	.+4      	; 0x3fc <vfprintf+0xe6>
 3f8:	88 36       	cpi	r24, 0x68	; 104
 3fa:	41 f4       	brne	.+16     	; 0x40c <__EEPROM_REGION_LENGTH__+0xc>
 3fc:	f7 01       	movw	r30, r14
 3fe:	93 fd       	sbrc	r25, 3
 400:	85 91       	lpm	r24, Z+
 402:	93 ff       	sbrs	r25, 3
 404:	81 91       	ld	r24, Z+
 406:	7f 01       	movw	r14, r30
 408:	81 11       	cpse	r24, r1
 40a:	b3 cf       	rjmp	.-154    	; 0x372 <vfprintf+0x5c>
 40c:	98 2f       	mov	r25, r24
 40e:	9f 7d       	andi	r25, 0xDF	; 223
 410:	95 54       	subi	r25, 0x45	; 69
 412:	93 30       	cpi	r25, 0x03	; 3
 414:	28 f4       	brcc	.+10     	; 0x420 <__EEPROM_REGION_LENGTH__+0x20>
 416:	0c 5f       	subi	r16, 0xFC	; 252
 418:	1f 4f       	sbci	r17, 0xFF	; 255
 41a:	9f e3       	ldi	r25, 0x3F	; 63
 41c:	99 83       	std	Y+1, r25	; 0x01
 41e:	0d c0       	rjmp	.+26     	; 0x43a <__EEPROM_REGION_LENGTH__+0x3a>
 420:	83 36       	cpi	r24, 0x63	; 99
 422:	31 f0       	breq	.+12     	; 0x430 <__EEPROM_REGION_LENGTH__+0x30>
 424:	83 37       	cpi	r24, 0x73	; 115
 426:	71 f0       	breq	.+28     	; 0x444 <__EEPROM_REGION_LENGTH__+0x44>
 428:	83 35       	cpi	r24, 0x53	; 83
 42a:	09 f0       	breq	.+2      	; 0x42e <__EEPROM_REGION_LENGTH__+0x2e>
 42c:	59 c0       	rjmp	.+178    	; 0x4e0 <__EEPROM_REGION_LENGTH__+0xe0>
 42e:	21 c0       	rjmp	.+66     	; 0x472 <__EEPROM_REGION_LENGTH__+0x72>
 430:	f8 01       	movw	r30, r16
 432:	80 81       	ld	r24, Z
 434:	89 83       	std	Y+1, r24	; 0x01
 436:	0e 5f       	subi	r16, 0xFE	; 254
 438:	1f 4f       	sbci	r17, 0xFF	; 255
 43a:	88 24       	eor	r8, r8
 43c:	83 94       	inc	r8
 43e:	91 2c       	mov	r9, r1
 440:	53 01       	movw	r10, r6
 442:	13 c0       	rjmp	.+38     	; 0x46a <__EEPROM_REGION_LENGTH__+0x6a>
 444:	28 01       	movw	r4, r16
 446:	f2 e0       	ldi	r31, 0x02	; 2
 448:	4f 0e       	add	r4, r31
 44a:	51 1c       	adc	r5, r1
 44c:	f8 01       	movw	r30, r16
 44e:	a0 80       	ld	r10, Z
 450:	b1 80       	ldd	r11, Z+1	; 0x01
 452:	36 fe       	sbrs	r3, 6
 454:	03 c0       	rjmp	.+6      	; 0x45c <__EEPROM_REGION_LENGTH__+0x5c>
 456:	69 2d       	mov	r22, r9
 458:	70 e0       	ldi	r23, 0x00	; 0
 45a:	02 c0       	rjmp	.+4      	; 0x460 <__EEPROM_REGION_LENGTH__+0x60>
 45c:	6f ef       	ldi	r22, 0xFF	; 255
 45e:	7f ef       	ldi	r23, 0xFF	; 255
 460:	c5 01       	movw	r24, r10
 462:	0e 94 38 06 	call	0xc70	; 0xc70 <strnlen>
 466:	4c 01       	movw	r8, r24
 468:	82 01       	movw	r16, r4
 46a:	f3 2d       	mov	r31, r3
 46c:	ff 77       	andi	r31, 0x7F	; 127
 46e:	3f 2e       	mov	r3, r31
 470:	16 c0       	rjmp	.+44     	; 0x49e <__EEPROM_REGION_LENGTH__+0x9e>
 472:	28 01       	movw	r4, r16
 474:	22 e0       	ldi	r18, 0x02	; 2
 476:	42 0e       	add	r4, r18
 478:	51 1c       	adc	r5, r1
 47a:	f8 01       	movw	r30, r16
 47c:	a0 80       	ld	r10, Z
 47e:	b1 80       	ldd	r11, Z+1	; 0x01
 480:	36 fe       	sbrs	r3, 6
 482:	03 c0       	rjmp	.+6      	; 0x48a <__EEPROM_REGION_LENGTH__+0x8a>
 484:	69 2d       	mov	r22, r9
 486:	70 e0       	ldi	r23, 0x00	; 0
 488:	02 c0       	rjmp	.+4      	; 0x48e <__EEPROM_REGION_LENGTH__+0x8e>
 48a:	6f ef       	ldi	r22, 0xFF	; 255
 48c:	7f ef       	ldi	r23, 0xFF	; 255
 48e:	c5 01       	movw	r24, r10
 490:	0e 94 2d 06 	call	0xc5a	; 0xc5a <strnlen_P>
 494:	4c 01       	movw	r8, r24
 496:	f3 2d       	mov	r31, r3
 498:	f0 68       	ori	r31, 0x80	; 128
 49a:	3f 2e       	mov	r3, r31
 49c:	82 01       	movw	r16, r4
 49e:	33 fc       	sbrc	r3, 3
 4a0:	1b c0       	rjmp	.+54     	; 0x4d8 <__EEPROM_REGION_LENGTH__+0xd8>
 4a2:	82 2d       	mov	r24, r2
 4a4:	90 e0       	ldi	r25, 0x00	; 0
 4a6:	88 16       	cp	r8, r24
 4a8:	99 06       	cpc	r9, r25
 4aa:	b0 f4       	brcc	.+44     	; 0x4d8 <__EEPROM_REGION_LENGTH__+0xd8>
 4ac:	b6 01       	movw	r22, r12
 4ae:	80 e2       	ldi	r24, 0x20	; 32
 4b0:	90 e0       	ldi	r25, 0x00	; 0
 4b2:	0e 94 81 06 	call	0xd02	; 0xd02 <fputc>
 4b6:	2a 94       	dec	r2
 4b8:	f4 cf       	rjmp	.-24     	; 0x4a2 <__EEPROM_REGION_LENGTH__+0xa2>
 4ba:	f5 01       	movw	r30, r10
 4bc:	37 fc       	sbrc	r3, 7
 4be:	85 91       	lpm	r24, Z+
 4c0:	37 fe       	sbrs	r3, 7
 4c2:	81 91       	ld	r24, Z+
 4c4:	5f 01       	movw	r10, r30
 4c6:	b6 01       	movw	r22, r12
 4c8:	90 e0       	ldi	r25, 0x00	; 0
 4ca:	0e 94 81 06 	call	0xd02	; 0xd02 <fputc>
 4ce:	21 10       	cpse	r2, r1
 4d0:	2a 94       	dec	r2
 4d2:	21 e0       	ldi	r18, 0x01	; 1
 4d4:	82 1a       	sub	r8, r18
 4d6:	91 08       	sbc	r9, r1
 4d8:	81 14       	cp	r8, r1
 4da:	91 04       	cpc	r9, r1
 4dc:	71 f7       	brne	.-36     	; 0x4ba <__EEPROM_REGION_LENGTH__+0xba>
 4de:	e8 c0       	rjmp	.+464    	; 0x6b0 <__EEPROM_REGION_LENGTH__+0x2b0>
 4e0:	84 36       	cpi	r24, 0x64	; 100
 4e2:	11 f0       	breq	.+4      	; 0x4e8 <__EEPROM_REGION_LENGTH__+0xe8>
 4e4:	89 36       	cpi	r24, 0x69	; 105
 4e6:	41 f5       	brne	.+80     	; 0x538 <__EEPROM_REGION_LENGTH__+0x138>
 4e8:	f8 01       	movw	r30, r16
 4ea:	37 fe       	sbrs	r3, 7
 4ec:	07 c0       	rjmp	.+14     	; 0x4fc <__EEPROM_REGION_LENGTH__+0xfc>
 4ee:	60 81       	ld	r22, Z
 4f0:	71 81       	ldd	r23, Z+1	; 0x01
 4f2:	82 81       	ldd	r24, Z+2	; 0x02
 4f4:	93 81       	ldd	r25, Z+3	; 0x03
 4f6:	0c 5f       	subi	r16, 0xFC	; 252
 4f8:	1f 4f       	sbci	r17, 0xFF	; 255
 4fa:	08 c0       	rjmp	.+16     	; 0x50c <__EEPROM_REGION_LENGTH__+0x10c>
 4fc:	60 81       	ld	r22, Z
 4fe:	71 81       	ldd	r23, Z+1	; 0x01
 500:	07 2e       	mov	r0, r23
 502:	00 0c       	add	r0, r0
 504:	88 0b       	sbc	r24, r24
 506:	99 0b       	sbc	r25, r25
 508:	0e 5f       	subi	r16, 0xFE	; 254
 50a:	1f 4f       	sbci	r17, 0xFF	; 255
 50c:	f3 2d       	mov	r31, r3
 50e:	ff 76       	andi	r31, 0x6F	; 111
 510:	3f 2e       	mov	r3, r31
 512:	97 ff       	sbrs	r25, 7
 514:	09 c0       	rjmp	.+18     	; 0x528 <__EEPROM_REGION_LENGTH__+0x128>
 516:	90 95       	com	r25
 518:	80 95       	com	r24
 51a:	70 95       	com	r23
 51c:	61 95       	neg	r22
 51e:	7f 4f       	sbci	r23, 0xFF	; 255
 520:	8f 4f       	sbci	r24, 0xFF	; 255
 522:	9f 4f       	sbci	r25, 0xFF	; 255
 524:	f0 68       	ori	r31, 0x80	; 128
 526:	3f 2e       	mov	r3, r31
 528:	2a e0       	ldi	r18, 0x0A	; 10
 52a:	30 e0       	ldi	r19, 0x00	; 0
 52c:	a3 01       	movw	r20, r6
 52e:	0e 94 d6 06 	call	0xdac	; 0xdac <__ultoa_invert>
 532:	88 2e       	mov	r8, r24
 534:	86 18       	sub	r8, r6
 536:	45 c0       	rjmp	.+138    	; 0x5c2 <__EEPROM_REGION_LENGTH__+0x1c2>
 538:	85 37       	cpi	r24, 0x75	; 117
 53a:	31 f4       	brne	.+12     	; 0x548 <__EEPROM_REGION_LENGTH__+0x148>
 53c:	23 2d       	mov	r18, r3
 53e:	2f 7e       	andi	r18, 0xEF	; 239
 540:	b2 2e       	mov	r11, r18
 542:	2a e0       	ldi	r18, 0x0A	; 10
 544:	30 e0       	ldi	r19, 0x00	; 0
 546:	25 c0       	rjmp	.+74     	; 0x592 <__EEPROM_REGION_LENGTH__+0x192>
 548:	93 2d       	mov	r25, r3
 54a:	99 7f       	andi	r25, 0xF9	; 249
 54c:	b9 2e       	mov	r11, r25
 54e:	8f 36       	cpi	r24, 0x6F	; 111
 550:	c1 f0       	breq	.+48     	; 0x582 <__EEPROM_REGION_LENGTH__+0x182>
 552:	18 f4       	brcc	.+6      	; 0x55a <__EEPROM_REGION_LENGTH__+0x15a>
 554:	88 35       	cpi	r24, 0x58	; 88
 556:	79 f0       	breq	.+30     	; 0x576 <__EEPROM_REGION_LENGTH__+0x176>
 558:	b5 c0       	rjmp	.+362    	; 0x6c4 <__EEPROM_REGION_LENGTH__+0x2c4>
 55a:	80 37       	cpi	r24, 0x70	; 112
 55c:	19 f0       	breq	.+6      	; 0x564 <__EEPROM_REGION_LENGTH__+0x164>
 55e:	88 37       	cpi	r24, 0x78	; 120
 560:	21 f0       	breq	.+8      	; 0x56a <__EEPROM_REGION_LENGTH__+0x16a>
 562:	b0 c0       	rjmp	.+352    	; 0x6c4 <__EEPROM_REGION_LENGTH__+0x2c4>
 564:	e9 2f       	mov	r30, r25
 566:	e0 61       	ori	r30, 0x10	; 16
 568:	be 2e       	mov	r11, r30
 56a:	b4 fe       	sbrs	r11, 4
 56c:	0d c0       	rjmp	.+26     	; 0x588 <__EEPROM_REGION_LENGTH__+0x188>
 56e:	fb 2d       	mov	r31, r11
 570:	f4 60       	ori	r31, 0x04	; 4
 572:	bf 2e       	mov	r11, r31
 574:	09 c0       	rjmp	.+18     	; 0x588 <__EEPROM_REGION_LENGTH__+0x188>
 576:	34 fe       	sbrs	r3, 4
 578:	0a c0       	rjmp	.+20     	; 0x58e <__EEPROM_REGION_LENGTH__+0x18e>
 57a:	29 2f       	mov	r18, r25
 57c:	26 60       	ori	r18, 0x06	; 6
 57e:	b2 2e       	mov	r11, r18
 580:	06 c0       	rjmp	.+12     	; 0x58e <__EEPROM_REGION_LENGTH__+0x18e>
 582:	28 e0       	ldi	r18, 0x08	; 8
 584:	30 e0       	ldi	r19, 0x00	; 0
 586:	05 c0       	rjmp	.+10     	; 0x592 <__EEPROM_REGION_LENGTH__+0x192>
 588:	20 e1       	ldi	r18, 0x10	; 16
 58a:	30 e0       	ldi	r19, 0x00	; 0
 58c:	02 c0       	rjmp	.+4      	; 0x592 <__EEPROM_REGION_LENGTH__+0x192>
 58e:	20 e1       	ldi	r18, 0x10	; 16
 590:	32 e0       	ldi	r19, 0x02	; 2
 592:	f8 01       	movw	r30, r16
 594:	b7 fe       	sbrs	r11, 7
 596:	07 c0       	rjmp	.+14     	; 0x5a6 <__EEPROM_REGION_LENGTH__+0x1a6>
 598:	60 81       	ld	r22, Z
 59a:	71 81       	ldd	r23, Z+1	; 0x01
 59c:	82 81       	ldd	r24, Z+2	; 0x02
 59e:	93 81       	ldd	r25, Z+3	; 0x03
 5a0:	0c 5f       	subi	r16, 0xFC	; 252
 5a2:	1f 4f       	sbci	r17, 0xFF	; 255
 5a4:	06 c0       	rjmp	.+12     	; 0x5b2 <__EEPROM_REGION_LENGTH__+0x1b2>
 5a6:	60 81       	ld	r22, Z
 5a8:	71 81       	ldd	r23, Z+1	; 0x01
 5aa:	80 e0       	ldi	r24, 0x00	; 0
 5ac:	90 e0       	ldi	r25, 0x00	; 0
 5ae:	0e 5f       	subi	r16, 0xFE	; 254
 5b0:	1f 4f       	sbci	r17, 0xFF	; 255
 5b2:	a3 01       	movw	r20, r6
 5b4:	0e 94 d6 06 	call	0xdac	; 0xdac <__ultoa_invert>
 5b8:	88 2e       	mov	r8, r24
 5ba:	86 18       	sub	r8, r6
 5bc:	fb 2d       	mov	r31, r11
 5be:	ff 77       	andi	r31, 0x7F	; 127
 5c0:	3f 2e       	mov	r3, r31
 5c2:	36 fe       	sbrs	r3, 6
 5c4:	0d c0       	rjmp	.+26     	; 0x5e0 <__EEPROM_REGION_LENGTH__+0x1e0>
 5c6:	23 2d       	mov	r18, r3
 5c8:	2e 7f       	andi	r18, 0xFE	; 254
 5ca:	a2 2e       	mov	r10, r18
 5cc:	89 14       	cp	r8, r9
 5ce:	58 f4       	brcc	.+22     	; 0x5e6 <__EEPROM_REGION_LENGTH__+0x1e6>
 5d0:	34 fe       	sbrs	r3, 4
 5d2:	0b c0       	rjmp	.+22     	; 0x5ea <__EEPROM_REGION_LENGTH__+0x1ea>
 5d4:	32 fc       	sbrc	r3, 2
 5d6:	09 c0       	rjmp	.+18     	; 0x5ea <__EEPROM_REGION_LENGTH__+0x1ea>
 5d8:	83 2d       	mov	r24, r3
 5da:	8e 7e       	andi	r24, 0xEE	; 238
 5dc:	a8 2e       	mov	r10, r24
 5de:	05 c0       	rjmp	.+10     	; 0x5ea <__EEPROM_REGION_LENGTH__+0x1ea>
 5e0:	b8 2c       	mov	r11, r8
 5e2:	a3 2c       	mov	r10, r3
 5e4:	03 c0       	rjmp	.+6      	; 0x5ec <__EEPROM_REGION_LENGTH__+0x1ec>
 5e6:	b8 2c       	mov	r11, r8
 5e8:	01 c0       	rjmp	.+2      	; 0x5ec <__EEPROM_REGION_LENGTH__+0x1ec>
 5ea:	b9 2c       	mov	r11, r9
 5ec:	a4 fe       	sbrs	r10, 4
 5ee:	0f c0       	rjmp	.+30     	; 0x60e <__EEPROM_REGION_LENGTH__+0x20e>
 5f0:	fe 01       	movw	r30, r28
 5f2:	e8 0d       	add	r30, r8
 5f4:	f1 1d       	adc	r31, r1
 5f6:	80 81       	ld	r24, Z
 5f8:	80 33       	cpi	r24, 0x30	; 48
 5fa:	21 f4       	brne	.+8      	; 0x604 <__EEPROM_REGION_LENGTH__+0x204>
 5fc:	9a 2d       	mov	r25, r10
 5fe:	99 7e       	andi	r25, 0xE9	; 233
 600:	a9 2e       	mov	r10, r25
 602:	09 c0       	rjmp	.+18     	; 0x616 <__EEPROM_REGION_LENGTH__+0x216>
 604:	a2 fe       	sbrs	r10, 2
 606:	06 c0       	rjmp	.+12     	; 0x614 <__EEPROM_REGION_LENGTH__+0x214>
 608:	b3 94       	inc	r11
 60a:	b3 94       	inc	r11
 60c:	04 c0       	rjmp	.+8      	; 0x616 <__EEPROM_REGION_LENGTH__+0x216>
 60e:	8a 2d       	mov	r24, r10
 610:	86 78       	andi	r24, 0x86	; 134
 612:	09 f0       	breq	.+2      	; 0x616 <__EEPROM_REGION_LENGTH__+0x216>
 614:	b3 94       	inc	r11
 616:	a3 fc       	sbrc	r10, 3
 618:	11 c0       	rjmp	.+34     	; 0x63c <__EEPROM_REGION_LENGTH__+0x23c>
 61a:	a0 fe       	sbrs	r10, 0
 61c:	06 c0       	rjmp	.+12     	; 0x62a <__EEPROM_REGION_LENGTH__+0x22a>
 61e:	b2 14       	cp	r11, r2
 620:	88 f4       	brcc	.+34     	; 0x644 <__EEPROM_REGION_LENGTH__+0x244>
 622:	28 0c       	add	r2, r8
 624:	92 2c       	mov	r9, r2
 626:	9b 18       	sub	r9, r11
 628:	0e c0       	rjmp	.+28     	; 0x646 <__EEPROM_REGION_LENGTH__+0x246>
 62a:	b2 14       	cp	r11, r2
 62c:	60 f4       	brcc	.+24     	; 0x646 <__EEPROM_REGION_LENGTH__+0x246>
 62e:	b6 01       	movw	r22, r12
 630:	80 e2       	ldi	r24, 0x20	; 32
 632:	90 e0       	ldi	r25, 0x00	; 0
 634:	0e 94 81 06 	call	0xd02	; 0xd02 <fputc>
 638:	b3 94       	inc	r11
 63a:	f7 cf       	rjmp	.-18     	; 0x62a <__EEPROM_REGION_LENGTH__+0x22a>
 63c:	b2 14       	cp	r11, r2
 63e:	18 f4       	brcc	.+6      	; 0x646 <__EEPROM_REGION_LENGTH__+0x246>
 640:	2b 18       	sub	r2, r11
 642:	02 c0       	rjmp	.+4      	; 0x648 <__EEPROM_REGION_LENGTH__+0x248>
 644:	98 2c       	mov	r9, r8
 646:	21 2c       	mov	r2, r1
 648:	a4 fe       	sbrs	r10, 4
 64a:	10 c0       	rjmp	.+32     	; 0x66c <__EEPROM_REGION_LENGTH__+0x26c>
 64c:	b6 01       	movw	r22, r12
 64e:	80 e3       	ldi	r24, 0x30	; 48
 650:	90 e0       	ldi	r25, 0x00	; 0
 652:	0e 94 81 06 	call	0xd02	; 0xd02 <fputc>
 656:	a2 fe       	sbrs	r10, 2
 658:	17 c0       	rjmp	.+46     	; 0x688 <__EEPROM_REGION_LENGTH__+0x288>
 65a:	a1 fc       	sbrc	r10, 1
 65c:	03 c0       	rjmp	.+6      	; 0x664 <__EEPROM_REGION_LENGTH__+0x264>
 65e:	88 e7       	ldi	r24, 0x78	; 120
 660:	90 e0       	ldi	r25, 0x00	; 0
 662:	02 c0       	rjmp	.+4      	; 0x668 <__EEPROM_REGION_LENGTH__+0x268>
 664:	88 e5       	ldi	r24, 0x58	; 88
 666:	90 e0       	ldi	r25, 0x00	; 0
 668:	b6 01       	movw	r22, r12
 66a:	0c c0       	rjmp	.+24     	; 0x684 <__EEPROM_REGION_LENGTH__+0x284>
 66c:	8a 2d       	mov	r24, r10
 66e:	86 78       	andi	r24, 0x86	; 134
 670:	59 f0       	breq	.+22     	; 0x688 <__EEPROM_REGION_LENGTH__+0x288>
 672:	a1 fe       	sbrs	r10, 1
 674:	02 c0       	rjmp	.+4      	; 0x67a <__EEPROM_REGION_LENGTH__+0x27a>
 676:	8b e2       	ldi	r24, 0x2B	; 43
 678:	01 c0       	rjmp	.+2      	; 0x67c <__EEPROM_REGION_LENGTH__+0x27c>
 67a:	80 e2       	ldi	r24, 0x20	; 32
 67c:	a7 fc       	sbrc	r10, 7
 67e:	8d e2       	ldi	r24, 0x2D	; 45
 680:	b6 01       	movw	r22, r12
 682:	90 e0       	ldi	r25, 0x00	; 0
 684:	0e 94 81 06 	call	0xd02	; 0xd02 <fputc>
 688:	89 14       	cp	r8, r9
 68a:	38 f4       	brcc	.+14     	; 0x69a <__EEPROM_REGION_LENGTH__+0x29a>
 68c:	b6 01       	movw	r22, r12
 68e:	80 e3       	ldi	r24, 0x30	; 48
 690:	90 e0       	ldi	r25, 0x00	; 0
 692:	0e 94 81 06 	call	0xd02	; 0xd02 <fputc>
 696:	9a 94       	dec	r9
 698:	f7 cf       	rjmp	.-18     	; 0x688 <__EEPROM_REGION_LENGTH__+0x288>
 69a:	8a 94       	dec	r8
 69c:	f3 01       	movw	r30, r6
 69e:	e8 0d       	add	r30, r8
 6a0:	f1 1d       	adc	r31, r1
 6a2:	80 81       	ld	r24, Z
 6a4:	b6 01       	movw	r22, r12
 6a6:	90 e0       	ldi	r25, 0x00	; 0
 6a8:	0e 94 81 06 	call	0xd02	; 0xd02 <fputc>
 6ac:	81 10       	cpse	r8, r1
 6ae:	f5 cf       	rjmp	.-22     	; 0x69a <__EEPROM_REGION_LENGTH__+0x29a>
 6b0:	22 20       	and	r2, r2
 6b2:	09 f4       	brne	.+2      	; 0x6b6 <__EEPROM_REGION_LENGTH__+0x2b6>
 6b4:	42 ce       	rjmp	.-892    	; 0x33a <vfprintf+0x24>
 6b6:	b6 01       	movw	r22, r12
 6b8:	80 e2       	ldi	r24, 0x20	; 32
 6ba:	90 e0       	ldi	r25, 0x00	; 0
 6bc:	0e 94 81 06 	call	0xd02	; 0xd02 <fputc>
 6c0:	2a 94       	dec	r2
 6c2:	f6 cf       	rjmp	.-20     	; 0x6b0 <__EEPROM_REGION_LENGTH__+0x2b0>
 6c4:	f6 01       	movw	r30, r12
 6c6:	86 81       	ldd	r24, Z+6	; 0x06
 6c8:	97 81       	ldd	r25, Z+7	; 0x07
 6ca:	02 c0       	rjmp	.+4      	; 0x6d0 <__EEPROM_REGION_LENGTH__+0x2d0>
 6cc:	8f ef       	ldi	r24, 0xFF	; 255
 6ce:	9f ef       	ldi	r25, 0xFF	; 255
 6d0:	2b 96       	adiw	r28, 0x0b	; 11
 6d2:	e2 e1       	ldi	r30, 0x12	; 18
 6d4:	0c 94 53 07 	jmp	0xea6	; 0xea6 <__epilogue_restores__>

000006d8 <putval>:
 6d8:	20 fd       	sbrc	r18, 0
 6da:	09 c0       	rjmp	.+18     	; 0x6ee <putval+0x16>
 6dc:	fc 01       	movw	r30, r24
 6de:	23 fd       	sbrc	r18, 3
 6e0:	05 c0       	rjmp	.+10     	; 0x6ec <putval+0x14>
 6e2:	22 ff       	sbrs	r18, 2
 6e4:	02 c0       	rjmp	.+4      	; 0x6ea <putval+0x12>
 6e6:	73 83       	std	Z+3, r23	; 0x03
 6e8:	62 83       	std	Z+2, r22	; 0x02
 6ea:	51 83       	std	Z+1, r21	; 0x01
 6ec:	40 83       	st	Z, r20
 6ee:	08 95       	ret

000006f0 <mulacc>:
 6f0:	44 fd       	sbrc	r20, 4
 6f2:	17 c0       	rjmp	.+46     	; 0x722 <mulacc+0x32>
 6f4:	46 fd       	sbrc	r20, 6
 6f6:	17 c0       	rjmp	.+46     	; 0x726 <mulacc+0x36>
 6f8:	ab 01       	movw	r20, r22
 6fa:	bc 01       	movw	r22, r24
 6fc:	da 01       	movw	r26, r20
 6fe:	fb 01       	movw	r30, r22
 700:	aa 0f       	add	r26, r26
 702:	bb 1f       	adc	r27, r27
 704:	ee 1f       	adc	r30, r30
 706:	ff 1f       	adc	r31, r31
 708:	10 94       	com	r1
 70a:	d1 f7       	brne	.-12     	; 0x700 <mulacc+0x10>
 70c:	4a 0f       	add	r20, r26
 70e:	5b 1f       	adc	r21, r27
 710:	6e 1f       	adc	r22, r30
 712:	7f 1f       	adc	r23, r31
 714:	cb 01       	movw	r24, r22
 716:	ba 01       	movw	r22, r20
 718:	66 0f       	add	r22, r22
 71a:	77 1f       	adc	r23, r23
 71c:	88 1f       	adc	r24, r24
 71e:	99 1f       	adc	r25, r25
 720:	09 c0       	rjmp	.+18     	; 0x734 <mulacc+0x44>
 722:	33 e0       	ldi	r19, 0x03	; 3
 724:	01 c0       	rjmp	.+2      	; 0x728 <mulacc+0x38>
 726:	34 e0       	ldi	r19, 0x04	; 4
 728:	66 0f       	add	r22, r22
 72a:	77 1f       	adc	r23, r23
 72c:	88 1f       	adc	r24, r24
 72e:	99 1f       	adc	r25, r25
 730:	31 50       	subi	r19, 0x01	; 1
 732:	d1 f7       	brne	.-12     	; 0x728 <mulacc+0x38>
 734:	62 0f       	add	r22, r18
 736:	71 1d       	adc	r23, r1
 738:	81 1d       	adc	r24, r1
 73a:	91 1d       	adc	r25, r1
 73c:	08 95       	ret

0000073e <skip_spaces>:
 73e:	0f 93       	push	r16
 740:	1f 93       	push	r17
 742:	cf 93       	push	r28
 744:	df 93       	push	r29
 746:	8c 01       	movw	r16, r24
 748:	c8 01       	movw	r24, r16
 74a:	0e 94 43 06 	call	0xc86	; 0xc86 <fgetc>
 74e:	ec 01       	movw	r28, r24
 750:	97 fd       	sbrc	r25, 7
 752:	08 c0       	rjmp	.+16     	; 0x764 <skip_spaces+0x26>
 754:	0e 94 19 06 	call	0xc32	; 0xc32 <isspace>
 758:	89 2b       	or	r24, r25
 75a:	b1 f7       	brne	.-20     	; 0x748 <skip_spaces+0xa>
 75c:	b8 01       	movw	r22, r16
 75e:	ce 01       	movw	r24, r28
 760:	0e 94 bd 06 	call	0xd7a	; 0xd7a <ungetc>
 764:	ce 01       	movw	r24, r28
 766:	df 91       	pop	r29
 768:	cf 91       	pop	r28
 76a:	1f 91       	pop	r17
 76c:	0f 91       	pop	r16
 76e:	08 95       	ret

00000770 <conv_int>:
 770:	8f 92       	push	r8
 772:	9f 92       	push	r9
 774:	af 92       	push	r10
 776:	bf 92       	push	r11
 778:	ef 92       	push	r14
 77a:	ff 92       	push	r15
 77c:	0f 93       	push	r16
 77e:	1f 93       	push	r17
 780:	cf 93       	push	r28
 782:	df 93       	push	r29
 784:	8c 01       	movw	r16, r24
 786:	d6 2f       	mov	r29, r22
 788:	7a 01       	movw	r14, r20
 78a:	b2 2e       	mov	r11, r18
 78c:	0e 94 43 06 	call	0xc86	; 0xc86 <fgetc>
 790:	9c 01       	movw	r18, r24
 792:	33 27       	eor	r19, r19
 794:	2b 32       	cpi	r18, 0x2B	; 43
 796:	31 05       	cpc	r19, r1
 798:	31 f0       	breq	.+12     	; 0x7a6 <conv_int+0x36>
 79a:	2d 32       	cpi	r18, 0x2D	; 45
 79c:	31 05       	cpc	r19, r1
 79e:	61 f4       	brne	.+24     	; 0x7b8 <conv_int+0x48>
 7a0:	8b 2d       	mov	r24, r11
 7a2:	80 68       	ori	r24, 0x80	; 128
 7a4:	b8 2e       	mov	r11, r24
 7a6:	d1 50       	subi	r29, 0x01	; 1
 7a8:	11 f4       	brne	.+4      	; 0x7ae <conv_int+0x3e>
 7aa:	80 e0       	ldi	r24, 0x00	; 0
 7ac:	68 c0       	rjmp	.+208    	; 0x87e <__DATA_REGION_LENGTH__+0x7e>
 7ae:	c8 01       	movw	r24, r16
 7b0:	0e 94 43 06 	call	0xc86	; 0xc86 <fgetc>
 7b4:	97 fd       	sbrc	r25, 7
 7b6:	f9 cf       	rjmp	.-14     	; 0x7aa <conv_int+0x3a>
 7b8:	cb 2d       	mov	r28, r11
 7ba:	cd 7f       	andi	r28, 0xFD	; 253
 7bc:	2b 2d       	mov	r18, r11
 7be:	20 73       	andi	r18, 0x30	; 48
 7c0:	09 f5       	brne	.+66     	; 0x804 <__DATA_REGION_LENGTH__+0x4>
 7c2:	80 33       	cpi	r24, 0x30	; 48
 7c4:	f9 f4       	brne	.+62     	; 0x804 <__DATA_REGION_LENGTH__+0x4>
 7c6:	aa 24       	eor	r10, r10
 7c8:	aa 94       	dec	r10
 7ca:	ad 0e       	add	r10, r29
 7cc:	09 f4       	brne	.+2      	; 0x7d0 <conv_int+0x60>
 7ce:	43 c0       	rjmp	.+134    	; 0x856 <__DATA_REGION_LENGTH__+0x56>
 7d0:	c8 01       	movw	r24, r16
 7d2:	0e 94 43 06 	call	0xc86	; 0xc86 <fgetc>
 7d6:	97 fd       	sbrc	r25, 7
 7d8:	3e c0       	rjmp	.+124    	; 0x856 <__DATA_REGION_LENGTH__+0x56>
 7da:	9c 01       	movw	r18, r24
 7dc:	2f 7d       	andi	r18, 0xDF	; 223
 7de:	33 27       	eor	r19, r19
 7e0:	28 35       	cpi	r18, 0x58	; 88
 7e2:	31 05       	cpc	r19, r1
 7e4:	49 f4       	brne	.+18     	; 0x7f8 <conv_int+0x88>
 7e6:	c2 64       	ori	r28, 0x42	; 66
 7e8:	d2 50       	subi	r29, 0x02	; 2
 7ea:	a9 f1       	breq	.+106    	; 0x856 <__DATA_REGION_LENGTH__+0x56>
 7ec:	c8 01       	movw	r24, r16
 7ee:	0e 94 43 06 	call	0xc86	; 0xc86 <fgetc>
 7f2:	97 ff       	sbrs	r25, 7
 7f4:	07 c0       	rjmp	.+14     	; 0x804 <__DATA_REGION_LENGTH__+0x4>
 7f6:	2f c0       	rjmp	.+94     	; 0x856 <__DATA_REGION_LENGTH__+0x56>
 7f8:	b6 fe       	sbrs	r11, 6
 7fa:	02 c0       	rjmp	.+4      	; 0x800 <__DATA_REGION_LENGTH__>
 7fc:	c2 60       	ori	r28, 0x02	; 2
 7fe:	01 c0       	rjmp	.+2      	; 0x802 <__DATA_REGION_LENGTH__+0x2>
 800:	c2 61       	ori	r28, 0x12	; 18
 802:	da 2d       	mov	r29, r10
 804:	81 2c       	mov	r8, r1
 806:	91 2c       	mov	r9, r1
 808:	54 01       	movw	r10, r8
 80a:	20 ed       	ldi	r18, 0xD0	; 208
 80c:	28 0f       	add	r18, r24
 80e:	28 30       	cpi	r18, 0x08	; 8
 810:	80 f0       	brcs	.+32     	; 0x832 <__DATA_REGION_LENGTH__+0x32>
 812:	c4 ff       	sbrs	r28, 4
 814:	04 c0       	rjmp	.+8      	; 0x81e <__DATA_REGION_LENGTH__+0x1e>
 816:	b8 01       	movw	r22, r16
 818:	0e 94 bd 06 	call	0xd7a	; 0xd7a <ungetc>
 81c:	19 c0       	rjmp	.+50     	; 0x850 <__DATA_REGION_LENGTH__+0x50>
 81e:	2a 30       	cpi	r18, 0x0A	; 10
 820:	40 f0       	brcs	.+16     	; 0x832 <__DATA_REGION_LENGTH__+0x32>
 822:	c6 ff       	sbrs	r28, 6
 824:	f8 cf       	rjmp	.-16     	; 0x816 <__DATA_REGION_LENGTH__+0x16>
 826:	2f 7d       	andi	r18, 0xDF	; 223
 828:	3f ee       	ldi	r19, 0xEF	; 239
 82a:	32 0f       	add	r19, r18
 82c:	36 30       	cpi	r19, 0x06	; 6
 82e:	98 f7       	brcc	.-26     	; 0x816 <__DATA_REGION_LENGTH__+0x16>
 830:	27 50       	subi	r18, 0x07	; 7
 832:	4c 2f       	mov	r20, r28
 834:	c5 01       	movw	r24, r10
 836:	b4 01       	movw	r22, r8
 838:	0e 94 78 03 	call	0x6f0	; 0x6f0 <mulacc>
 83c:	4b 01       	movw	r8, r22
 83e:	5c 01       	movw	r10, r24
 840:	c2 60       	ori	r28, 0x02	; 2
 842:	d1 50       	subi	r29, 0x01	; 1
 844:	59 f0       	breq	.+22     	; 0x85c <__DATA_REGION_LENGTH__+0x5c>
 846:	c8 01       	movw	r24, r16
 848:	0e 94 43 06 	call	0xc86	; 0xc86 <fgetc>
 84c:	97 ff       	sbrs	r25, 7
 84e:	dd cf       	rjmp	.-70     	; 0x80a <__DATA_REGION_LENGTH__+0xa>
 850:	c1 fd       	sbrc	r28, 1
 852:	04 c0       	rjmp	.+8      	; 0x85c <__DATA_REGION_LENGTH__+0x5c>
 854:	aa cf       	rjmp	.-172    	; 0x7aa <conv_int+0x3a>
 856:	81 2c       	mov	r8, r1
 858:	91 2c       	mov	r9, r1
 85a:	54 01       	movw	r10, r8
 85c:	c7 ff       	sbrs	r28, 7
 85e:	08 c0       	rjmp	.+16     	; 0x870 <__DATA_REGION_LENGTH__+0x70>
 860:	b0 94       	com	r11
 862:	a0 94       	com	r10
 864:	90 94       	com	r9
 866:	80 94       	com	r8
 868:	81 1c       	adc	r8, r1
 86a:	91 1c       	adc	r9, r1
 86c:	a1 1c       	adc	r10, r1
 86e:	b1 1c       	adc	r11, r1
 870:	2c 2f       	mov	r18, r28
 872:	b5 01       	movw	r22, r10
 874:	a4 01       	movw	r20, r8
 876:	c7 01       	movw	r24, r14
 878:	0e 94 6c 03 	call	0x6d8	; 0x6d8 <putval>
 87c:	81 e0       	ldi	r24, 0x01	; 1
 87e:	df 91       	pop	r29
 880:	cf 91       	pop	r28
 882:	1f 91       	pop	r17
 884:	0f 91       	pop	r16
 886:	ff 90       	pop	r15
 888:	ef 90       	pop	r14
 88a:	bf 90       	pop	r11
 88c:	af 90       	pop	r10
 88e:	9f 90       	pop	r9
 890:	8f 90       	pop	r8
 892:	08 95       	ret

00000894 <conv_brk>:
 894:	a0 e2       	ldi	r26, 0x20	; 32
 896:	b0 e0       	ldi	r27, 0x00	; 0
 898:	e0 e5       	ldi	r30, 0x50	; 80
 89a:	f4 e0       	ldi	r31, 0x04	; 4
 89c:	0c 94 3a 07 	jmp	0xe74	; 0xe74 <__prologue_saves__+0x6>
 8a0:	5c 01       	movw	r10, r24
 8a2:	96 2e       	mov	r9, r22
 8a4:	7a 01       	movw	r14, r20
 8a6:	f9 01       	movw	r30, r18
 8a8:	8e 01       	movw	r16, r28
 8aa:	0f 5f       	subi	r16, 0xFF	; 255
 8ac:	1f 4f       	sbci	r17, 0xFF	; 255
 8ae:	68 01       	movw	r12, r16
 8b0:	80 e2       	ldi	r24, 0x20	; 32
 8b2:	d8 01       	movw	r26, r16
 8b4:	1d 92       	st	X+, r1
 8b6:	8a 95       	dec	r24
 8b8:	e9 f7       	brne	.-6      	; 0x8b4 <conv_brk+0x20>
 8ba:	d5 01       	movw	r26, r10
 8bc:	13 96       	adiw	r26, 0x03	; 3
 8be:	8c 90       	ld	r8, X
 8c0:	80 e0       	ldi	r24, 0x00	; 0
 8c2:	90 e0       	ldi	r25, 0x00	; 0
 8c4:	61 2c       	mov	r6, r1
 8c6:	71 2c       	mov	r7, r1
 8c8:	30 e0       	ldi	r19, 0x00	; 0
 8ca:	61 e0       	ldi	r22, 0x01	; 1
 8cc:	70 e0       	ldi	r23, 0x00	; 0
 8ce:	83 fc       	sbrc	r8, 3
 8d0:	25 91       	lpm	r18, Z+
 8d2:	83 fe       	sbrs	r8, 3
 8d4:	21 91       	ld	r18, Z+
 8d6:	8f 01       	movw	r16, r30
 8d8:	52 2e       	mov	r5, r18
 8da:	21 11       	cpse	r18, r1
 8dc:	03 c0       	rjmp	.+6      	; 0x8e4 <conv_brk+0x50>
 8de:	80 e0       	ldi	r24, 0x00	; 0
 8e0:	90 e0       	ldi	r25, 0x00	; 0
 8e2:	92 c0       	rjmp	.+292    	; 0xa08 <__stack+0x109>
 8e4:	2e 35       	cpi	r18, 0x5E	; 94
 8e6:	11 f4       	brne	.+4      	; 0x8ec <conv_brk+0x58>
 8e8:	00 97       	sbiw	r24, 0x00	; 0
 8ea:	51 f1       	breq	.+84     	; 0x940 <__stack+0x41>
 8ec:	43 2f       	mov	r20, r19
 8ee:	50 e0       	ldi	r21, 0x00	; 0
 8f0:	48 17       	cp	r20, r24
 8f2:	59 07       	cpc	r21, r25
 8f4:	3c f4       	brge	.+14     	; 0x904 <__stack+0x5>
 8f6:	2d 35       	cpi	r18, 0x5D	; 93
 8f8:	59 f1       	breq	.+86     	; 0x950 <__stack+0x51>
 8fa:	2d 32       	cpi	r18, 0x2D	; 45
 8fc:	19 f4       	brne	.+6      	; 0x904 <__stack+0x5>
 8fe:	77 20       	and	r7, r7
 900:	09 f1       	breq	.+66     	; 0x944 <__stack+0x45>
 902:	03 c0       	rjmp	.+6      	; 0x90a <__stack+0xb>
 904:	77 20       	and	r7, r7
 906:	09 f4       	brne	.+2      	; 0x90a <__stack+0xb>
 908:	6a c0       	rjmp	.+212    	; 0x9de <__stack+0xdf>
 90a:	45 2d       	mov	r20, r5
 90c:	46 95       	lsr	r20
 90e:	46 95       	lsr	r20
 910:	46 95       	lsr	r20
 912:	d6 01       	movw	r26, r12
 914:	a4 0f       	add	r26, r20
 916:	b1 1d       	adc	r27, r1
 918:	45 2d       	mov	r20, r5
 91a:	47 70       	andi	r20, 0x07	; 7
 91c:	8b 01       	movw	r16, r22
 91e:	02 c0       	rjmp	.+4      	; 0x924 <__stack+0x25>
 920:	00 0f       	add	r16, r16
 922:	11 1f       	adc	r17, r17
 924:	4a 95       	dec	r20
 926:	e2 f7       	brpl	.-8      	; 0x920 <__stack+0x21>
 928:	a8 01       	movw	r20, r16
 92a:	5c 91       	ld	r21, X
 92c:	45 2b       	or	r20, r21
 92e:	4c 93       	st	X, r20
 930:	65 14       	cp	r6, r5
 932:	59 f0       	breq	.+22     	; 0x94a <__stack+0x4b>
 934:	56 14       	cp	r5, r6
 936:	10 f4       	brcc	.+4      	; 0x93c <__stack+0x3d>
 938:	53 94       	inc	r5
 93a:	e7 cf       	rjmp	.-50     	; 0x90a <__stack+0xb>
 93c:	5a 94       	dec	r5
 93e:	e5 cf       	rjmp	.-54     	; 0x90a <__stack+0xb>
 940:	31 e0       	ldi	r19, 0x01	; 1
 942:	04 c0       	rjmp	.+8      	; 0x94c <__stack+0x4d>
 944:	77 24       	eor	r7, r7
 946:	73 94       	inc	r7
 948:	01 c0       	rjmp	.+2      	; 0x94c <__stack+0x4d>
 94a:	71 2c       	mov	r7, r1
 94c:	01 96       	adiw	r24, 0x01	; 1
 94e:	bf cf       	rjmp	.-130    	; 0x8ce <conv_brk+0x3a>
 950:	77 20       	and	r7, r7
 952:	19 f0       	breq	.+6      	; 0x95a <__stack+0x5b>
 954:	8e 81       	ldd	r24, Y+6	; 0x06
 956:	80 62       	ori	r24, 0x20	; 32
 958:	8e 83       	std	Y+6, r24	; 0x06
 95a:	31 11       	cpse	r19, r1
 95c:	03 c0       	rjmp	.+6      	; 0x964 <__stack+0x65>
 95e:	88 24       	eor	r8, r8
 960:	83 94       	inc	r8
 962:	17 c0       	rjmp	.+46     	; 0x992 <__stack+0x93>
 964:	f6 01       	movw	r30, r12
 966:	9e 01       	movw	r18, r28
 968:	2f 5d       	subi	r18, 0xDF	; 223
 96a:	3f 4f       	sbci	r19, 0xFF	; 255
 96c:	80 81       	ld	r24, Z
 96e:	80 95       	com	r24
 970:	81 93       	st	Z+, r24
 972:	2e 17       	cp	r18, r30
 974:	3f 07       	cpc	r19, r31
 976:	d1 f7       	brne	.-12     	; 0x96c <__stack+0x6d>
 978:	f2 cf       	rjmp	.-28     	; 0x95e <__stack+0x5f>
 97a:	e1 14       	cp	r14, r1
 97c:	f1 04       	cpc	r15, r1
 97e:	29 f0       	breq	.+10     	; 0x98a <__stack+0x8b>
 980:	d7 01       	movw	r26, r14
 982:	8c 93       	st	X, r24
 984:	f7 01       	movw	r30, r14
 986:	31 96       	adiw	r30, 0x01	; 1
 988:	7f 01       	movw	r14, r30
 98a:	9a 94       	dec	r9
 98c:	81 2c       	mov	r8, r1
 98e:	99 20       	and	r9, r9
 990:	f9 f0       	breq	.+62     	; 0x9d0 <__stack+0xd1>
 992:	c5 01       	movw	r24, r10
 994:	0e 94 43 06 	call	0xc86	; 0xc86 <fgetc>
 998:	97 fd       	sbrc	r25, 7
 99a:	18 c0       	rjmp	.+48     	; 0x9cc <__stack+0xcd>
 99c:	fc 01       	movw	r30, r24
 99e:	ff 27       	eor	r31, r31
 9a0:	23 e0       	ldi	r18, 0x03	; 3
 9a2:	f5 95       	asr	r31
 9a4:	e7 95       	ror	r30
 9a6:	2a 95       	dec	r18
 9a8:	e1 f7       	brne	.-8      	; 0x9a2 <__stack+0xa3>
 9aa:	ec 0d       	add	r30, r12
 9ac:	fd 1d       	adc	r31, r13
 9ae:	20 81       	ld	r18, Z
 9b0:	30 e0       	ldi	r19, 0x00	; 0
 9b2:	ac 01       	movw	r20, r24
 9b4:	47 70       	andi	r20, 0x07	; 7
 9b6:	55 27       	eor	r21, r21
 9b8:	02 c0       	rjmp	.+4      	; 0x9be <__stack+0xbf>
 9ba:	35 95       	asr	r19
 9bc:	27 95       	ror	r18
 9be:	4a 95       	dec	r20
 9c0:	e2 f7       	brpl	.-8      	; 0x9ba <__stack+0xbb>
 9c2:	20 fd       	sbrc	r18, 0
 9c4:	da cf       	rjmp	.-76     	; 0x97a <__stack+0x7b>
 9c6:	b5 01       	movw	r22, r10
 9c8:	0e 94 bd 06 	call	0xd7a	; 0xd7a <ungetc>
 9cc:	81 10       	cpse	r8, r1
 9ce:	87 cf       	rjmp	.-242    	; 0x8de <conv_brk+0x4a>
 9d0:	e1 14       	cp	r14, r1
 9d2:	f1 04       	cpc	r15, r1
 9d4:	11 f0       	breq	.+4      	; 0x9da <__stack+0xdb>
 9d6:	d7 01       	movw	r26, r14
 9d8:	1c 92       	st	X, r1
 9da:	c8 01       	movw	r24, r16
 9dc:	15 c0       	rjmp	.+42     	; 0xa08 <__stack+0x109>
 9de:	42 2f       	mov	r20, r18
 9e0:	46 95       	lsr	r20
 9e2:	46 95       	lsr	r20
 9e4:	46 95       	lsr	r20
 9e6:	d6 01       	movw	r26, r12
 9e8:	a4 0f       	add	r26, r20
 9ea:	b1 1d       	adc	r27, r1
 9ec:	42 2f       	mov	r20, r18
 9ee:	47 70       	andi	r20, 0x07	; 7
 9f0:	8b 01       	movw	r16, r22
 9f2:	02 c0       	rjmp	.+4      	; 0x9f8 <__stack+0xf9>
 9f4:	00 0f       	add	r16, r16
 9f6:	11 1f       	adc	r17, r17
 9f8:	4a 95       	dec	r20
 9fa:	e2 f7       	brpl	.-8      	; 0x9f4 <__stack+0xf5>
 9fc:	a8 01       	movw	r20, r16
 9fe:	5c 91       	ld	r21, X
 a00:	45 2b       	or	r20, r21
 a02:	4c 93       	st	X, r20
 a04:	62 2e       	mov	r6, r18
 a06:	a2 cf       	rjmp	.-188    	; 0x94c <__stack+0x4d>
 a08:	a0 96       	adiw	r28, 0x20	; 32
 a0a:	ef e0       	ldi	r30, 0x0F	; 15
 a0c:	0c 94 56 07 	jmp	0xeac	; 0xeac <__epilogue_restores__+0x6>

00000a10 <vfscanf>:
 a10:	a0 e0       	ldi	r26, 0x00	; 0
 a12:	b0 e0       	ldi	r27, 0x00	; 0
 a14:	ee e0       	ldi	r30, 0x0E	; 14
 a16:	f5 e0       	ldi	r31, 0x05	; 5
 a18:	0c 94 3a 07 	jmp	0xe74	; 0xe74 <__prologue_saves__+0x6>
 a1c:	6c 01       	movw	r12, r24
 a1e:	eb 01       	movw	r28, r22
 a20:	5a 01       	movw	r10, r20
 a22:	fc 01       	movw	r30, r24
 a24:	17 82       	std	Z+7, r1	; 0x07
 a26:	16 82       	std	Z+6, r1	; 0x06
 a28:	51 2c       	mov	r5, r1
 a2a:	f6 01       	movw	r30, r12
 a2c:	e3 80       	ldd	r14, Z+3	; 0x03
 a2e:	fe 01       	movw	r30, r28
 a30:	e3 fc       	sbrc	r14, 3
 a32:	85 91       	lpm	r24, Z+
 a34:	e3 fe       	sbrs	r14, 3
 a36:	81 91       	ld	r24, Z+
 a38:	18 2f       	mov	r17, r24
 a3a:	ef 01       	movw	r28, r30
 a3c:	88 23       	and	r24, r24
 a3e:	09 f4       	brne	.+2      	; 0xa42 <vfscanf+0x32>
 a40:	ee c0       	rjmp	.+476    	; 0xc1e <vfscanf+0x20e>
 a42:	90 e0       	ldi	r25, 0x00	; 0
 a44:	0e 94 19 06 	call	0xc32	; 0xc32 <isspace>
 a48:	89 2b       	or	r24, r25
 a4a:	21 f0       	breq	.+8      	; 0xa54 <vfscanf+0x44>
 a4c:	c6 01       	movw	r24, r12
 a4e:	0e 94 9f 03 	call	0x73e	; 0x73e <skip_spaces>
 a52:	eb cf       	rjmp	.-42     	; 0xa2a <vfscanf+0x1a>
 a54:	15 32       	cpi	r17, 0x25	; 37
 a56:	41 f4       	brne	.+16     	; 0xa68 <vfscanf+0x58>
 a58:	fe 01       	movw	r30, r28
 a5a:	e3 fc       	sbrc	r14, 3
 a5c:	15 91       	lpm	r17, Z+
 a5e:	e3 fe       	sbrs	r14, 3
 a60:	11 91       	ld	r17, Z+
 a62:	ef 01       	movw	r28, r30
 a64:	15 32       	cpi	r17, 0x25	; 37
 a66:	81 f4       	brne	.+32     	; 0xa88 <vfscanf+0x78>
 a68:	c6 01       	movw	r24, r12
 a6a:	0e 94 43 06 	call	0xc86	; 0xc86 <fgetc>
 a6e:	97 fd       	sbrc	r25, 7
 a70:	d4 c0       	rjmp	.+424    	; 0xc1a <vfscanf+0x20a>
 a72:	41 2f       	mov	r20, r17
 a74:	50 e0       	ldi	r21, 0x00	; 0
 a76:	9c 01       	movw	r18, r24
 a78:	33 27       	eor	r19, r19
 a7a:	24 17       	cp	r18, r20
 a7c:	35 07       	cpc	r19, r21
 a7e:	a9 f2       	breq	.-86     	; 0xa2a <vfscanf+0x1a>
 a80:	b6 01       	movw	r22, r12
 a82:	0e 94 bd 06 	call	0xd7a	; 0xd7a <ungetc>
 a86:	cb c0       	rjmp	.+406    	; 0xc1e <vfscanf+0x20e>
 a88:	1a 32       	cpi	r17, 0x2A	; 42
 a8a:	39 f4       	brne	.+14     	; 0xa9a <vfscanf+0x8a>
 a8c:	e3 fc       	sbrc	r14, 3
 a8e:	15 91       	lpm	r17, Z+
 a90:	e3 fe       	sbrs	r14, 3
 a92:	11 91       	ld	r17, Z+
 a94:	ef 01       	movw	r28, r30
 a96:	01 e0       	ldi	r16, 0x01	; 1
 a98:	01 c0       	rjmp	.+2      	; 0xa9c <vfscanf+0x8c>
 a9a:	00 e0       	ldi	r16, 0x00	; 0
 a9c:	f1 2c       	mov	r15, r1
 a9e:	20 ed       	ldi	r18, 0xD0	; 208
 aa0:	21 0f       	add	r18, r17
 aa2:	2a 30       	cpi	r18, 0x0A	; 10
 aa4:	80 f4       	brcc	.+32     	; 0xac6 <vfscanf+0xb6>
 aa6:	02 60       	ori	r16, 0x02	; 2
 aa8:	6f 2d       	mov	r22, r15
 aaa:	70 e0       	ldi	r23, 0x00	; 0
 aac:	80 e0       	ldi	r24, 0x00	; 0
 aae:	90 e0       	ldi	r25, 0x00	; 0
 ab0:	40 e2       	ldi	r20, 0x20	; 32
 ab2:	0e 94 78 03 	call	0x6f0	; 0x6f0 <mulacc>
 ab6:	f6 2e       	mov	r15, r22
 ab8:	fe 01       	movw	r30, r28
 aba:	e3 fc       	sbrc	r14, 3
 abc:	15 91       	lpm	r17, Z+
 abe:	e3 fe       	sbrs	r14, 3
 ac0:	11 91       	ld	r17, Z+
 ac2:	ef 01       	movw	r28, r30
 ac4:	ec cf       	rjmp	.-40     	; 0xa9e <vfscanf+0x8e>
 ac6:	01 ff       	sbrs	r16, 1
 ac8:	03 c0       	rjmp	.+6      	; 0xad0 <vfscanf+0xc0>
 aca:	f1 10       	cpse	r15, r1
 acc:	03 c0       	rjmp	.+6      	; 0xad4 <vfscanf+0xc4>
 ace:	a7 c0       	rjmp	.+334    	; 0xc1e <vfscanf+0x20e>
 ad0:	ff 24       	eor	r15, r15
 ad2:	fa 94       	dec	r15
 ad4:	18 36       	cpi	r17, 0x68	; 104
 ad6:	19 f0       	breq	.+6      	; 0xade <vfscanf+0xce>
 ad8:	1c 36       	cpi	r17, 0x6C	; 108
 ada:	51 f0       	breq	.+20     	; 0xaf0 <vfscanf+0xe0>
 adc:	10 c0       	rjmp	.+32     	; 0xafe <vfscanf+0xee>
 ade:	fe 01       	movw	r30, r28
 ae0:	e3 fc       	sbrc	r14, 3
 ae2:	15 91       	lpm	r17, Z+
 ae4:	e3 fe       	sbrs	r14, 3
 ae6:	11 91       	ld	r17, Z+
 ae8:	ef 01       	movw	r28, r30
 aea:	18 36       	cpi	r17, 0x68	; 104
 aec:	41 f4       	brne	.+16     	; 0xafe <vfscanf+0xee>
 aee:	08 60       	ori	r16, 0x08	; 8
 af0:	04 60       	ori	r16, 0x04	; 4
 af2:	fe 01       	movw	r30, r28
 af4:	e3 fc       	sbrc	r14, 3
 af6:	15 91       	lpm	r17, Z+
 af8:	e3 fe       	sbrs	r14, 3
 afa:	11 91       	ld	r17, Z+
 afc:	ef 01       	movw	r28, r30
 afe:	11 23       	and	r17, r17
 b00:	09 f4       	brne	.+2      	; 0xb04 <vfscanf+0xf4>
 b02:	8d c0       	rjmp	.+282    	; 0xc1e <vfscanf+0x20e>
 b04:	61 2f       	mov	r22, r17
 b06:	70 e0       	ldi	r23, 0x00	; 0
 b08:	88 e6       	ldi	r24, 0x68	; 104
 b0a:	90 e0       	ldi	r25, 0x00	; 0
 b0c:	0e 94 22 06 	call	0xc44	; 0xc44 <strchr_P>
 b10:	89 2b       	or	r24, r25
 b12:	09 f4       	brne	.+2      	; 0xb16 <vfscanf+0x106>
 b14:	84 c0       	rjmp	.+264    	; 0xc1e <vfscanf+0x20e>
 b16:	00 fd       	sbrc	r16, 0
 b18:	07 c0       	rjmp	.+14     	; 0xb28 <vfscanf+0x118>
 b1a:	f5 01       	movw	r30, r10
 b1c:	80 80       	ld	r8, Z
 b1e:	91 80       	ldd	r9, Z+1	; 0x01
 b20:	c5 01       	movw	r24, r10
 b22:	02 96       	adiw	r24, 0x02	; 2
 b24:	5c 01       	movw	r10, r24
 b26:	02 c0       	rjmp	.+4      	; 0xb2c <vfscanf+0x11c>
 b28:	81 2c       	mov	r8, r1
 b2a:	91 2c       	mov	r9, r1
 b2c:	1e 36       	cpi	r17, 0x6E	; 110
 b2e:	51 f4       	brne	.+20     	; 0xb44 <vfscanf+0x134>
 b30:	f6 01       	movw	r30, r12
 b32:	46 81       	ldd	r20, Z+6	; 0x06
 b34:	57 81       	ldd	r21, Z+7	; 0x07
 b36:	60 e0       	ldi	r22, 0x00	; 0
 b38:	70 e0       	ldi	r23, 0x00	; 0
 b3a:	20 2f       	mov	r18, r16
 b3c:	c4 01       	movw	r24, r8
 b3e:	0e 94 6c 03 	call	0x6d8	; 0x6d8 <putval>
 b42:	73 cf       	rjmp	.-282    	; 0xa2a <vfscanf+0x1a>
 b44:	13 36       	cpi	r17, 0x63	; 99
 b46:	a9 f4       	brne	.+42     	; 0xb72 <vfscanf+0x162>
 b48:	01 fd       	sbrc	r16, 1
 b4a:	02 c0       	rjmp	.+4      	; 0xb50 <vfscanf+0x140>
 b4c:	ff 24       	eor	r15, r15
 b4e:	f3 94       	inc	r15
 b50:	c6 01       	movw	r24, r12
 b52:	0e 94 43 06 	call	0xc86	; 0xc86 <fgetc>
 b56:	97 fd       	sbrc	r25, 7
 b58:	60 c0       	rjmp	.+192    	; 0xc1a <vfscanf+0x20a>
 b5a:	81 14       	cp	r8, r1
 b5c:	91 04       	cpc	r9, r1
 b5e:	29 f0       	breq	.+10     	; 0xb6a <vfscanf+0x15a>
 b60:	f4 01       	movw	r30, r8
 b62:	80 83       	st	Z, r24
 b64:	c4 01       	movw	r24, r8
 b66:	01 96       	adiw	r24, 0x01	; 1
 b68:	4c 01       	movw	r8, r24
 b6a:	fa 94       	dec	r15
 b6c:	f1 10       	cpse	r15, r1
 b6e:	f0 cf       	rjmp	.-32     	; 0xb50 <vfscanf+0x140>
 b70:	50 c0       	rjmp	.+160    	; 0xc12 <vfscanf+0x202>
 b72:	1b 35       	cpi	r17, 0x5B	; 91
 b74:	59 f4       	brne	.+22     	; 0xb8c <vfscanf+0x17c>
 b76:	9e 01       	movw	r18, r28
 b78:	a4 01       	movw	r20, r8
 b7a:	6f 2d       	mov	r22, r15
 b7c:	c6 01       	movw	r24, r12
 b7e:	0e 94 4a 04 	call	0x894	; 0x894 <conv_brk>
 b82:	ec 01       	movw	r28, r24
 b84:	89 2b       	or	r24, r25
 b86:	09 f0       	breq	.+2      	; 0xb8a <vfscanf+0x17a>
 b88:	44 c0       	rjmp	.+136    	; 0xc12 <vfscanf+0x202>
 b8a:	3e c0       	rjmp	.+124    	; 0xc08 <vfscanf+0x1f8>
 b8c:	c6 01       	movw	r24, r12
 b8e:	0e 94 9f 03 	call	0x73e	; 0x73e <skip_spaces>
 b92:	97 fd       	sbrc	r25, 7
 b94:	42 c0       	rjmp	.+132    	; 0xc1a <vfscanf+0x20a>
 b96:	1f 36       	cpi	r17, 0x6F	; 111
 b98:	61 f1       	breq	.+88     	; 0xbf2 <vfscanf+0x1e2>
 b9a:	28 f4       	brcc	.+10     	; 0xba6 <vfscanf+0x196>
 b9c:	14 36       	cpi	r17, 0x64	; 100
 b9e:	39 f1       	breq	.+78     	; 0xbee <vfscanf+0x1de>
 ba0:	19 36       	cpi	r17, 0x69	; 105
 ba2:	51 f1       	breq	.+84     	; 0xbf8 <vfscanf+0x1e8>
 ba4:	28 c0       	rjmp	.+80     	; 0xbf6 <vfscanf+0x1e6>
 ba6:	13 37       	cpi	r17, 0x73	; 115
 ba8:	71 f0       	breq	.+28     	; 0xbc6 <vfscanf+0x1b6>
 baa:	15 37       	cpi	r17, 0x75	; 117
 bac:	01 f1       	breq	.+64     	; 0xbee <vfscanf+0x1de>
 bae:	23 c0       	rjmp	.+70     	; 0xbf6 <vfscanf+0x1e6>
 bb0:	81 14       	cp	r8, r1
 bb2:	91 04       	cpc	r9, r1
 bb4:	29 f0       	breq	.+10     	; 0xbc0 <vfscanf+0x1b0>
 bb6:	f4 01       	movw	r30, r8
 bb8:	60 82       	st	Z, r6
 bba:	c4 01       	movw	r24, r8
 bbc:	01 96       	adiw	r24, 0x01	; 1
 bbe:	4c 01       	movw	r8, r24
 bc0:	fa 94       	dec	r15
 bc2:	ff 20       	and	r15, r15
 bc4:	71 f0       	breq	.+28     	; 0xbe2 <vfscanf+0x1d2>
 bc6:	c6 01       	movw	r24, r12
 bc8:	0e 94 43 06 	call	0xc86	; 0xc86 <fgetc>
 bcc:	3c 01       	movw	r6, r24
 bce:	97 fd       	sbrc	r25, 7
 bd0:	08 c0       	rjmp	.+16     	; 0xbe2 <vfscanf+0x1d2>
 bd2:	0e 94 19 06 	call	0xc32	; 0xc32 <isspace>
 bd6:	89 2b       	or	r24, r25
 bd8:	59 f3       	breq	.-42     	; 0xbb0 <vfscanf+0x1a0>
 bda:	b6 01       	movw	r22, r12
 bdc:	c3 01       	movw	r24, r6
 bde:	0e 94 bd 06 	call	0xd7a	; 0xd7a <ungetc>
 be2:	81 14       	cp	r8, r1
 be4:	91 04       	cpc	r9, r1
 be6:	a9 f0       	breq	.+42     	; 0xc12 <vfscanf+0x202>
 be8:	f4 01       	movw	r30, r8
 bea:	10 82       	st	Z, r1
 bec:	12 c0       	rjmp	.+36     	; 0xc12 <vfscanf+0x202>
 bee:	00 62       	ori	r16, 0x20	; 32
 bf0:	03 c0       	rjmp	.+6      	; 0xbf8 <vfscanf+0x1e8>
 bf2:	00 61       	ori	r16, 0x10	; 16
 bf4:	01 c0       	rjmp	.+2      	; 0xbf8 <vfscanf+0x1e8>
 bf6:	00 64       	ori	r16, 0x40	; 64
 bf8:	20 2f       	mov	r18, r16
 bfa:	a4 01       	movw	r20, r8
 bfc:	6f 2d       	mov	r22, r15
 bfe:	c6 01       	movw	r24, r12
 c00:	0e 94 b8 03 	call	0x770	; 0x770 <conv_int>
 c04:	81 11       	cpse	r24, r1
 c06:	05 c0       	rjmp	.+10     	; 0xc12 <vfscanf+0x202>
 c08:	f6 01       	movw	r30, r12
 c0a:	83 81       	ldd	r24, Z+3	; 0x03
 c0c:	80 73       	andi	r24, 0x30	; 48
 c0e:	29 f4       	brne	.+10     	; 0xc1a <vfscanf+0x20a>
 c10:	06 c0       	rjmp	.+12     	; 0xc1e <vfscanf+0x20e>
 c12:	00 fd       	sbrc	r16, 0
 c14:	0a cf       	rjmp	.-492    	; 0xa2a <vfscanf+0x1a>
 c16:	53 94       	inc	r5
 c18:	08 cf       	rjmp	.-496    	; 0xa2a <vfscanf+0x1a>
 c1a:	55 20       	and	r5, r5
 c1c:	19 f0       	breq	.+6      	; 0xc24 <vfscanf+0x214>
 c1e:	85 2d       	mov	r24, r5
 c20:	90 e0       	ldi	r25, 0x00	; 0
 c22:	02 c0       	rjmp	.+4      	; 0xc28 <vfscanf+0x218>
 c24:	8f ef       	ldi	r24, 0xFF	; 255
 c26:	9f ef       	ldi	r25, 0xFF	; 255
 c28:	cd b7       	in	r28, 0x3d	; 61
 c2a:	de b7       	in	r29, 0x3e	; 62
 c2c:	ef e0       	ldi	r30, 0x0F	; 15
 c2e:	0c 94 56 07 	jmp	0xeac	; 0xeac <__epilogue_restores__+0x6>

00000c32 <isspace>:
 c32:	91 11       	cpse	r25, r1
 c34:	0c 94 34 07 	jmp	0xe68	; 0xe68 <__ctype_isfalse>
 c38:	80 32       	cpi	r24, 0x20	; 32
 c3a:	19 f0       	breq	.+6      	; 0xc42 <isspace+0x10>
 c3c:	89 50       	subi	r24, 0x09	; 9
 c3e:	85 50       	subi	r24, 0x05	; 5
 c40:	c8 f7       	brcc	.-14     	; 0xc34 <isspace+0x2>
 c42:	08 95       	ret

00000c44 <strchr_P>:
 c44:	fc 01       	movw	r30, r24
 c46:	05 90       	lpm	r0, Z+
 c48:	06 16       	cp	r0, r22
 c4a:	21 f0       	breq	.+8      	; 0xc54 <strchr_P+0x10>
 c4c:	00 20       	and	r0, r0
 c4e:	d9 f7       	brne	.-10     	; 0xc46 <strchr_P+0x2>
 c50:	c0 01       	movw	r24, r0
 c52:	08 95       	ret
 c54:	31 97       	sbiw	r30, 0x01	; 1
 c56:	cf 01       	movw	r24, r30
 c58:	08 95       	ret

00000c5a <strnlen_P>:
 c5a:	fc 01       	movw	r30, r24
 c5c:	05 90       	lpm	r0, Z+
 c5e:	61 50       	subi	r22, 0x01	; 1
 c60:	70 40       	sbci	r23, 0x00	; 0
 c62:	01 10       	cpse	r0, r1
 c64:	d8 f7       	brcc	.-10     	; 0xc5c <strnlen_P+0x2>
 c66:	80 95       	com	r24
 c68:	90 95       	com	r25
 c6a:	8e 0f       	add	r24, r30
 c6c:	9f 1f       	adc	r25, r31
 c6e:	08 95       	ret

00000c70 <strnlen>:
 c70:	fc 01       	movw	r30, r24
 c72:	61 50       	subi	r22, 0x01	; 1
 c74:	70 40       	sbci	r23, 0x00	; 0
 c76:	01 90       	ld	r0, Z+
 c78:	01 10       	cpse	r0, r1
 c7a:	d8 f7       	brcc	.-10     	; 0xc72 <strnlen+0x2>
 c7c:	80 95       	com	r24
 c7e:	90 95       	com	r25
 c80:	8e 0f       	add	r24, r30
 c82:	9f 1f       	adc	r25, r31
 c84:	08 95       	ret

00000c86 <fgetc>:
 c86:	cf 93       	push	r28
 c88:	df 93       	push	r29
 c8a:	ec 01       	movw	r28, r24
 c8c:	2b 81       	ldd	r18, Y+3	; 0x03
 c8e:	20 ff       	sbrs	r18, 0
 c90:	33 c0       	rjmp	.+102    	; 0xcf8 <fgetc+0x72>
 c92:	26 ff       	sbrs	r18, 6
 c94:	0a c0       	rjmp	.+20     	; 0xcaa <fgetc+0x24>
 c96:	2f 7b       	andi	r18, 0xBF	; 191
 c98:	2b 83       	std	Y+3, r18	; 0x03
 c9a:	8e 81       	ldd	r24, Y+6	; 0x06
 c9c:	9f 81       	ldd	r25, Y+7	; 0x07
 c9e:	01 96       	adiw	r24, 0x01	; 1
 ca0:	9f 83       	std	Y+7, r25	; 0x07
 ca2:	8e 83       	std	Y+6, r24	; 0x06
 ca4:	8a 81       	ldd	r24, Y+2	; 0x02
 ca6:	90 e0       	ldi	r25, 0x00	; 0
 ca8:	29 c0       	rjmp	.+82     	; 0xcfc <fgetc+0x76>
 caa:	22 ff       	sbrs	r18, 2
 cac:	0f c0       	rjmp	.+30     	; 0xccc <fgetc+0x46>
 cae:	e8 81       	ld	r30, Y
 cb0:	f9 81       	ldd	r31, Y+1	; 0x01
 cb2:	80 81       	ld	r24, Z
 cb4:	08 2e       	mov	r0, r24
 cb6:	00 0c       	add	r0, r0
 cb8:	99 0b       	sbc	r25, r25
 cba:	00 97       	sbiw	r24, 0x00	; 0
 cbc:	19 f4       	brne	.+6      	; 0xcc4 <fgetc+0x3e>
 cbe:	20 62       	ori	r18, 0x20	; 32
 cc0:	2b 83       	std	Y+3, r18	; 0x03
 cc2:	1a c0       	rjmp	.+52     	; 0xcf8 <fgetc+0x72>
 cc4:	31 96       	adiw	r30, 0x01	; 1
 cc6:	f9 83       	std	Y+1, r31	; 0x01
 cc8:	e8 83       	st	Y, r30
 cca:	0e c0       	rjmp	.+28     	; 0xce8 <fgetc+0x62>
 ccc:	ea 85       	ldd	r30, Y+10	; 0x0a
 cce:	fb 85       	ldd	r31, Y+11	; 0x0b
 cd0:	09 95       	icall
 cd2:	97 ff       	sbrs	r25, 7
 cd4:	09 c0       	rjmp	.+18     	; 0xce8 <fgetc+0x62>
 cd6:	2b 81       	ldd	r18, Y+3	; 0x03
 cd8:	01 96       	adiw	r24, 0x01	; 1
 cda:	11 f0       	breq	.+4      	; 0xce0 <fgetc+0x5a>
 cdc:	80 e2       	ldi	r24, 0x20	; 32
 cde:	01 c0       	rjmp	.+2      	; 0xce2 <fgetc+0x5c>
 ce0:	80 e1       	ldi	r24, 0x10	; 16
 ce2:	82 2b       	or	r24, r18
 ce4:	8b 83       	std	Y+3, r24	; 0x03
 ce6:	08 c0       	rjmp	.+16     	; 0xcf8 <fgetc+0x72>
 ce8:	2e 81       	ldd	r18, Y+6	; 0x06
 cea:	3f 81       	ldd	r19, Y+7	; 0x07
 cec:	2f 5f       	subi	r18, 0xFF	; 255
 cee:	3f 4f       	sbci	r19, 0xFF	; 255
 cf0:	3f 83       	std	Y+7, r19	; 0x07
 cf2:	2e 83       	std	Y+6, r18	; 0x06
 cf4:	99 27       	eor	r25, r25
 cf6:	02 c0       	rjmp	.+4      	; 0xcfc <fgetc+0x76>
 cf8:	8f ef       	ldi	r24, 0xFF	; 255
 cfa:	9f ef       	ldi	r25, 0xFF	; 255
 cfc:	df 91       	pop	r29
 cfe:	cf 91       	pop	r28
 d00:	08 95       	ret

00000d02 <fputc>:
 d02:	0f 93       	push	r16
 d04:	1f 93       	push	r17
 d06:	cf 93       	push	r28
 d08:	df 93       	push	r29
 d0a:	fb 01       	movw	r30, r22
 d0c:	23 81       	ldd	r18, Z+3	; 0x03
 d0e:	21 fd       	sbrc	r18, 1
 d10:	03 c0       	rjmp	.+6      	; 0xd18 <fputc+0x16>
 d12:	8f ef       	ldi	r24, 0xFF	; 255
 d14:	9f ef       	ldi	r25, 0xFF	; 255
 d16:	2c c0       	rjmp	.+88     	; 0xd70 <fputc+0x6e>
 d18:	22 ff       	sbrs	r18, 2
 d1a:	16 c0       	rjmp	.+44     	; 0xd48 <fputc+0x46>
 d1c:	46 81       	ldd	r20, Z+6	; 0x06
 d1e:	57 81       	ldd	r21, Z+7	; 0x07
 d20:	24 81       	ldd	r18, Z+4	; 0x04
 d22:	35 81       	ldd	r19, Z+5	; 0x05
 d24:	42 17       	cp	r20, r18
 d26:	53 07       	cpc	r21, r19
 d28:	44 f4       	brge	.+16     	; 0xd3a <fputc+0x38>
 d2a:	a0 81       	ld	r26, Z
 d2c:	b1 81       	ldd	r27, Z+1	; 0x01
 d2e:	9d 01       	movw	r18, r26
 d30:	2f 5f       	subi	r18, 0xFF	; 255
 d32:	3f 4f       	sbci	r19, 0xFF	; 255
 d34:	31 83       	std	Z+1, r19	; 0x01
 d36:	20 83       	st	Z, r18
 d38:	8c 93       	st	X, r24
 d3a:	26 81       	ldd	r18, Z+6	; 0x06
 d3c:	37 81       	ldd	r19, Z+7	; 0x07
 d3e:	2f 5f       	subi	r18, 0xFF	; 255
 d40:	3f 4f       	sbci	r19, 0xFF	; 255
 d42:	37 83       	std	Z+7, r19	; 0x07
 d44:	26 83       	std	Z+6, r18	; 0x06
 d46:	14 c0       	rjmp	.+40     	; 0xd70 <fputc+0x6e>
 d48:	8b 01       	movw	r16, r22
 d4a:	ec 01       	movw	r28, r24
 d4c:	fb 01       	movw	r30, r22
 d4e:	00 84       	ldd	r0, Z+8	; 0x08
 d50:	f1 85       	ldd	r31, Z+9	; 0x09
 d52:	e0 2d       	mov	r30, r0
 d54:	09 95       	icall
 d56:	89 2b       	or	r24, r25
 d58:	e1 f6       	brne	.-72     	; 0xd12 <fputc+0x10>
 d5a:	d8 01       	movw	r26, r16
 d5c:	16 96       	adiw	r26, 0x06	; 6
 d5e:	8d 91       	ld	r24, X+
 d60:	9c 91       	ld	r25, X
 d62:	17 97       	sbiw	r26, 0x07	; 7
 d64:	01 96       	adiw	r24, 0x01	; 1
 d66:	17 96       	adiw	r26, 0x07	; 7
 d68:	9c 93       	st	X, r25
 d6a:	8e 93       	st	-X, r24
 d6c:	16 97       	sbiw	r26, 0x06	; 6
 d6e:	ce 01       	movw	r24, r28
 d70:	df 91       	pop	r29
 d72:	cf 91       	pop	r28
 d74:	1f 91       	pop	r17
 d76:	0f 91       	pop	r16
 d78:	08 95       	ret

00000d7a <ungetc>:
 d7a:	fb 01       	movw	r30, r22
 d7c:	23 81       	ldd	r18, Z+3	; 0x03
 d7e:	20 ff       	sbrs	r18, 0
 d80:	12 c0       	rjmp	.+36     	; 0xda6 <ungetc+0x2c>
 d82:	26 fd       	sbrc	r18, 6
 d84:	10 c0       	rjmp	.+32     	; 0xda6 <ungetc+0x2c>
 d86:	8f 3f       	cpi	r24, 0xFF	; 255
 d88:	3f ef       	ldi	r19, 0xFF	; 255
 d8a:	93 07       	cpc	r25, r19
 d8c:	61 f0       	breq	.+24     	; 0xda6 <ungetc+0x2c>
 d8e:	82 83       	std	Z+2, r24	; 0x02
 d90:	2f 7d       	andi	r18, 0xDF	; 223
 d92:	20 64       	ori	r18, 0x40	; 64
 d94:	23 83       	std	Z+3, r18	; 0x03
 d96:	26 81       	ldd	r18, Z+6	; 0x06
 d98:	37 81       	ldd	r19, Z+7	; 0x07
 d9a:	21 50       	subi	r18, 0x01	; 1
 d9c:	31 09       	sbc	r19, r1
 d9e:	37 83       	std	Z+7, r19	; 0x07
 da0:	26 83       	std	Z+6, r18	; 0x06
 da2:	99 27       	eor	r25, r25
 da4:	08 95       	ret
 da6:	8f ef       	ldi	r24, 0xFF	; 255
 da8:	9f ef       	ldi	r25, 0xFF	; 255
 daa:	08 95       	ret

00000dac <__ultoa_invert>:
 dac:	fa 01       	movw	r30, r20
 dae:	aa 27       	eor	r26, r26
 db0:	28 30       	cpi	r18, 0x08	; 8
 db2:	51 f1       	breq	.+84     	; 0xe08 <__ultoa_invert+0x5c>
 db4:	20 31       	cpi	r18, 0x10	; 16
 db6:	81 f1       	breq	.+96     	; 0xe18 <__ultoa_invert+0x6c>
 db8:	e8 94       	clt
 dba:	6f 93       	push	r22
 dbc:	6e 7f       	andi	r22, 0xFE	; 254
 dbe:	6e 5f       	subi	r22, 0xFE	; 254
 dc0:	7f 4f       	sbci	r23, 0xFF	; 255
 dc2:	8f 4f       	sbci	r24, 0xFF	; 255
 dc4:	9f 4f       	sbci	r25, 0xFF	; 255
 dc6:	af 4f       	sbci	r26, 0xFF	; 255
 dc8:	b1 e0       	ldi	r27, 0x01	; 1
 dca:	3e d0       	rcall	.+124    	; 0xe48 <__ultoa_invert+0x9c>
 dcc:	b4 e0       	ldi	r27, 0x04	; 4
 dce:	3c d0       	rcall	.+120    	; 0xe48 <__ultoa_invert+0x9c>
 dd0:	67 0f       	add	r22, r23
 dd2:	78 1f       	adc	r23, r24
 dd4:	89 1f       	adc	r24, r25
 dd6:	9a 1f       	adc	r25, r26
 dd8:	a1 1d       	adc	r26, r1
 dda:	68 0f       	add	r22, r24
 ddc:	79 1f       	adc	r23, r25
 dde:	8a 1f       	adc	r24, r26
 de0:	91 1d       	adc	r25, r1
 de2:	a1 1d       	adc	r26, r1
 de4:	6a 0f       	add	r22, r26
 de6:	71 1d       	adc	r23, r1
 de8:	81 1d       	adc	r24, r1
 dea:	91 1d       	adc	r25, r1
 dec:	a1 1d       	adc	r26, r1
 dee:	20 d0       	rcall	.+64     	; 0xe30 <__ultoa_invert+0x84>
 df0:	09 f4       	brne	.+2      	; 0xdf4 <__ultoa_invert+0x48>
 df2:	68 94       	set
 df4:	3f 91       	pop	r19
 df6:	2a e0       	ldi	r18, 0x0A	; 10
 df8:	26 9f       	mul	r18, r22
 dfa:	11 24       	eor	r1, r1
 dfc:	30 19       	sub	r19, r0
 dfe:	30 5d       	subi	r19, 0xD0	; 208
 e00:	31 93       	st	Z+, r19
 e02:	de f6       	brtc	.-74     	; 0xdba <__ultoa_invert+0xe>
 e04:	cf 01       	movw	r24, r30
 e06:	08 95       	ret
 e08:	46 2f       	mov	r20, r22
 e0a:	47 70       	andi	r20, 0x07	; 7
 e0c:	40 5d       	subi	r20, 0xD0	; 208
 e0e:	41 93       	st	Z+, r20
 e10:	b3 e0       	ldi	r27, 0x03	; 3
 e12:	0f d0       	rcall	.+30     	; 0xe32 <__ultoa_invert+0x86>
 e14:	c9 f7       	brne	.-14     	; 0xe08 <__ultoa_invert+0x5c>
 e16:	f6 cf       	rjmp	.-20     	; 0xe04 <__ultoa_invert+0x58>
 e18:	46 2f       	mov	r20, r22
 e1a:	4f 70       	andi	r20, 0x0F	; 15
 e1c:	40 5d       	subi	r20, 0xD0	; 208
 e1e:	4a 33       	cpi	r20, 0x3A	; 58
 e20:	18 f0       	brcs	.+6      	; 0xe28 <__ultoa_invert+0x7c>
 e22:	49 5d       	subi	r20, 0xD9	; 217
 e24:	31 fd       	sbrc	r19, 1
 e26:	40 52       	subi	r20, 0x20	; 32
 e28:	41 93       	st	Z+, r20
 e2a:	02 d0       	rcall	.+4      	; 0xe30 <__ultoa_invert+0x84>
 e2c:	a9 f7       	brne	.-22     	; 0xe18 <__ultoa_invert+0x6c>
 e2e:	ea cf       	rjmp	.-44     	; 0xe04 <__ultoa_invert+0x58>
 e30:	b4 e0       	ldi	r27, 0x04	; 4
 e32:	a6 95       	lsr	r26
 e34:	97 95       	ror	r25
 e36:	87 95       	ror	r24
 e38:	77 95       	ror	r23
 e3a:	67 95       	ror	r22
 e3c:	ba 95       	dec	r27
 e3e:	c9 f7       	brne	.-14     	; 0xe32 <__ultoa_invert+0x86>
 e40:	00 97       	sbiw	r24, 0x00	; 0
 e42:	61 05       	cpc	r22, r1
 e44:	71 05       	cpc	r23, r1
 e46:	08 95       	ret
 e48:	9b 01       	movw	r18, r22
 e4a:	ac 01       	movw	r20, r24
 e4c:	0a 2e       	mov	r0, r26
 e4e:	06 94       	lsr	r0
 e50:	57 95       	ror	r21
 e52:	47 95       	ror	r20
 e54:	37 95       	ror	r19
 e56:	27 95       	ror	r18
 e58:	ba 95       	dec	r27
 e5a:	c9 f7       	brne	.-14     	; 0xe4e <__ultoa_invert+0xa2>
 e5c:	62 0f       	add	r22, r18
 e5e:	73 1f       	adc	r23, r19
 e60:	84 1f       	adc	r24, r20
 e62:	95 1f       	adc	r25, r21
 e64:	a0 1d       	adc	r26, r0
 e66:	08 95       	ret

00000e68 <__ctype_isfalse>:
 e68:	99 27       	eor	r25, r25
 e6a:	88 27       	eor	r24, r24

00000e6c <__ctype_istrue>:
 e6c:	08 95       	ret

00000e6e <__prologue_saves__>:
 e6e:	2f 92       	push	r2
 e70:	3f 92       	push	r3
 e72:	4f 92       	push	r4
 e74:	5f 92       	push	r5
 e76:	6f 92       	push	r6
 e78:	7f 92       	push	r7
 e7a:	8f 92       	push	r8
 e7c:	9f 92       	push	r9
 e7e:	af 92       	push	r10
 e80:	bf 92       	push	r11
 e82:	cf 92       	push	r12
 e84:	df 92       	push	r13
 e86:	ef 92       	push	r14
 e88:	ff 92       	push	r15
 e8a:	0f 93       	push	r16
 e8c:	1f 93       	push	r17
 e8e:	cf 93       	push	r28
 e90:	df 93       	push	r29
 e92:	cd b7       	in	r28, 0x3d	; 61
 e94:	de b7       	in	r29, 0x3e	; 62
 e96:	ca 1b       	sub	r28, r26
 e98:	db 0b       	sbc	r29, r27
 e9a:	0f b6       	in	r0, 0x3f	; 63
 e9c:	f8 94       	cli
 e9e:	de bf       	out	0x3e, r29	; 62
 ea0:	0f be       	out	0x3f, r0	; 63
 ea2:	cd bf       	out	0x3d, r28	; 61
 ea4:	09 94       	ijmp

00000ea6 <__epilogue_restores__>:
 ea6:	2a 88       	ldd	r2, Y+18	; 0x12
 ea8:	39 88       	ldd	r3, Y+17	; 0x11
 eaa:	48 88       	ldd	r4, Y+16	; 0x10
 eac:	5f 84       	ldd	r5, Y+15	; 0x0f
 eae:	6e 84       	ldd	r6, Y+14	; 0x0e
 eb0:	7d 84       	ldd	r7, Y+13	; 0x0d
 eb2:	8c 84       	ldd	r8, Y+12	; 0x0c
 eb4:	9b 84       	ldd	r9, Y+11	; 0x0b
 eb6:	aa 84       	ldd	r10, Y+10	; 0x0a
 eb8:	b9 84       	ldd	r11, Y+9	; 0x09
 eba:	c8 84       	ldd	r12, Y+8	; 0x08
 ebc:	df 80       	ldd	r13, Y+7	; 0x07
 ebe:	ee 80       	ldd	r14, Y+6	; 0x06
 ec0:	fd 80       	ldd	r15, Y+5	; 0x05
 ec2:	0c 81       	ldd	r16, Y+4	; 0x04
 ec4:	1b 81       	ldd	r17, Y+3	; 0x03
 ec6:	aa 81       	ldd	r26, Y+2	; 0x02
 ec8:	b9 81       	ldd	r27, Y+1	; 0x01
 eca:	ce 0f       	add	r28, r30
 ecc:	d1 1d       	adc	r29, r1
 ece:	0f b6       	in	r0, 0x3f	; 63
 ed0:	f8 94       	cli
 ed2:	de bf       	out	0x3e, r29	; 62
 ed4:	0f be       	out	0x3f, r0	; 63
 ed6:	cd bf       	out	0x3d, r28	; 61
 ed8:	ed 01       	movw	r28, r26
 eda:	08 95       	ret

00000edc <_exit>:
 edc:	f8 94       	cli

00000ede <__stop_program>:
 ede:	ff cf       	rjmp	.-2      	; 0xede <__stop_program>
