
main.elf:     file format elf32-avr

Sections:
Idx Name          Size      VMA       LMA       File off  Algn
  0 .data         00000018  00800100  00000c58  00000cec  2**0
                  CONTENTS, ALLOC, LOAD, DATA
  1 .text         00000c58  00000000  00000000  00000094  2**1
                  CONTENTS, ALLOC, LOAD, READONLY, CODE
  2 .bss          00000014  00800118  00800118  00000d04  2**0
                  ALLOC
  3 .stab         000008dc  00000000  00000000  00000d04  2**2
                  CONTENTS, READONLY, DEBUGGING
  4 .stabstr      00000eb4  00000000  00000000  000015e0  2**0
                  CONTENTS, READONLY, DEBUGGING
  5 .comment      00000011  00000000  00000000  00002494  2**0
                  CONTENTS, READONLY
  6 .note.gnu.avr.deviceinfo 00000040  00000000  00000000  000024a8  2**2
                  CONTENTS, READONLY
  7 .debug_info   000005f4  00000000  00000000  000024e8  2**0
                  CONTENTS, READONLY, DEBUGGING
  8 .debug_abbrev 000005a2  00000000  00000000  00002adc  2**0
                  CONTENTS, READONLY, DEBUGGING
  9 .debug_line   0000001a  00000000  00000000  0000307e  2**0
                  CONTENTS, READONLY, DEBUGGING
 10 .debug_str    00000208  00000000  00000000  00003098  2**0
                  CONTENTS, READONLY, DEBUGGING

Disassembly of section .text:

00000000 <__vectors>:
   0:	0c 94 34 00 	jmp	0x68	; 0x68 <__ctors_end>
   4:	0c 94 51 00 	jmp	0xa2	; 0xa2 <__bad_interrupt>
   8:	0c 94 51 00 	jmp	0xa2	; 0xa2 <__bad_interrupt>
   c:	0c 94 51 00 	jmp	0xa2	; 0xa2 <__bad_interrupt>
  10:	0c 94 51 00 	jmp	0xa2	; 0xa2 <__bad_interrupt>
  14:	0c 94 51 00 	jmp	0xa2	; 0xa2 <__bad_interrupt>
  18:	0c 94 51 00 	jmp	0xa2	; 0xa2 <__bad_interrupt>
  1c:	0c 94 51 00 	jmp	0xa2	; 0xa2 <__bad_interrupt>
  20:	0c 94 51 00 	jmp	0xa2	; 0xa2 <__bad_interrupt>
  24:	0c 94 51 00 	jmp	0xa2	; 0xa2 <__bad_interrupt>
  28:	0c 94 51 00 	jmp	0xa2	; 0xa2 <__bad_interrupt>
  2c:	0c 94 51 00 	jmp	0xa2	; 0xa2 <__bad_interrupt>
  30:	0c 94 51 00 	jmp	0xa2	; 0xa2 <__bad_interrupt>
  34:	0c 94 51 00 	jmp	0xa2	; 0xa2 <__bad_interrupt>
  38:	0c 94 51 00 	jmp	0xa2	; 0xa2 <__bad_interrupt>
  3c:	0c 94 51 00 	jmp	0xa2	; 0xa2 <__bad_interrupt>
  40:	0c 94 51 00 	jmp	0xa2	; 0xa2 <__bad_interrupt>
  44:	0c 94 51 00 	jmp	0xa2	; 0xa2 <__bad_interrupt>
  48:	0c 94 51 00 	jmp	0xa2	; 0xa2 <__bad_interrupt>
  4c:	0c 94 51 00 	jmp	0xa2	; 0xa2 <__bad_interrupt>
  50:	0c 94 51 00 	jmp	0xa2	; 0xa2 <__bad_interrupt>
  54:	0c 94 51 00 	jmp	0xa2	; 0xa2 <__bad_interrupt>
  58:	0c 94 51 00 	jmp	0xa2	; 0xa2 <__bad_interrupt>
  5c:	0c 94 51 00 	jmp	0xa2	; 0xa2 <__bad_interrupt>
  60:	0c 94 51 00 	jmp	0xa2	; 0xa2 <__bad_interrupt>
  64:	0c 94 51 00 	jmp	0xa2	; 0xa2 <__bad_interrupt>

00000068 <__ctors_end>:
  68:	11 24       	eor	r1, r1
  6a:	1f be       	out	0x3f, r1	; 63
  6c:	cf ef       	ldi	r28, 0xFF	; 255
  6e:	d8 e0       	ldi	r29, 0x08	; 8
  70:	de bf       	out	0x3e, r29	; 62
  72:	cd bf       	out	0x3d, r28	; 61

00000074 <__do_copy_data>:
  74:	11 e0       	ldi	r17, 0x01	; 1
  76:	a0 e0       	ldi	r26, 0x00	; 0
  78:	b1 e0       	ldi	r27, 0x01	; 1
  7a:	e8 e5       	ldi	r30, 0x58	; 88
  7c:	fc e0       	ldi	r31, 0x0C	; 12
  7e:	02 c0       	rjmp	.+4      	; 0x84 <__do_copy_data+0x10>
  80:	05 90       	lpm	r0, Z+
  82:	0d 92       	st	X+, r0
  84:	a8 31       	cpi	r26, 0x18	; 24
  86:	b1 07       	cpc	r27, r17
  88:	d9 f7       	brne	.-10     	; 0x80 <__do_copy_data+0xc>

0000008a <__do_clear_bss>:
  8a:	21 e0       	ldi	r18, 0x01	; 1
  8c:	a8 e1       	ldi	r26, 0x18	; 24
  8e:	b1 e0       	ldi	r27, 0x01	; 1
  90:	01 c0       	rjmp	.+2      	; 0x94 <.do_clear_bss_start>

00000092 <.do_clear_bss_loop>:
  92:	1d 92       	st	X+, r1

00000094 <.do_clear_bss_start>:
  94:	ac 32       	cpi	r26, 0x2C	; 44
  96:	b2 07       	cpc	r27, r18
  98:	e1 f7       	brne	.-8      	; 0x92 <.do_clear_bss_loop>
  9a:	0e 94 8d 00 	call	0x11a	; 0x11a <main>
  9e:	0c 94 2a 06 	jmp	0xc54	; 0xc54 <_exit>

000000a2 <__bad_interrupt>:
  a2:	0c 94 00 00 	jmp	0	; 0x0 <__vectors>

000000a6 <uart_transmit>:

// transmisja jednego znaku
int uart_transmit(char data, FILE *stream)
{
  // czekaj aż transmiter gotowy
  while(!(UCSR0A & _BV(UDRE0)));
  a6:	90 91 c0 00 	lds	r25, 0x00C0	; 0x8000c0 <__TEXT_REGION_LENGTH__+0x7f80c0>
  aa:	95 ff       	sbrs	r25, 5
  ac:	fc cf       	rjmp	.-8      	; 0xa6 <uart_transmit>
  UDR0 = data;
  ae:	80 93 c6 00 	sts	0x00C6, r24	; 0x8000c6 <__TEXT_REGION_LENGTH__+0x7f80c6>
  return 0;
}
  b2:	80 e0       	ldi	r24, 0x00	; 0
  b4:	90 e0       	ldi	r25, 0x00	; 0
  b6:	08 95       	ret

000000b8 <uart_receive>:

// odczyt jednego znaku
int uart_receive(FILE *stream)
{
  // czekaj aż znak dostępny
  while (!(UCSR0A & _BV(RXC0)));
  b8:	80 91 c0 00 	lds	r24, 0x00C0	; 0x8000c0 <__TEXT_REGION_LENGTH__+0x7f80c0>
  bc:	87 ff       	sbrs	r24, 7
  be:	fc cf       	rjmp	.-8      	; 0xb8 <uart_receive>
  return UDR0;
  c0:	80 91 c6 00 	lds	r24, 0x00C6	; 0x8000c6 <__TEXT_REGION_LENGTH__+0x7f80c6>
}
  c4:	90 e0       	ldi	r25, 0x00	; 0
  c6:	08 95       	ret

000000c8 <uart_init>:

// inicjalizacja UART
void uart_init()
{
  // ustaw baudrate
  UBRR0 = UBRR_VALUE;
  c8:	87 e6       	ldi	r24, 0x67	; 103
  ca:	90 e0       	ldi	r25, 0x00	; 0
  cc:	90 93 c5 00 	sts	0x00C5, r25	; 0x8000c5 <__TEXT_REGION_LENGTH__+0x7f80c5>
  d0:	80 93 c4 00 	sts	0x00C4, r24	; 0x8000c4 <__TEXT_REGION_LENGTH__+0x7f80c4>
  // włącz odbiornik i nadajnik
  UCSR0B = _BV(RXEN0) | _BV(TXEN0);
  d4:	88 e1       	ldi	r24, 0x18	; 24
  d6:	80 93 c1 00 	sts	0x00C1, r24	; 0x8000c1 <__TEXT_REGION_LENGTH__+0x7f80c1>
  // ustaw format 8n1
  UCSR0C = _BV(UCSZ00) | _BV(UCSZ01);
  da:	86 e0       	ldi	r24, 0x06	; 6
  dc:	80 93 c2 00 	sts	0x00C2, r24	; 0x8000c2 <__TEXT_REGION_LENGTH__+0x7f80c2>
  e0:	08 95       	ret

000000e2 <adc_init>:
}

// inicjalizacja ADC
void adc_init()
{
  ADMUX   = _BV(REFS0); // referencja AVcc, wejście ADC0
  e2:	80 e4       	ldi	r24, 0x40	; 64
  e4:	80 93 7c 00 	sts	0x007C, r24	; 0x80007c <__TEXT_REGION_LENGTH__+0x7f807c>
  DIDR0   = _BV(ADC0D); // wyłącz wejście cyfrowe na ADC0
  e8:	81 e0       	ldi	r24, 0x01	; 1
  ea:	80 93 7e 00 	sts	0x007E, r24	; 0x80007e <__TEXT_REGION_LENGTH__+0x7f807e>
  // częstotliwość zegara ADC 125 kHz (16 MHz / 128)
  ADCSRA  = _BV(ADPS0) | _BV(ADPS1) | _BV(ADPS2); // preskaler 128
  ee:	ea e7       	ldi	r30, 0x7A	; 122
  f0:	f0 e0       	ldi	r31, 0x00	; 0
  f2:	87 e0       	ldi	r24, 0x07	; 7
  f4:	80 83       	st	Z, r24
  ADCSRA |= _BV(ADEN); // włącz ADC
  f6:	80 81       	ld	r24, Z
  f8:	80 68       	ori	r24, 0x80	; 128
  fa:	80 83       	st	Z, r24
  fc:	08 95       	ret

000000fe <timer1_init>:
  // WGM1  = 1110 -- fast PWM top=ICR1
  // CS1   = CS10 - bez prescalera
  // ICR1  = 1023
  // częstotliwość 16e6/(1024*(1+15624)) = 1 Hz
  // wzór: datasheet 20.12.3 str. 164
  ICR1 = 1023;
  fe:	8f ef       	ldi	r24, 0xFF	; 255
 100:	93 e0       	ldi	r25, 0x03	; 3
 102:	90 93 87 00 	sts	0x0087, r25	; 0x800087 <__TEXT_REGION_LENGTH__+0x7f8087>
 106:	80 93 86 00 	sts	0x0086, r24	; 0x800086 <__TEXT_REGION_LENGTH__+0x7f8086>
  TCCR1A = _BV(COM1A1) | _BV(WGM11);
 10a:	82 e8       	ldi	r24, 0x82	; 130
 10c:	80 93 80 00 	sts	0x0080, r24	; 0x800080 <__TEXT_REGION_LENGTH__+0x7f8080>
  TCCR1B = _BV(WGM12) | _BV(WGM13) | _BV(CS10);
 110:	89 e1       	ldi	r24, 0x19	; 25
 112:	80 93 81 00 	sts	0x0081, r24	; 0x800081 <__TEXT_REGION_LENGTH__+0x7f8081>
  // ustaw pin OC1A (PB1) jako wyjście
  DDRB |= _BV(PB1);
 116:	21 9a       	sbi	0x04, 1	; 4
 118:	08 95       	ret

0000011a <main>:

// inicjalizacja UART
void uart_init()
{
  // ustaw baudrate
  UBRR0 = UBRR_VALUE;
 11a:	87 e6       	ldi	r24, 0x67	; 103
 11c:	90 e0       	ldi	r25, 0x00	; 0
 11e:	90 93 c5 00 	sts	0x00C5, r25	; 0x8000c5 <__TEXT_REGION_LENGTH__+0x7f80c5>
 122:	80 93 c4 00 	sts	0x00C4, r24	; 0x8000c4 <__TEXT_REGION_LENGTH__+0x7f80c4>
  // włącz odbiornik i nadajnik
  UCSR0B = _BV(RXEN0) | _BV(TXEN0);
 126:	88 e1       	ldi	r24, 0x18	; 24
 128:	80 93 c1 00 	sts	0x00C1, r24	; 0x8000c1 <__TEXT_REGION_LENGTH__+0x7f80c1>
  // ustaw format 8n1
  UCSR0C = _BV(UCSZ00) | _BV(UCSZ01);
 12c:	86 e0       	ldi	r24, 0x06	; 6
 12e:	80 93 c2 00 	sts	0x00C2, r24	; 0x8000c2 <__TEXT_REGION_LENGTH__+0x7f80c2>
int main()
{
  // zainicjalizuj UART
  uart_init();
  // skonfiguruj strumienie wejścia/wyjścia
  fdev_setup_stream(&uart_file, uart_transmit, uart_receive, _FDEV_SETUP_RW);
 132:	88 e1       	ldi	r24, 0x18	; 24
 134:	91 e0       	ldi	r25, 0x01	; 1
 136:	23 e5       	ldi	r18, 0x53	; 83
 138:	30 e0       	ldi	r19, 0x00	; 0
 13a:	30 93 21 01 	sts	0x0121, r19	; 0x800121 <__data_end+0x9>
 13e:	20 93 20 01 	sts	0x0120, r18	; 0x800120 <__data_end+0x8>
 142:	2c e5       	ldi	r18, 0x5C	; 92
 144:	30 e0       	ldi	r19, 0x00	; 0
 146:	30 93 23 01 	sts	0x0123, r19	; 0x800123 <__data_end+0xb>
 14a:	20 93 22 01 	sts	0x0122, r18	; 0x800122 <__data_end+0xa>
 14e:	23 e0       	ldi	r18, 0x03	; 3
 150:	20 93 1b 01 	sts	0x011B, r18	; 0x80011b <__data_end+0x3>
 154:	10 92 25 01 	sts	0x0125, r1	; 0x800125 <__data_end+0xd>
 158:	10 92 24 01 	sts	0x0124, r1	; 0x800124 <__data_end+0xc>
  stdin = stdout = stderr = &uart_file;
 15c:	90 93 2b 01 	sts	0x012B, r25	; 0x80012b <__iob+0x5>
 160:	80 93 2a 01 	sts	0x012A, r24	; 0x80012a <__iob+0x4>
 164:	90 93 29 01 	sts	0x0129, r25	; 0x800129 <__iob+0x3>
 168:	80 93 28 01 	sts	0x0128, r24	; 0x800128 <__iob+0x2>
 16c:	90 93 27 01 	sts	0x0127, r25	; 0x800127 <__iob+0x1>
 170:	80 93 26 01 	sts	0x0126, r24	; 0x800126 <__iob>
}

// inicjalizacja ADC
void adc_init()
{
  ADMUX   = _BV(REFS0); // referencja AVcc, wejście ADC0
 174:	80 e4       	ldi	r24, 0x40	; 64
 176:	80 93 7c 00 	sts	0x007C, r24	; 0x80007c <__TEXT_REGION_LENGTH__+0x7f807c>
  DIDR0   = _BV(ADC0D); // wyłącz wejście cyfrowe na ADC0
 17a:	81 e0       	ldi	r24, 0x01	; 1
 17c:	80 93 7e 00 	sts	0x007E, r24	; 0x80007e <__TEXT_REGION_LENGTH__+0x7f807e>
  // częstotliwość zegara ADC 125 kHz (16 MHz / 128)
  ADCSRA  = _BV(ADPS0) | _BV(ADPS1) | _BV(ADPS2); // preskaler 128
 180:	87 e0       	ldi	r24, 0x07	; 7
 182:	80 93 7a 00 	sts	0x007A, r24	; 0x80007a <__TEXT_REGION_LENGTH__+0x7f807a>
  ADCSRA |= _BV(ADEN); // włącz ADC
 186:	80 91 7a 00 	lds	r24, 0x007A	; 0x80007a <__TEXT_REGION_LENGTH__+0x7f807a>
 18a:	80 68       	ori	r24, 0x80	; 128
 18c:	80 93 7a 00 	sts	0x007A, r24	; 0x80007a <__TEXT_REGION_LENGTH__+0x7f807a>
  // WGM1  = 1110 -- fast PWM top=ICR1
  // CS1   = CS10 - bez prescalera
  // ICR1  = 1023
  // częstotliwość 16e6/(1024*(1+15624)) = 1 Hz
  // wzór: datasheet 20.12.3 str. 164
  ICR1 = 1023;
 190:	8f ef       	ldi	r24, 0xFF	; 255
 192:	93 e0       	ldi	r25, 0x03	; 3
 194:	90 93 87 00 	sts	0x0087, r25	; 0x800087 <__TEXT_REGION_LENGTH__+0x7f8087>
 198:	80 93 86 00 	sts	0x0086, r24	; 0x800086 <__TEXT_REGION_LENGTH__+0x7f8086>
  TCCR1A = _BV(COM1A1) | _BV(WGM11);
 19c:	82 e8       	ldi	r24, 0x82	; 130
 19e:	80 93 80 00 	sts	0x0080, r24	; 0x800080 <__TEXT_REGION_LENGTH__+0x7f8080>
  TCCR1B = _BV(WGM12) | _BV(WGM13) | _BV(CS10);
 1a2:	89 e1       	ldi	r24, 0x19	; 25
 1a4:	80 93 81 00 	sts	0x0081, r24	; 0x800081 <__TEXT_REGION_LENGTH__+0x7f8081>
  // ustaw pin OC1A (PB1) jako wyjście
  DDRB |= _BV(PB1);
 1a8:	21 9a       	sbi	0x04, 1	; 4
  adc_init();

  // uruchom licznik
  timer1_init();

  LED_DDR |= _BV(LED);
 1aa:	25 9a       	sbi	0x04, 5	; 4
  LED_PORT &= _BV(LED);
 1ac:	85 b1       	in	r24, 0x05	; 5
 1ae:	80 72       	andi	r24, 0x20	; 32
 1b0:	85 b9       	out	0x05, r24	; 5
  float v;
  uint16_t val;
  
  // mierz napięcie
  while(1) {
    LED_PORT = ~_BV(LED);
 1b2:	1f ed       	ldi	r17, 0xDF	; 223
    v = ADC; 	       	            // weź zmierzoną wartość (0..1023)     

    val = 1023 - ((sqrt(v)*40) > 1023? 1023 :(40*sqrt(v)));
    
    OCR1A = val;
    printf("Odczytano: %"PRIu32" %"PRIu16" %"PRIu32"\r\n", (uint32_t)v, val, OCR1A);
 1b4:	c0 e0       	ldi	r28, 0x00	; 0
 1b6:	d1 e0       	ldi	r29, 0x01	; 1
  float v;
  uint16_t val;
  
  // mierz napięcie
  while(1) {
    LED_PORT = ~_BV(LED);
 1b8:	15 b9       	out	0x05, r17	; 5
    ADCSRA |= _BV(ADSC);           // wykonaj konwersję
 1ba:	80 91 7a 00 	lds	r24, 0x007A	; 0x80007a <__TEXT_REGION_LENGTH__+0x7f807a>
 1be:	80 64       	ori	r24, 0x40	; 64
 1c0:	80 93 7a 00 	sts	0x007A, r24	; 0x80007a <__TEXT_REGION_LENGTH__+0x7f807a>
    while (!(ADCSRA & _BV(ADIF))); // czekaj na wynik
 1c4:	80 91 7a 00 	lds	r24, 0x007A	; 0x80007a <__TEXT_REGION_LENGTH__+0x7f807a>
 1c8:	84 ff       	sbrs	r24, 4
 1ca:	fc cf       	rjmp	.-8      	; 0x1c4 <main+0xaa>
    ADCSRA |= _BV(ADIF); 	         // wyczyść bit ADIF (pisząc 1!)
 1cc:	80 91 7a 00 	lds	r24, 0x007A	; 0x80007a <__TEXT_REGION_LENGTH__+0x7f807a>
 1d0:	80 61       	ori	r24, 0x10	; 16
 1d2:	80 93 7a 00 	sts	0x007A, r24	; 0x80007a <__TEXT_REGION_LENGTH__+0x7f807a>
    
    v = ADC; 	       	            // weź zmierzoną wartość (0..1023)     
 1d6:	c0 90 78 00 	lds	r12, 0x0078	; 0x800078 <__TEXT_REGION_LENGTH__+0x7f8078>
 1da:	d0 90 79 00 	lds	r13, 0x0079	; 0x800079 <__TEXT_REGION_LENGTH__+0x7f8079>

    val = 1023 - ((sqrt(v)*40) > 1023? 1023 :(40*sqrt(v)));
 1de:	e1 2c       	mov	r14, r1
 1e0:	f1 2c       	mov	r15, r1
 1e2:	c7 01       	movw	r24, r14
 1e4:	b6 01       	movw	r22, r12
 1e6:	0e 94 cd 01 	call	0x39a	; 0x39a <__floatunsisf>
 1ea:	0e 94 d3 02 	call	0x5a6	; 0x5a6 <sqrt>
 1ee:	20 e0       	ldi	r18, 0x00	; 0
 1f0:	30 e0       	ldi	r19, 0x00	; 0
 1f2:	40 e2       	ldi	r20, 0x20	; 32
 1f4:	52 e4       	ldi	r21, 0x42	; 66
 1f6:	0e 94 60 02 	call	0x4c0	; 0x4c0 <__mulsf3>
 1fa:	4b 01       	movw	r8, r22
 1fc:	5c 01       	movw	r10, r24
 1fe:	20 e0       	ldi	r18, 0x00	; 0
 200:	30 ec       	ldi	r19, 0xC0	; 192
 202:	4f e7       	ldi	r20, 0x7F	; 127
 204:	54 e4       	ldi	r21, 0x44	; 68
 206:	0e 94 5b 02 	call	0x4b6	; 0x4b6 <__gesf2>
 20a:	18 16       	cp	r1, r24
 20c:	3c f1       	brlt	.+78     	; 0x25c <main+0x142>
 20e:	a5 01       	movw	r20, r10
 210:	94 01       	movw	r18, r8
 212:	60 e0       	ldi	r22, 0x00	; 0
 214:	70 ec       	ldi	r23, 0xC0	; 192
 216:	8f e7       	ldi	r24, 0x7F	; 127
 218:	94 e4       	ldi	r25, 0x44	; 68
 21a:	0e 94 31 01 	call	0x262	; 0x262 <__subsf3>
 21e:	0e 94 9e 01 	call	0x33c	; 0x33c <__fixunssfsi>
    
    OCR1A = val;
 222:	70 93 89 00 	sts	0x0089, r23	; 0x800089 <__TEXT_REGION_LENGTH__+0x7f8089>
 226:	60 93 88 00 	sts	0x0088, r22	; 0x800088 <__TEXT_REGION_LENGTH__+0x7f8088>
    printf("Odczytano: %"PRIu32" %"PRIu16" %"PRIu32"\r\n", (uint32_t)v, val, OCR1A);
 22a:	80 91 88 00 	lds	r24, 0x0088	; 0x800088 <__TEXT_REGION_LENGTH__+0x7f8088>
 22e:	90 91 89 00 	lds	r25, 0x0089	; 0x800089 <__TEXT_REGION_LENGTH__+0x7f8089>
 232:	9f 93       	push	r25
 234:	8f 93       	push	r24
 236:	7f 93       	push	r23
 238:	6f 93       	push	r22
 23a:	1f 92       	push	r1
 23c:	1f 92       	push	r1
 23e:	df 92       	push	r13
 240:	cf 92       	push	r12
 242:	df 93       	push	r29
 244:	cf 93       	push	r28
 246:	0e 94 4c 03 	call	0x698	; 0x698 <printf>
  }
 24a:	8d b7       	in	r24, 0x3d	; 61
 24c:	9e b7       	in	r25, 0x3e	; 62
 24e:	0a 96       	adiw	r24, 0x0a	; 10
 250:	0f b6       	in	r0, 0x3f	; 63
 252:	f8 94       	cli
 254:	9e bf       	out	0x3e, r25	; 62
 256:	0f be       	out	0x3f, r0	; 63
 258:	8d bf       	out	0x3d, r24	; 61
 25a:	ae cf       	rjmp	.-164    	; 0x1b8 <main+0x9e>
    while (!(ADCSRA & _BV(ADIF))); // czekaj na wynik
    ADCSRA |= _BV(ADIF); 	         // wyczyść bit ADIF (pisząc 1!)
    
    v = ADC; 	       	            // weź zmierzoną wartość (0..1023)     

    val = 1023 - ((sqrt(v)*40) > 1023? 1023 :(40*sqrt(v)));
 25c:	60 e0       	ldi	r22, 0x00	; 0
 25e:	70 e0       	ldi	r23, 0x00	; 0
 260:	e0 cf       	rjmp	.-64     	; 0x222 <main+0x108>

00000262 <__subsf3>:
 262:	50 58       	subi	r21, 0x80	; 128

00000264 <__addsf3>:
 264:	bb 27       	eor	r27, r27
 266:	aa 27       	eor	r26, r26
 268:	0e 94 49 01 	call	0x292	; 0x292 <__addsf3x>
 26c:	0c 94 21 02 	jmp	0x442	; 0x442 <__fp_round>
 270:	0e 94 13 02 	call	0x426	; 0x426 <__fp_pscA>
 274:	38 f0       	brcs	.+14     	; 0x284 <__addsf3+0x20>
 276:	0e 94 1a 02 	call	0x434	; 0x434 <__fp_pscB>
 27a:	20 f0       	brcs	.+8      	; 0x284 <__addsf3+0x20>
 27c:	39 f4       	brne	.+14     	; 0x28c <__addsf3+0x28>
 27e:	9f 3f       	cpi	r25, 0xFF	; 255
 280:	19 f4       	brne	.+6      	; 0x288 <__addsf3+0x24>
 282:	26 f4       	brtc	.+8      	; 0x28c <__addsf3+0x28>
 284:	0c 94 10 02 	jmp	0x420	; 0x420 <__fp_nan>
 288:	0e f4       	brtc	.+2      	; 0x28c <__addsf3+0x28>
 28a:	e0 95       	com	r30
 28c:	e7 fb       	bst	r30, 7
 28e:	0c 94 0a 02 	jmp	0x414	; 0x414 <__fp_inf>

00000292 <__addsf3x>:
 292:	e9 2f       	mov	r30, r25
 294:	0e 94 32 02 	call	0x464	; 0x464 <__fp_split3>
 298:	58 f3       	brcs	.-42     	; 0x270 <__addsf3+0xc>
 29a:	ba 17       	cp	r27, r26
 29c:	62 07       	cpc	r22, r18
 29e:	73 07       	cpc	r23, r19
 2a0:	84 07       	cpc	r24, r20
 2a2:	95 07       	cpc	r25, r21
 2a4:	20 f0       	brcs	.+8      	; 0x2ae <__addsf3x+0x1c>
 2a6:	79 f4       	brne	.+30     	; 0x2c6 <__addsf3x+0x34>
 2a8:	a6 f5       	brtc	.+104    	; 0x312 <__addsf3x+0x80>
 2aa:	0c 94 54 02 	jmp	0x4a8	; 0x4a8 <__fp_zero>
 2ae:	0e f4       	brtc	.+2      	; 0x2b2 <__addsf3x+0x20>
 2b0:	e0 95       	com	r30
 2b2:	0b 2e       	mov	r0, r27
 2b4:	ba 2f       	mov	r27, r26
 2b6:	a0 2d       	mov	r26, r0
 2b8:	0b 01       	movw	r0, r22
 2ba:	b9 01       	movw	r22, r18
 2bc:	90 01       	movw	r18, r0
 2be:	0c 01       	movw	r0, r24
 2c0:	ca 01       	movw	r24, r20
 2c2:	a0 01       	movw	r20, r0
 2c4:	11 24       	eor	r1, r1
 2c6:	ff 27       	eor	r31, r31
 2c8:	59 1b       	sub	r21, r25
 2ca:	99 f0       	breq	.+38     	; 0x2f2 <__addsf3x+0x60>
 2cc:	59 3f       	cpi	r21, 0xF9	; 249
 2ce:	50 f4       	brcc	.+20     	; 0x2e4 <__addsf3x+0x52>
 2d0:	50 3e       	cpi	r21, 0xE0	; 224
 2d2:	68 f1       	brcs	.+90     	; 0x32e <__addsf3x+0x9c>
 2d4:	1a 16       	cp	r1, r26
 2d6:	f0 40       	sbci	r31, 0x00	; 0
 2d8:	a2 2f       	mov	r26, r18
 2da:	23 2f       	mov	r18, r19
 2dc:	34 2f       	mov	r19, r20
 2de:	44 27       	eor	r20, r20
 2e0:	58 5f       	subi	r21, 0xF8	; 248
 2e2:	f3 cf       	rjmp	.-26     	; 0x2ca <__addsf3x+0x38>
 2e4:	46 95       	lsr	r20
 2e6:	37 95       	ror	r19
 2e8:	27 95       	ror	r18
 2ea:	a7 95       	ror	r26
 2ec:	f0 40       	sbci	r31, 0x00	; 0
 2ee:	53 95       	inc	r21
 2f0:	c9 f7       	brne	.-14     	; 0x2e4 <__addsf3x+0x52>
 2f2:	7e f4       	brtc	.+30     	; 0x312 <__addsf3x+0x80>
 2f4:	1f 16       	cp	r1, r31
 2f6:	ba 0b       	sbc	r27, r26
 2f8:	62 0b       	sbc	r22, r18
 2fa:	73 0b       	sbc	r23, r19
 2fc:	84 0b       	sbc	r24, r20
 2fe:	ba f0       	brmi	.+46     	; 0x32e <__addsf3x+0x9c>
 300:	91 50       	subi	r25, 0x01	; 1
 302:	a1 f0       	breq	.+40     	; 0x32c <__addsf3x+0x9a>
 304:	ff 0f       	add	r31, r31
 306:	bb 1f       	adc	r27, r27
 308:	66 1f       	adc	r22, r22
 30a:	77 1f       	adc	r23, r23
 30c:	88 1f       	adc	r24, r24
 30e:	c2 f7       	brpl	.-16     	; 0x300 <__addsf3x+0x6e>
 310:	0e c0       	rjmp	.+28     	; 0x32e <__addsf3x+0x9c>
 312:	ba 0f       	add	r27, r26
 314:	62 1f       	adc	r22, r18
 316:	73 1f       	adc	r23, r19
 318:	84 1f       	adc	r24, r20
 31a:	48 f4       	brcc	.+18     	; 0x32e <__addsf3x+0x9c>
 31c:	87 95       	ror	r24
 31e:	77 95       	ror	r23
 320:	67 95       	ror	r22
 322:	b7 95       	ror	r27
 324:	f7 95       	ror	r31
 326:	9e 3f       	cpi	r25, 0xFE	; 254
 328:	08 f0       	brcs	.+2      	; 0x32c <__addsf3x+0x9a>
 32a:	b0 cf       	rjmp	.-160    	; 0x28c <__addsf3+0x28>
 32c:	93 95       	inc	r25
 32e:	88 0f       	add	r24, r24
 330:	08 f0       	brcs	.+2      	; 0x334 <__addsf3x+0xa2>
 332:	99 27       	eor	r25, r25
 334:	ee 0f       	add	r30, r30
 336:	97 95       	ror	r25
 338:	87 95       	ror	r24
 33a:	08 95       	ret

0000033c <__fixunssfsi>:
 33c:	0e 94 3a 02 	call	0x474	; 0x474 <__fp_splitA>
 340:	88 f0       	brcs	.+34     	; 0x364 <__fixunssfsi+0x28>
 342:	9f 57       	subi	r25, 0x7F	; 127
 344:	98 f0       	brcs	.+38     	; 0x36c <__fixunssfsi+0x30>
 346:	b9 2f       	mov	r27, r25
 348:	99 27       	eor	r25, r25
 34a:	b7 51       	subi	r27, 0x17	; 23
 34c:	b0 f0       	brcs	.+44     	; 0x37a <__fixunssfsi+0x3e>
 34e:	e1 f0       	breq	.+56     	; 0x388 <__fixunssfsi+0x4c>
 350:	66 0f       	add	r22, r22
 352:	77 1f       	adc	r23, r23
 354:	88 1f       	adc	r24, r24
 356:	99 1f       	adc	r25, r25
 358:	1a f0       	brmi	.+6      	; 0x360 <__fixunssfsi+0x24>
 35a:	ba 95       	dec	r27
 35c:	c9 f7       	brne	.-14     	; 0x350 <__fixunssfsi+0x14>
 35e:	14 c0       	rjmp	.+40     	; 0x388 <__fixunssfsi+0x4c>
 360:	b1 30       	cpi	r27, 0x01	; 1
 362:	91 f0       	breq	.+36     	; 0x388 <__fixunssfsi+0x4c>
 364:	0e 94 54 02 	call	0x4a8	; 0x4a8 <__fp_zero>
 368:	b1 e0       	ldi	r27, 0x01	; 1
 36a:	08 95       	ret
 36c:	0c 94 54 02 	jmp	0x4a8	; 0x4a8 <__fp_zero>
 370:	67 2f       	mov	r22, r23
 372:	78 2f       	mov	r23, r24
 374:	88 27       	eor	r24, r24
 376:	b8 5f       	subi	r27, 0xF8	; 248
 378:	39 f0       	breq	.+14     	; 0x388 <__fixunssfsi+0x4c>
 37a:	b9 3f       	cpi	r27, 0xF9	; 249
 37c:	cc f3       	brlt	.-14     	; 0x370 <__fixunssfsi+0x34>
 37e:	86 95       	lsr	r24
 380:	77 95       	ror	r23
 382:	67 95       	ror	r22
 384:	b3 95       	inc	r27
 386:	d9 f7       	brne	.-10     	; 0x37e <__fixunssfsi+0x42>
 388:	3e f4       	brtc	.+14     	; 0x398 <__fixunssfsi+0x5c>
 38a:	90 95       	com	r25
 38c:	80 95       	com	r24
 38e:	70 95       	com	r23
 390:	61 95       	neg	r22
 392:	7f 4f       	sbci	r23, 0xFF	; 255
 394:	8f 4f       	sbci	r24, 0xFF	; 255
 396:	9f 4f       	sbci	r25, 0xFF	; 255
 398:	08 95       	ret

0000039a <__floatunsisf>:
 39a:	e8 94       	clt
 39c:	09 c0       	rjmp	.+18     	; 0x3b0 <__floatsisf+0x12>

0000039e <__floatsisf>:
 39e:	97 fb       	bst	r25, 7
 3a0:	3e f4       	brtc	.+14     	; 0x3b0 <__floatsisf+0x12>
 3a2:	90 95       	com	r25
 3a4:	80 95       	com	r24
 3a6:	70 95       	com	r23
 3a8:	61 95       	neg	r22
 3aa:	7f 4f       	sbci	r23, 0xFF	; 255
 3ac:	8f 4f       	sbci	r24, 0xFF	; 255
 3ae:	9f 4f       	sbci	r25, 0xFF	; 255
 3b0:	99 23       	and	r25, r25
 3b2:	a9 f0       	breq	.+42     	; 0x3de <__floatsisf+0x40>
 3b4:	f9 2f       	mov	r31, r25
 3b6:	96 e9       	ldi	r25, 0x96	; 150
 3b8:	bb 27       	eor	r27, r27
 3ba:	93 95       	inc	r25
 3bc:	f6 95       	lsr	r31
 3be:	87 95       	ror	r24
 3c0:	77 95       	ror	r23
 3c2:	67 95       	ror	r22
 3c4:	b7 95       	ror	r27
 3c6:	f1 11       	cpse	r31, r1
 3c8:	f8 cf       	rjmp	.-16     	; 0x3ba <__floatsisf+0x1c>
 3ca:	fa f4       	brpl	.+62     	; 0x40a <__EEPROM_REGION_LENGTH__+0xa>
 3cc:	bb 0f       	add	r27, r27
 3ce:	11 f4       	brne	.+4      	; 0x3d4 <__floatsisf+0x36>
 3d0:	60 ff       	sbrs	r22, 0
 3d2:	1b c0       	rjmp	.+54     	; 0x40a <__EEPROM_REGION_LENGTH__+0xa>
 3d4:	6f 5f       	subi	r22, 0xFF	; 255
 3d6:	7f 4f       	sbci	r23, 0xFF	; 255
 3d8:	8f 4f       	sbci	r24, 0xFF	; 255
 3da:	9f 4f       	sbci	r25, 0xFF	; 255
 3dc:	16 c0       	rjmp	.+44     	; 0x40a <__EEPROM_REGION_LENGTH__+0xa>
 3de:	88 23       	and	r24, r24
 3e0:	11 f0       	breq	.+4      	; 0x3e6 <__floatsisf+0x48>
 3e2:	96 e9       	ldi	r25, 0x96	; 150
 3e4:	11 c0       	rjmp	.+34     	; 0x408 <__EEPROM_REGION_LENGTH__+0x8>
 3e6:	77 23       	and	r23, r23
 3e8:	21 f0       	breq	.+8      	; 0x3f2 <__floatsisf+0x54>
 3ea:	9e e8       	ldi	r25, 0x8E	; 142
 3ec:	87 2f       	mov	r24, r23
 3ee:	76 2f       	mov	r23, r22
 3f0:	05 c0       	rjmp	.+10     	; 0x3fc <__floatsisf+0x5e>
 3f2:	66 23       	and	r22, r22
 3f4:	71 f0       	breq	.+28     	; 0x412 <__EEPROM_REGION_LENGTH__+0x12>
 3f6:	96 e8       	ldi	r25, 0x86	; 134
 3f8:	86 2f       	mov	r24, r22
 3fa:	70 e0       	ldi	r23, 0x00	; 0
 3fc:	60 e0       	ldi	r22, 0x00	; 0
 3fe:	2a f0       	brmi	.+10     	; 0x40a <__EEPROM_REGION_LENGTH__+0xa>
 400:	9a 95       	dec	r25
 402:	66 0f       	add	r22, r22
 404:	77 1f       	adc	r23, r23
 406:	88 1f       	adc	r24, r24
 408:	da f7       	brpl	.-10     	; 0x400 <__EEPROM_REGION_LENGTH__>
 40a:	88 0f       	add	r24, r24
 40c:	96 95       	lsr	r25
 40e:	87 95       	ror	r24
 410:	97 f9       	bld	r25, 7
 412:	08 95       	ret

00000414 <__fp_inf>:
 414:	97 f9       	bld	r25, 7
 416:	9f 67       	ori	r25, 0x7F	; 127
 418:	80 e8       	ldi	r24, 0x80	; 128
 41a:	70 e0       	ldi	r23, 0x00	; 0
 41c:	60 e0       	ldi	r22, 0x00	; 0
 41e:	08 95       	ret

00000420 <__fp_nan>:
 420:	9f ef       	ldi	r25, 0xFF	; 255
 422:	80 ec       	ldi	r24, 0xC0	; 192
 424:	08 95       	ret

00000426 <__fp_pscA>:
 426:	00 24       	eor	r0, r0
 428:	0a 94       	dec	r0
 42a:	16 16       	cp	r1, r22
 42c:	17 06       	cpc	r1, r23
 42e:	18 06       	cpc	r1, r24
 430:	09 06       	cpc	r0, r25
 432:	08 95       	ret

00000434 <__fp_pscB>:
 434:	00 24       	eor	r0, r0
 436:	0a 94       	dec	r0
 438:	12 16       	cp	r1, r18
 43a:	13 06       	cpc	r1, r19
 43c:	14 06       	cpc	r1, r20
 43e:	05 06       	cpc	r0, r21
 440:	08 95       	ret

00000442 <__fp_round>:
 442:	09 2e       	mov	r0, r25
 444:	03 94       	inc	r0
 446:	00 0c       	add	r0, r0
 448:	11 f4       	brne	.+4      	; 0x44e <__fp_round+0xc>
 44a:	88 23       	and	r24, r24
 44c:	52 f0       	brmi	.+20     	; 0x462 <__fp_round+0x20>
 44e:	bb 0f       	add	r27, r27
 450:	40 f4       	brcc	.+16     	; 0x462 <__fp_round+0x20>
 452:	bf 2b       	or	r27, r31
 454:	11 f4       	brne	.+4      	; 0x45a <__fp_round+0x18>
 456:	60 ff       	sbrs	r22, 0
 458:	04 c0       	rjmp	.+8      	; 0x462 <__fp_round+0x20>
 45a:	6f 5f       	subi	r22, 0xFF	; 255
 45c:	7f 4f       	sbci	r23, 0xFF	; 255
 45e:	8f 4f       	sbci	r24, 0xFF	; 255
 460:	9f 4f       	sbci	r25, 0xFF	; 255
 462:	08 95       	ret

00000464 <__fp_split3>:
 464:	57 fd       	sbrc	r21, 7
 466:	90 58       	subi	r25, 0x80	; 128
 468:	44 0f       	add	r20, r20
 46a:	55 1f       	adc	r21, r21
 46c:	59 f0       	breq	.+22     	; 0x484 <__fp_splitA+0x10>
 46e:	5f 3f       	cpi	r21, 0xFF	; 255
 470:	71 f0       	breq	.+28     	; 0x48e <__fp_splitA+0x1a>
 472:	47 95       	ror	r20

00000474 <__fp_splitA>:
 474:	88 0f       	add	r24, r24
 476:	97 fb       	bst	r25, 7
 478:	99 1f       	adc	r25, r25
 47a:	61 f0       	breq	.+24     	; 0x494 <__fp_splitA+0x20>
 47c:	9f 3f       	cpi	r25, 0xFF	; 255
 47e:	79 f0       	breq	.+30     	; 0x49e <__fp_splitA+0x2a>
 480:	87 95       	ror	r24
 482:	08 95       	ret
 484:	12 16       	cp	r1, r18
 486:	13 06       	cpc	r1, r19
 488:	14 06       	cpc	r1, r20
 48a:	55 1f       	adc	r21, r21
 48c:	f2 cf       	rjmp	.-28     	; 0x472 <__fp_split3+0xe>
 48e:	46 95       	lsr	r20
 490:	f1 df       	rcall	.-30     	; 0x474 <__fp_splitA>
 492:	08 c0       	rjmp	.+16     	; 0x4a4 <__fp_splitA+0x30>
 494:	16 16       	cp	r1, r22
 496:	17 06       	cpc	r1, r23
 498:	18 06       	cpc	r1, r24
 49a:	99 1f       	adc	r25, r25
 49c:	f1 cf       	rjmp	.-30     	; 0x480 <__fp_splitA+0xc>
 49e:	86 95       	lsr	r24
 4a0:	71 05       	cpc	r23, r1
 4a2:	61 05       	cpc	r22, r1
 4a4:	08 94       	sec
 4a6:	08 95       	ret

000004a8 <__fp_zero>:
 4a8:	e8 94       	clt

000004aa <__fp_szero>:
 4aa:	bb 27       	eor	r27, r27
 4ac:	66 27       	eor	r22, r22
 4ae:	77 27       	eor	r23, r23
 4b0:	cb 01       	movw	r24, r22
 4b2:	97 f9       	bld	r25, 7
 4b4:	08 95       	ret

000004b6 <__gesf2>:
 4b6:	0e 94 13 03 	call	0x626	; 0x626 <__fp_cmp>
 4ba:	08 f4       	brcc	.+2      	; 0x4be <__gesf2+0x8>
 4bc:	8f ef       	ldi	r24, 0xFF	; 255
 4be:	08 95       	ret

000004c0 <__mulsf3>:
 4c0:	0e 94 73 02 	call	0x4e6	; 0x4e6 <__mulsf3x>
 4c4:	0c 94 21 02 	jmp	0x442	; 0x442 <__fp_round>
 4c8:	0e 94 13 02 	call	0x426	; 0x426 <__fp_pscA>
 4cc:	38 f0       	brcs	.+14     	; 0x4dc <__mulsf3+0x1c>
 4ce:	0e 94 1a 02 	call	0x434	; 0x434 <__fp_pscB>
 4d2:	20 f0       	brcs	.+8      	; 0x4dc <__mulsf3+0x1c>
 4d4:	95 23       	and	r25, r21
 4d6:	11 f0       	breq	.+4      	; 0x4dc <__mulsf3+0x1c>
 4d8:	0c 94 0a 02 	jmp	0x414	; 0x414 <__fp_inf>
 4dc:	0c 94 10 02 	jmp	0x420	; 0x420 <__fp_nan>
 4e0:	11 24       	eor	r1, r1
 4e2:	0c 94 55 02 	jmp	0x4aa	; 0x4aa <__fp_szero>

000004e6 <__mulsf3x>:
 4e6:	0e 94 32 02 	call	0x464	; 0x464 <__fp_split3>
 4ea:	70 f3       	brcs	.-36     	; 0x4c8 <__mulsf3+0x8>

000004ec <__mulsf3_pse>:
 4ec:	95 9f       	mul	r25, r21
 4ee:	c1 f3       	breq	.-16     	; 0x4e0 <__mulsf3+0x20>
 4f0:	95 0f       	add	r25, r21
 4f2:	50 e0       	ldi	r21, 0x00	; 0
 4f4:	55 1f       	adc	r21, r21
 4f6:	62 9f       	mul	r22, r18
 4f8:	f0 01       	movw	r30, r0
 4fa:	72 9f       	mul	r23, r18
 4fc:	bb 27       	eor	r27, r27
 4fe:	f0 0d       	add	r31, r0
 500:	b1 1d       	adc	r27, r1
 502:	63 9f       	mul	r22, r19
 504:	aa 27       	eor	r26, r26
 506:	f0 0d       	add	r31, r0
 508:	b1 1d       	adc	r27, r1
 50a:	aa 1f       	adc	r26, r26
 50c:	64 9f       	mul	r22, r20
 50e:	66 27       	eor	r22, r22
 510:	b0 0d       	add	r27, r0
 512:	a1 1d       	adc	r26, r1
 514:	66 1f       	adc	r22, r22
 516:	82 9f       	mul	r24, r18
 518:	22 27       	eor	r18, r18
 51a:	b0 0d       	add	r27, r0
 51c:	a1 1d       	adc	r26, r1
 51e:	62 1f       	adc	r22, r18
 520:	73 9f       	mul	r23, r19
 522:	b0 0d       	add	r27, r0
 524:	a1 1d       	adc	r26, r1
 526:	62 1f       	adc	r22, r18
 528:	83 9f       	mul	r24, r19
 52a:	a0 0d       	add	r26, r0
 52c:	61 1d       	adc	r22, r1
 52e:	22 1f       	adc	r18, r18
 530:	74 9f       	mul	r23, r20
 532:	33 27       	eor	r19, r19
 534:	a0 0d       	add	r26, r0
 536:	61 1d       	adc	r22, r1
 538:	23 1f       	adc	r18, r19
 53a:	84 9f       	mul	r24, r20
 53c:	60 0d       	add	r22, r0
 53e:	21 1d       	adc	r18, r1
 540:	82 2f       	mov	r24, r18
 542:	76 2f       	mov	r23, r22
 544:	6a 2f       	mov	r22, r26
 546:	11 24       	eor	r1, r1
 548:	9f 57       	subi	r25, 0x7F	; 127
 54a:	50 40       	sbci	r21, 0x00	; 0
 54c:	9a f0       	brmi	.+38     	; 0x574 <__mulsf3_pse+0x88>
 54e:	f1 f0       	breq	.+60     	; 0x58c <__mulsf3_pse+0xa0>
 550:	88 23       	and	r24, r24
 552:	4a f0       	brmi	.+18     	; 0x566 <__mulsf3_pse+0x7a>
 554:	ee 0f       	add	r30, r30
 556:	ff 1f       	adc	r31, r31
 558:	bb 1f       	adc	r27, r27
 55a:	66 1f       	adc	r22, r22
 55c:	77 1f       	adc	r23, r23
 55e:	88 1f       	adc	r24, r24
 560:	91 50       	subi	r25, 0x01	; 1
 562:	50 40       	sbci	r21, 0x00	; 0
 564:	a9 f7       	brne	.-22     	; 0x550 <__mulsf3_pse+0x64>
 566:	9e 3f       	cpi	r25, 0xFE	; 254
 568:	51 05       	cpc	r21, r1
 56a:	80 f0       	brcs	.+32     	; 0x58c <__mulsf3_pse+0xa0>
 56c:	0c 94 0a 02 	jmp	0x414	; 0x414 <__fp_inf>
 570:	0c 94 55 02 	jmp	0x4aa	; 0x4aa <__fp_szero>
 574:	5f 3f       	cpi	r21, 0xFF	; 255
 576:	e4 f3       	brlt	.-8      	; 0x570 <__mulsf3_pse+0x84>
 578:	98 3e       	cpi	r25, 0xE8	; 232
 57a:	d4 f3       	brlt	.-12     	; 0x570 <__mulsf3_pse+0x84>
 57c:	86 95       	lsr	r24
 57e:	77 95       	ror	r23
 580:	67 95       	ror	r22
 582:	b7 95       	ror	r27
 584:	f7 95       	ror	r31
 586:	e7 95       	ror	r30
 588:	9f 5f       	subi	r25, 0xFF	; 255
 58a:	c1 f7       	brne	.-16     	; 0x57c <__mulsf3_pse+0x90>
 58c:	fe 2b       	or	r31, r30
 58e:	88 0f       	add	r24, r24
 590:	91 1d       	adc	r25, r1
 592:	96 95       	lsr	r25
 594:	87 95       	ror	r24
 596:	97 f9       	bld	r25, 7
 598:	08 95       	ret
 59a:	19 f4       	brne	.+6      	; 0x5a2 <__mulsf3_pse+0xb6>
 59c:	16 f4       	brtc	.+4      	; 0x5a2 <__mulsf3_pse+0xb6>
 59e:	0c 94 10 02 	jmp	0x420	; 0x420 <__fp_nan>
 5a2:	0c 94 37 03 	jmp	0x66e	; 0x66e <__fp_mpack>

000005a6 <sqrt>:
 5a6:	0e 94 3a 02 	call	0x474	; 0x474 <__fp_splitA>
 5aa:	b8 f3       	brcs	.-18     	; 0x59a <__mulsf3_pse+0xae>
 5ac:	99 23       	and	r25, r25
 5ae:	c9 f3       	breq	.-14     	; 0x5a2 <__mulsf3_pse+0xb6>
 5b0:	b6 f3       	brts	.-20     	; 0x59e <__mulsf3_pse+0xb2>
 5b2:	9f 57       	subi	r25, 0x7F	; 127
 5b4:	55 0b       	sbc	r21, r21
 5b6:	87 ff       	sbrs	r24, 7
 5b8:	0e 94 45 03 	call	0x68a	; 0x68a <__fp_norm2>
 5bc:	00 24       	eor	r0, r0
 5be:	a0 e6       	ldi	r26, 0x60	; 96
 5c0:	40 ea       	ldi	r20, 0xA0	; 160
 5c2:	90 01       	movw	r18, r0
 5c4:	80 58       	subi	r24, 0x80	; 128
 5c6:	56 95       	lsr	r21
 5c8:	97 95       	ror	r25
 5ca:	28 f4       	brcc	.+10     	; 0x5d6 <sqrt+0x30>
 5cc:	80 5c       	subi	r24, 0xC0	; 192
 5ce:	66 0f       	add	r22, r22
 5d0:	77 1f       	adc	r23, r23
 5d2:	88 1f       	adc	r24, r24
 5d4:	20 f0       	brcs	.+8      	; 0x5de <sqrt+0x38>
 5d6:	26 17       	cp	r18, r22
 5d8:	37 07       	cpc	r19, r23
 5da:	48 07       	cpc	r20, r24
 5dc:	30 f4       	brcc	.+12     	; 0x5ea <sqrt+0x44>
 5de:	62 1b       	sub	r22, r18
 5e0:	73 0b       	sbc	r23, r19
 5e2:	84 0b       	sbc	r24, r20
 5e4:	20 29       	or	r18, r0
 5e6:	31 29       	or	r19, r1
 5e8:	4a 2b       	or	r20, r26
 5ea:	a6 95       	lsr	r26
 5ec:	17 94       	ror	r1
 5ee:	07 94       	ror	r0
 5f0:	20 25       	eor	r18, r0
 5f2:	31 25       	eor	r19, r1
 5f4:	4a 27       	eor	r20, r26
 5f6:	58 f7       	brcc	.-42     	; 0x5ce <sqrt+0x28>
 5f8:	66 0f       	add	r22, r22
 5fa:	77 1f       	adc	r23, r23
 5fc:	88 1f       	adc	r24, r24
 5fe:	20 f0       	brcs	.+8      	; 0x608 <sqrt+0x62>
 600:	26 17       	cp	r18, r22
 602:	37 07       	cpc	r19, r23
 604:	48 07       	cpc	r20, r24
 606:	30 f4       	brcc	.+12     	; 0x614 <sqrt+0x6e>
 608:	62 0b       	sbc	r22, r18
 60a:	73 0b       	sbc	r23, r19
 60c:	84 0b       	sbc	r24, r20
 60e:	20 0d       	add	r18, r0
 610:	31 1d       	adc	r19, r1
 612:	41 1d       	adc	r20, r1
 614:	a0 95       	com	r26
 616:	81 f7       	brne	.-32     	; 0x5f8 <sqrt+0x52>
 618:	b9 01       	movw	r22, r18
 61a:	84 2f       	mov	r24, r20
 61c:	91 58       	subi	r25, 0x81	; 129
 61e:	88 0f       	add	r24, r24
 620:	96 95       	lsr	r25
 622:	87 95       	ror	r24
 624:	08 95       	ret

00000626 <__fp_cmp>:
 626:	99 0f       	add	r25, r25
 628:	00 08       	sbc	r0, r0
 62a:	55 0f       	add	r21, r21
 62c:	aa 0b       	sbc	r26, r26
 62e:	e0 e8       	ldi	r30, 0x80	; 128
 630:	fe ef       	ldi	r31, 0xFE	; 254
 632:	16 16       	cp	r1, r22
 634:	17 06       	cpc	r1, r23
 636:	e8 07       	cpc	r30, r24
 638:	f9 07       	cpc	r31, r25
 63a:	c0 f0       	brcs	.+48     	; 0x66c <__fp_cmp+0x46>
 63c:	12 16       	cp	r1, r18
 63e:	13 06       	cpc	r1, r19
 640:	e4 07       	cpc	r30, r20
 642:	f5 07       	cpc	r31, r21
 644:	98 f0       	brcs	.+38     	; 0x66c <__fp_cmp+0x46>
 646:	62 1b       	sub	r22, r18
 648:	73 0b       	sbc	r23, r19
 64a:	84 0b       	sbc	r24, r20
 64c:	95 0b       	sbc	r25, r21
 64e:	39 f4       	brne	.+14     	; 0x65e <__fp_cmp+0x38>
 650:	0a 26       	eor	r0, r26
 652:	61 f0       	breq	.+24     	; 0x66c <__fp_cmp+0x46>
 654:	23 2b       	or	r18, r19
 656:	24 2b       	or	r18, r20
 658:	25 2b       	or	r18, r21
 65a:	21 f4       	brne	.+8      	; 0x664 <__fp_cmp+0x3e>
 65c:	08 95       	ret
 65e:	0a 26       	eor	r0, r26
 660:	09 f4       	brne	.+2      	; 0x664 <__fp_cmp+0x3e>
 662:	a1 40       	sbci	r26, 0x01	; 1
 664:	a6 95       	lsr	r26
 666:	8f ef       	ldi	r24, 0xFF	; 255
 668:	81 1d       	adc	r24, r1
 66a:	81 1d       	adc	r24, r1
 66c:	08 95       	ret

0000066e <__fp_mpack>:
 66e:	9f 3f       	cpi	r25, 0xFF	; 255
 670:	31 f0       	breq	.+12     	; 0x67e <__fp_mpack_finite+0xc>

00000672 <__fp_mpack_finite>:
 672:	91 50       	subi	r25, 0x01	; 1
 674:	20 f4       	brcc	.+8      	; 0x67e <__fp_mpack_finite+0xc>
 676:	87 95       	ror	r24
 678:	77 95       	ror	r23
 67a:	67 95       	ror	r22
 67c:	b7 95       	ror	r27
 67e:	88 0f       	add	r24, r24
 680:	91 1d       	adc	r25, r1
 682:	96 95       	lsr	r25
 684:	87 95       	ror	r24
 686:	97 f9       	bld	r25, 7
 688:	08 95       	ret

0000068a <__fp_norm2>:
 68a:	91 50       	subi	r25, 0x01	; 1
 68c:	50 40       	sbci	r21, 0x00	; 0
 68e:	66 0f       	add	r22, r22
 690:	77 1f       	adc	r23, r23
 692:	88 1f       	adc	r24, r24
 694:	d2 f7       	brpl	.-12     	; 0x68a <__fp_norm2>
 696:	08 95       	ret

00000698 <printf>:
 698:	a0 e0       	ldi	r26, 0x00	; 0
 69a:	b0 e0       	ldi	r27, 0x00	; 0
 69c:	e2 e5       	ldi	r30, 0x52	; 82
 69e:	f3 e0       	ldi	r31, 0x03	; 3
 6a0:	0c 94 03 06 	jmp	0xc06	; 0xc06 <__prologue_saves__+0x20>
 6a4:	ae 01       	movw	r20, r28
 6a6:	4b 5f       	subi	r20, 0xFB	; 251
 6a8:	5f 4f       	sbci	r21, 0xFF	; 255
 6aa:	fa 01       	movw	r30, r20
 6ac:	61 91       	ld	r22, Z+
 6ae:	71 91       	ld	r23, Z+
 6b0:	af 01       	movw	r20, r30
 6b2:	80 91 28 01 	lds	r24, 0x0128	; 0x800128 <__iob+0x2>
 6b6:	90 91 29 01 	lds	r25, 0x0129	; 0x800129 <__iob+0x3>
 6ba:	0e 94 62 03 	call	0x6c4	; 0x6c4 <vfprintf>
 6be:	e2 e0       	ldi	r30, 0x02	; 2
 6c0:	0c 94 1f 06 	jmp	0xc3e	; 0xc3e <__epilogue_restores__+0x20>

000006c4 <vfprintf>:
 6c4:	ab e0       	ldi	r26, 0x0B	; 11
 6c6:	b0 e0       	ldi	r27, 0x00	; 0
 6c8:	e8 e6       	ldi	r30, 0x68	; 104
 6ca:	f3 e0       	ldi	r31, 0x03	; 3
 6cc:	0c 94 f3 05 	jmp	0xbe6	; 0xbe6 <__prologue_saves__>
 6d0:	6c 01       	movw	r12, r24
 6d2:	7b 01       	movw	r14, r22
 6d4:	8a 01       	movw	r16, r20
 6d6:	fc 01       	movw	r30, r24
 6d8:	17 82       	std	Z+7, r1	; 0x07
 6da:	16 82       	std	Z+6, r1	; 0x06
 6dc:	83 81       	ldd	r24, Z+3	; 0x03
 6de:	81 ff       	sbrs	r24, 1
 6e0:	cc c1       	rjmp	.+920    	; 0xa7a <__stack+0x17b>
 6e2:	ce 01       	movw	r24, r28
 6e4:	01 96       	adiw	r24, 0x01	; 1
 6e6:	3c 01       	movw	r6, r24
 6e8:	f6 01       	movw	r30, r12
 6ea:	93 81       	ldd	r25, Z+3	; 0x03
 6ec:	f7 01       	movw	r30, r14
 6ee:	93 fd       	sbrc	r25, 3
 6f0:	85 91       	lpm	r24, Z+
 6f2:	93 ff       	sbrs	r25, 3
 6f4:	81 91       	ld	r24, Z+
 6f6:	7f 01       	movw	r14, r30
 6f8:	88 23       	and	r24, r24
 6fa:	09 f4       	brne	.+2      	; 0x6fe <vfprintf+0x3a>
 6fc:	ba c1       	rjmp	.+884    	; 0xa72 <__stack+0x173>
 6fe:	85 32       	cpi	r24, 0x25	; 37
 700:	39 f4       	brne	.+14     	; 0x710 <vfprintf+0x4c>
 702:	93 fd       	sbrc	r25, 3
 704:	85 91       	lpm	r24, Z+
 706:	93 ff       	sbrs	r25, 3
 708:	81 91       	ld	r24, Z+
 70a:	7f 01       	movw	r14, r30
 70c:	85 32       	cpi	r24, 0x25	; 37
 70e:	29 f4       	brne	.+10     	; 0x71a <vfprintf+0x56>
 710:	b6 01       	movw	r22, r12
 712:	90 e0       	ldi	r25, 0x00	; 0
 714:	0e 94 59 05 	call	0xab2	; 0xab2 <fputc>
 718:	e7 cf       	rjmp	.-50     	; 0x6e8 <vfprintf+0x24>
 71a:	91 2c       	mov	r9, r1
 71c:	21 2c       	mov	r2, r1
 71e:	31 2c       	mov	r3, r1
 720:	ff e1       	ldi	r31, 0x1F	; 31
 722:	f3 15       	cp	r31, r3
 724:	d8 f0       	brcs	.+54     	; 0x75c <vfprintf+0x98>
 726:	8b 32       	cpi	r24, 0x2B	; 43
 728:	79 f0       	breq	.+30     	; 0x748 <vfprintf+0x84>
 72a:	38 f4       	brcc	.+14     	; 0x73a <vfprintf+0x76>
 72c:	80 32       	cpi	r24, 0x20	; 32
 72e:	79 f0       	breq	.+30     	; 0x74e <vfprintf+0x8a>
 730:	83 32       	cpi	r24, 0x23	; 35
 732:	a1 f4       	brne	.+40     	; 0x75c <vfprintf+0x98>
 734:	23 2d       	mov	r18, r3
 736:	20 61       	ori	r18, 0x10	; 16
 738:	1d c0       	rjmp	.+58     	; 0x774 <vfprintf+0xb0>
 73a:	8d 32       	cpi	r24, 0x2D	; 45
 73c:	61 f0       	breq	.+24     	; 0x756 <vfprintf+0x92>
 73e:	80 33       	cpi	r24, 0x30	; 48
 740:	69 f4       	brne	.+26     	; 0x75c <vfprintf+0x98>
 742:	23 2d       	mov	r18, r3
 744:	21 60       	ori	r18, 0x01	; 1
 746:	16 c0       	rjmp	.+44     	; 0x774 <vfprintf+0xb0>
 748:	83 2d       	mov	r24, r3
 74a:	82 60       	ori	r24, 0x02	; 2
 74c:	38 2e       	mov	r3, r24
 74e:	e3 2d       	mov	r30, r3
 750:	e4 60       	ori	r30, 0x04	; 4
 752:	3e 2e       	mov	r3, r30
 754:	2a c0       	rjmp	.+84     	; 0x7aa <vfprintf+0xe6>
 756:	f3 2d       	mov	r31, r3
 758:	f8 60       	ori	r31, 0x08	; 8
 75a:	1d c0       	rjmp	.+58     	; 0x796 <vfprintf+0xd2>
 75c:	37 fc       	sbrc	r3, 7
 75e:	2d c0       	rjmp	.+90     	; 0x7ba <vfprintf+0xf6>
 760:	20 ed       	ldi	r18, 0xD0	; 208
 762:	28 0f       	add	r18, r24
 764:	2a 30       	cpi	r18, 0x0A	; 10
 766:	40 f0       	brcs	.+16     	; 0x778 <vfprintf+0xb4>
 768:	8e 32       	cpi	r24, 0x2E	; 46
 76a:	b9 f4       	brne	.+46     	; 0x79a <vfprintf+0xd6>
 76c:	36 fc       	sbrc	r3, 6
 76e:	81 c1       	rjmp	.+770    	; 0xa72 <__stack+0x173>
 770:	23 2d       	mov	r18, r3
 772:	20 64       	ori	r18, 0x40	; 64
 774:	32 2e       	mov	r3, r18
 776:	19 c0       	rjmp	.+50     	; 0x7aa <vfprintf+0xe6>
 778:	36 fe       	sbrs	r3, 6
 77a:	06 c0       	rjmp	.+12     	; 0x788 <vfprintf+0xc4>
 77c:	8a e0       	ldi	r24, 0x0A	; 10
 77e:	98 9e       	mul	r9, r24
 780:	20 0d       	add	r18, r0
 782:	11 24       	eor	r1, r1
 784:	92 2e       	mov	r9, r18
 786:	11 c0       	rjmp	.+34     	; 0x7aa <vfprintf+0xe6>
 788:	ea e0       	ldi	r30, 0x0A	; 10
 78a:	2e 9e       	mul	r2, r30
 78c:	20 0d       	add	r18, r0
 78e:	11 24       	eor	r1, r1
 790:	22 2e       	mov	r2, r18
 792:	f3 2d       	mov	r31, r3
 794:	f0 62       	ori	r31, 0x20	; 32
 796:	3f 2e       	mov	r3, r31
 798:	08 c0       	rjmp	.+16     	; 0x7aa <vfprintf+0xe6>
 79a:	8c 36       	cpi	r24, 0x6C	; 108
 79c:	21 f4       	brne	.+8      	; 0x7a6 <vfprintf+0xe2>
 79e:	83 2d       	mov	r24, r3
 7a0:	80 68       	ori	r24, 0x80	; 128
 7a2:	38 2e       	mov	r3, r24
 7a4:	02 c0       	rjmp	.+4      	; 0x7aa <vfprintf+0xe6>
 7a6:	88 36       	cpi	r24, 0x68	; 104
 7a8:	41 f4       	brne	.+16     	; 0x7ba <vfprintf+0xf6>
 7aa:	f7 01       	movw	r30, r14
 7ac:	93 fd       	sbrc	r25, 3
 7ae:	85 91       	lpm	r24, Z+
 7b0:	93 ff       	sbrs	r25, 3
 7b2:	81 91       	ld	r24, Z+
 7b4:	7f 01       	movw	r14, r30
 7b6:	81 11       	cpse	r24, r1
 7b8:	b3 cf       	rjmp	.-154    	; 0x720 <vfprintf+0x5c>
 7ba:	98 2f       	mov	r25, r24
 7bc:	9f 7d       	andi	r25, 0xDF	; 223
 7be:	95 54       	subi	r25, 0x45	; 69
 7c0:	93 30       	cpi	r25, 0x03	; 3
 7c2:	28 f4       	brcc	.+10     	; 0x7ce <vfprintf+0x10a>
 7c4:	0c 5f       	subi	r16, 0xFC	; 252
 7c6:	1f 4f       	sbci	r17, 0xFF	; 255
 7c8:	9f e3       	ldi	r25, 0x3F	; 63
 7ca:	99 83       	std	Y+1, r25	; 0x01
 7cc:	0d c0       	rjmp	.+26     	; 0x7e8 <vfprintf+0x124>
 7ce:	83 36       	cpi	r24, 0x63	; 99
 7d0:	31 f0       	breq	.+12     	; 0x7de <vfprintf+0x11a>
 7d2:	83 37       	cpi	r24, 0x73	; 115
 7d4:	71 f0       	breq	.+28     	; 0x7f2 <vfprintf+0x12e>
 7d6:	83 35       	cpi	r24, 0x53	; 83
 7d8:	09 f0       	breq	.+2      	; 0x7dc <vfprintf+0x118>
 7da:	59 c0       	rjmp	.+178    	; 0x88e <__DATA_REGION_LENGTH__+0x8e>
 7dc:	21 c0       	rjmp	.+66     	; 0x820 <__DATA_REGION_LENGTH__+0x20>
 7de:	f8 01       	movw	r30, r16
 7e0:	80 81       	ld	r24, Z
 7e2:	89 83       	std	Y+1, r24	; 0x01
 7e4:	0e 5f       	subi	r16, 0xFE	; 254
 7e6:	1f 4f       	sbci	r17, 0xFF	; 255
 7e8:	88 24       	eor	r8, r8
 7ea:	83 94       	inc	r8
 7ec:	91 2c       	mov	r9, r1
 7ee:	53 01       	movw	r10, r6
 7f0:	13 c0       	rjmp	.+38     	; 0x818 <__DATA_REGION_LENGTH__+0x18>
 7f2:	28 01       	movw	r4, r16
 7f4:	f2 e0       	ldi	r31, 0x02	; 2
 7f6:	4f 0e       	add	r4, r31
 7f8:	51 1c       	adc	r5, r1
 7fa:	f8 01       	movw	r30, r16
 7fc:	a0 80       	ld	r10, Z
 7fe:	b1 80       	ldd	r11, Z+1	; 0x01
 800:	36 fe       	sbrs	r3, 6
 802:	03 c0       	rjmp	.+6      	; 0x80a <__DATA_REGION_LENGTH__+0xa>
 804:	69 2d       	mov	r22, r9
 806:	70 e0       	ldi	r23, 0x00	; 0
 808:	02 c0       	rjmp	.+4      	; 0x80e <__DATA_REGION_LENGTH__+0xe>
 80a:	6f ef       	ldi	r22, 0xFF	; 255
 80c:	7f ef       	ldi	r23, 0xFF	; 255
 80e:	c5 01       	movw	r24, r10
 810:	0e 94 4e 05 	call	0xa9c	; 0xa9c <strnlen>
 814:	4c 01       	movw	r8, r24
 816:	82 01       	movw	r16, r4
 818:	f3 2d       	mov	r31, r3
 81a:	ff 77       	andi	r31, 0x7F	; 127
 81c:	3f 2e       	mov	r3, r31
 81e:	16 c0       	rjmp	.+44     	; 0x84c <__DATA_REGION_LENGTH__+0x4c>
 820:	28 01       	movw	r4, r16
 822:	22 e0       	ldi	r18, 0x02	; 2
 824:	42 0e       	add	r4, r18
 826:	51 1c       	adc	r5, r1
 828:	f8 01       	movw	r30, r16
 82a:	a0 80       	ld	r10, Z
 82c:	b1 80       	ldd	r11, Z+1	; 0x01
 82e:	36 fe       	sbrs	r3, 6
 830:	03 c0       	rjmp	.+6      	; 0x838 <__DATA_REGION_LENGTH__+0x38>
 832:	69 2d       	mov	r22, r9
 834:	70 e0       	ldi	r23, 0x00	; 0
 836:	02 c0       	rjmp	.+4      	; 0x83c <__DATA_REGION_LENGTH__+0x3c>
 838:	6f ef       	ldi	r22, 0xFF	; 255
 83a:	7f ef       	ldi	r23, 0xFF	; 255
 83c:	c5 01       	movw	r24, r10
 83e:	0e 94 43 05 	call	0xa86	; 0xa86 <strnlen_P>
 842:	4c 01       	movw	r8, r24
 844:	f3 2d       	mov	r31, r3
 846:	f0 68       	ori	r31, 0x80	; 128
 848:	3f 2e       	mov	r3, r31
 84a:	82 01       	movw	r16, r4
 84c:	33 fc       	sbrc	r3, 3
 84e:	1b c0       	rjmp	.+54     	; 0x886 <__DATA_REGION_LENGTH__+0x86>
 850:	82 2d       	mov	r24, r2
 852:	90 e0       	ldi	r25, 0x00	; 0
 854:	88 16       	cp	r8, r24
 856:	99 06       	cpc	r9, r25
 858:	b0 f4       	brcc	.+44     	; 0x886 <__DATA_REGION_LENGTH__+0x86>
 85a:	b6 01       	movw	r22, r12
 85c:	80 e2       	ldi	r24, 0x20	; 32
 85e:	90 e0       	ldi	r25, 0x00	; 0
 860:	0e 94 59 05 	call	0xab2	; 0xab2 <fputc>
 864:	2a 94       	dec	r2
 866:	f4 cf       	rjmp	.-24     	; 0x850 <__DATA_REGION_LENGTH__+0x50>
 868:	f5 01       	movw	r30, r10
 86a:	37 fc       	sbrc	r3, 7
 86c:	85 91       	lpm	r24, Z+
 86e:	37 fe       	sbrs	r3, 7
 870:	81 91       	ld	r24, Z+
 872:	5f 01       	movw	r10, r30
 874:	b6 01       	movw	r22, r12
 876:	90 e0       	ldi	r25, 0x00	; 0
 878:	0e 94 59 05 	call	0xab2	; 0xab2 <fputc>
 87c:	21 10       	cpse	r2, r1
 87e:	2a 94       	dec	r2
 880:	21 e0       	ldi	r18, 0x01	; 1
 882:	82 1a       	sub	r8, r18
 884:	91 08       	sbc	r9, r1
 886:	81 14       	cp	r8, r1
 888:	91 04       	cpc	r9, r1
 88a:	71 f7       	brne	.-36     	; 0x868 <__DATA_REGION_LENGTH__+0x68>
 88c:	e8 c0       	rjmp	.+464    	; 0xa5e <__stack+0x15f>
 88e:	84 36       	cpi	r24, 0x64	; 100
 890:	11 f0       	breq	.+4      	; 0x896 <__DATA_REGION_LENGTH__+0x96>
 892:	89 36       	cpi	r24, 0x69	; 105
 894:	41 f5       	brne	.+80     	; 0x8e6 <__DATA_REGION_LENGTH__+0xe6>
 896:	f8 01       	movw	r30, r16
 898:	37 fe       	sbrs	r3, 7
 89a:	07 c0       	rjmp	.+14     	; 0x8aa <__DATA_REGION_LENGTH__+0xaa>
 89c:	60 81       	ld	r22, Z
 89e:	71 81       	ldd	r23, Z+1	; 0x01
 8a0:	82 81       	ldd	r24, Z+2	; 0x02
 8a2:	93 81       	ldd	r25, Z+3	; 0x03
 8a4:	0c 5f       	subi	r16, 0xFC	; 252
 8a6:	1f 4f       	sbci	r17, 0xFF	; 255
 8a8:	08 c0       	rjmp	.+16     	; 0x8ba <__DATA_REGION_LENGTH__+0xba>
 8aa:	60 81       	ld	r22, Z
 8ac:	71 81       	ldd	r23, Z+1	; 0x01
 8ae:	07 2e       	mov	r0, r23
 8b0:	00 0c       	add	r0, r0
 8b2:	88 0b       	sbc	r24, r24
 8b4:	99 0b       	sbc	r25, r25
 8b6:	0e 5f       	subi	r16, 0xFE	; 254
 8b8:	1f 4f       	sbci	r17, 0xFF	; 255
 8ba:	f3 2d       	mov	r31, r3
 8bc:	ff 76       	andi	r31, 0x6F	; 111
 8be:	3f 2e       	mov	r3, r31
 8c0:	97 ff       	sbrs	r25, 7
 8c2:	09 c0       	rjmp	.+18     	; 0x8d6 <__DATA_REGION_LENGTH__+0xd6>
 8c4:	90 95       	com	r25
 8c6:	80 95       	com	r24
 8c8:	70 95       	com	r23
 8ca:	61 95       	neg	r22
 8cc:	7f 4f       	sbci	r23, 0xFF	; 255
 8ce:	8f 4f       	sbci	r24, 0xFF	; 255
 8d0:	9f 4f       	sbci	r25, 0xFF	; 255
 8d2:	f0 68       	ori	r31, 0x80	; 128
 8d4:	3f 2e       	mov	r3, r31
 8d6:	2a e0       	ldi	r18, 0x0A	; 10
 8d8:	30 e0       	ldi	r19, 0x00	; 0
 8da:	a3 01       	movw	r20, r6
 8dc:	0e 94 95 05 	call	0xb2a	; 0xb2a <__ultoa_invert>
 8e0:	88 2e       	mov	r8, r24
 8e2:	86 18       	sub	r8, r6
 8e4:	45 c0       	rjmp	.+138    	; 0x970 <__stack+0x71>
 8e6:	85 37       	cpi	r24, 0x75	; 117
 8e8:	31 f4       	brne	.+12     	; 0x8f6 <__DATA_REGION_LENGTH__+0xf6>
 8ea:	23 2d       	mov	r18, r3
 8ec:	2f 7e       	andi	r18, 0xEF	; 239
 8ee:	b2 2e       	mov	r11, r18
 8f0:	2a e0       	ldi	r18, 0x0A	; 10
 8f2:	30 e0       	ldi	r19, 0x00	; 0
 8f4:	25 c0       	rjmp	.+74     	; 0x940 <__stack+0x41>
 8f6:	93 2d       	mov	r25, r3
 8f8:	99 7f       	andi	r25, 0xF9	; 249
 8fa:	b9 2e       	mov	r11, r25
 8fc:	8f 36       	cpi	r24, 0x6F	; 111
 8fe:	c1 f0       	breq	.+48     	; 0x930 <__stack+0x31>
 900:	18 f4       	brcc	.+6      	; 0x908 <__stack+0x9>
 902:	88 35       	cpi	r24, 0x58	; 88
 904:	79 f0       	breq	.+30     	; 0x924 <__stack+0x25>
 906:	b5 c0       	rjmp	.+362    	; 0xa72 <__stack+0x173>
 908:	80 37       	cpi	r24, 0x70	; 112
 90a:	19 f0       	breq	.+6      	; 0x912 <__stack+0x13>
 90c:	88 37       	cpi	r24, 0x78	; 120
 90e:	21 f0       	breq	.+8      	; 0x918 <__stack+0x19>
 910:	b0 c0       	rjmp	.+352    	; 0xa72 <__stack+0x173>
 912:	e9 2f       	mov	r30, r25
 914:	e0 61       	ori	r30, 0x10	; 16
 916:	be 2e       	mov	r11, r30
 918:	b4 fe       	sbrs	r11, 4
 91a:	0d c0       	rjmp	.+26     	; 0x936 <__stack+0x37>
 91c:	fb 2d       	mov	r31, r11
 91e:	f4 60       	ori	r31, 0x04	; 4
 920:	bf 2e       	mov	r11, r31
 922:	09 c0       	rjmp	.+18     	; 0x936 <__stack+0x37>
 924:	34 fe       	sbrs	r3, 4
 926:	0a c0       	rjmp	.+20     	; 0x93c <__stack+0x3d>
 928:	29 2f       	mov	r18, r25
 92a:	26 60       	ori	r18, 0x06	; 6
 92c:	b2 2e       	mov	r11, r18
 92e:	06 c0       	rjmp	.+12     	; 0x93c <__stack+0x3d>
 930:	28 e0       	ldi	r18, 0x08	; 8
 932:	30 e0       	ldi	r19, 0x00	; 0
 934:	05 c0       	rjmp	.+10     	; 0x940 <__stack+0x41>
 936:	20 e1       	ldi	r18, 0x10	; 16
 938:	30 e0       	ldi	r19, 0x00	; 0
 93a:	02 c0       	rjmp	.+4      	; 0x940 <__stack+0x41>
 93c:	20 e1       	ldi	r18, 0x10	; 16
 93e:	32 e0       	ldi	r19, 0x02	; 2
 940:	f8 01       	movw	r30, r16
 942:	b7 fe       	sbrs	r11, 7
 944:	07 c0       	rjmp	.+14     	; 0x954 <__stack+0x55>
 946:	60 81       	ld	r22, Z
 948:	71 81       	ldd	r23, Z+1	; 0x01
 94a:	82 81       	ldd	r24, Z+2	; 0x02
 94c:	93 81       	ldd	r25, Z+3	; 0x03
 94e:	0c 5f       	subi	r16, 0xFC	; 252
 950:	1f 4f       	sbci	r17, 0xFF	; 255
 952:	06 c0       	rjmp	.+12     	; 0x960 <__stack+0x61>
 954:	60 81       	ld	r22, Z
 956:	71 81       	ldd	r23, Z+1	; 0x01
 958:	80 e0       	ldi	r24, 0x00	; 0
 95a:	90 e0       	ldi	r25, 0x00	; 0
 95c:	0e 5f       	subi	r16, 0xFE	; 254
 95e:	1f 4f       	sbci	r17, 0xFF	; 255
 960:	a3 01       	movw	r20, r6
 962:	0e 94 95 05 	call	0xb2a	; 0xb2a <__ultoa_invert>
 966:	88 2e       	mov	r8, r24
 968:	86 18       	sub	r8, r6
 96a:	fb 2d       	mov	r31, r11
 96c:	ff 77       	andi	r31, 0x7F	; 127
 96e:	3f 2e       	mov	r3, r31
 970:	36 fe       	sbrs	r3, 6
 972:	0d c0       	rjmp	.+26     	; 0x98e <__stack+0x8f>
 974:	23 2d       	mov	r18, r3
 976:	2e 7f       	andi	r18, 0xFE	; 254
 978:	a2 2e       	mov	r10, r18
 97a:	89 14       	cp	r8, r9
 97c:	58 f4       	brcc	.+22     	; 0x994 <__stack+0x95>
 97e:	34 fe       	sbrs	r3, 4
 980:	0b c0       	rjmp	.+22     	; 0x998 <__stack+0x99>
 982:	32 fc       	sbrc	r3, 2
 984:	09 c0       	rjmp	.+18     	; 0x998 <__stack+0x99>
 986:	83 2d       	mov	r24, r3
 988:	8e 7e       	andi	r24, 0xEE	; 238
 98a:	a8 2e       	mov	r10, r24
 98c:	05 c0       	rjmp	.+10     	; 0x998 <__stack+0x99>
 98e:	b8 2c       	mov	r11, r8
 990:	a3 2c       	mov	r10, r3
 992:	03 c0       	rjmp	.+6      	; 0x99a <__stack+0x9b>
 994:	b8 2c       	mov	r11, r8
 996:	01 c0       	rjmp	.+2      	; 0x99a <__stack+0x9b>
 998:	b9 2c       	mov	r11, r9
 99a:	a4 fe       	sbrs	r10, 4
 99c:	0f c0       	rjmp	.+30     	; 0x9bc <__stack+0xbd>
 99e:	fe 01       	movw	r30, r28
 9a0:	e8 0d       	add	r30, r8
 9a2:	f1 1d       	adc	r31, r1
 9a4:	80 81       	ld	r24, Z
 9a6:	80 33       	cpi	r24, 0x30	; 48
 9a8:	21 f4       	brne	.+8      	; 0x9b2 <__stack+0xb3>
 9aa:	9a 2d       	mov	r25, r10
 9ac:	99 7e       	andi	r25, 0xE9	; 233
 9ae:	a9 2e       	mov	r10, r25
 9b0:	09 c0       	rjmp	.+18     	; 0x9c4 <__stack+0xc5>
 9b2:	a2 fe       	sbrs	r10, 2
 9b4:	06 c0       	rjmp	.+12     	; 0x9c2 <__stack+0xc3>
 9b6:	b3 94       	inc	r11
 9b8:	b3 94       	inc	r11
 9ba:	04 c0       	rjmp	.+8      	; 0x9c4 <__stack+0xc5>
 9bc:	8a 2d       	mov	r24, r10
 9be:	86 78       	andi	r24, 0x86	; 134
 9c0:	09 f0       	breq	.+2      	; 0x9c4 <__stack+0xc5>
 9c2:	b3 94       	inc	r11
 9c4:	a3 fc       	sbrc	r10, 3
 9c6:	11 c0       	rjmp	.+34     	; 0x9ea <__stack+0xeb>
 9c8:	a0 fe       	sbrs	r10, 0
 9ca:	06 c0       	rjmp	.+12     	; 0x9d8 <__stack+0xd9>
 9cc:	b2 14       	cp	r11, r2
 9ce:	88 f4       	brcc	.+34     	; 0x9f2 <__stack+0xf3>
 9d0:	28 0c       	add	r2, r8
 9d2:	92 2c       	mov	r9, r2
 9d4:	9b 18       	sub	r9, r11
 9d6:	0e c0       	rjmp	.+28     	; 0x9f4 <__stack+0xf5>
 9d8:	b2 14       	cp	r11, r2
 9da:	60 f4       	brcc	.+24     	; 0x9f4 <__stack+0xf5>
 9dc:	b6 01       	movw	r22, r12
 9de:	80 e2       	ldi	r24, 0x20	; 32
 9e0:	90 e0       	ldi	r25, 0x00	; 0
 9e2:	0e 94 59 05 	call	0xab2	; 0xab2 <fputc>
 9e6:	b3 94       	inc	r11
 9e8:	f7 cf       	rjmp	.-18     	; 0x9d8 <__stack+0xd9>
 9ea:	b2 14       	cp	r11, r2
 9ec:	18 f4       	brcc	.+6      	; 0x9f4 <__stack+0xf5>
 9ee:	2b 18       	sub	r2, r11
 9f0:	02 c0       	rjmp	.+4      	; 0x9f6 <__stack+0xf7>
 9f2:	98 2c       	mov	r9, r8
 9f4:	21 2c       	mov	r2, r1
 9f6:	a4 fe       	sbrs	r10, 4
 9f8:	10 c0       	rjmp	.+32     	; 0xa1a <__stack+0x11b>
 9fa:	b6 01       	movw	r22, r12
 9fc:	80 e3       	ldi	r24, 0x30	; 48
 9fe:	90 e0       	ldi	r25, 0x00	; 0
 a00:	0e 94 59 05 	call	0xab2	; 0xab2 <fputc>
 a04:	a2 fe       	sbrs	r10, 2
 a06:	17 c0       	rjmp	.+46     	; 0xa36 <__stack+0x137>
 a08:	a1 fc       	sbrc	r10, 1
 a0a:	03 c0       	rjmp	.+6      	; 0xa12 <__stack+0x113>
 a0c:	88 e7       	ldi	r24, 0x78	; 120
 a0e:	90 e0       	ldi	r25, 0x00	; 0
 a10:	02 c0       	rjmp	.+4      	; 0xa16 <__stack+0x117>
 a12:	88 e5       	ldi	r24, 0x58	; 88
 a14:	90 e0       	ldi	r25, 0x00	; 0
 a16:	b6 01       	movw	r22, r12
 a18:	0c c0       	rjmp	.+24     	; 0xa32 <__stack+0x133>
 a1a:	8a 2d       	mov	r24, r10
 a1c:	86 78       	andi	r24, 0x86	; 134
 a1e:	59 f0       	breq	.+22     	; 0xa36 <__stack+0x137>
 a20:	a1 fe       	sbrs	r10, 1
 a22:	02 c0       	rjmp	.+4      	; 0xa28 <__stack+0x129>
 a24:	8b e2       	ldi	r24, 0x2B	; 43
 a26:	01 c0       	rjmp	.+2      	; 0xa2a <__stack+0x12b>
 a28:	80 e2       	ldi	r24, 0x20	; 32
 a2a:	a7 fc       	sbrc	r10, 7
 a2c:	8d e2       	ldi	r24, 0x2D	; 45
 a2e:	b6 01       	movw	r22, r12
 a30:	90 e0       	ldi	r25, 0x00	; 0
 a32:	0e 94 59 05 	call	0xab2	; 0xab2 <fputc>
 a36:	89 14       	cp	r8, r9
 a38:	38 f4       	brcc	.+14     	; 0xa48 <__stack+0x149>
 a3a:	b6 01       	movw	r22, r12
 a3c:	80 e3       	ldi	r24, 0x30	; 48
 a3e:	90 e0       	ldi	r25, 0x00	; 0
 a40:	0e 94 59 05 	call	0xab2	; 0xab2 <fputc>
 a44:	9a 94       	dec	r9
 a46:	f7 cf       	rjmp	.-18     	; 0xa36 <__stack+0x137>
 a48:	8a 94       	dec	r8
 a4a:	f3 01       	movw	r30, r6
 a4c:	e8 0d       	add	r30, r8
 a4e:	f1 1d       	adc	r31, r1
 a50:	80 81       	ld	r24, Z
 a52:	b6 01       	movw	r22, r12
 a54:	90 e0       	ldi	r25, 0x00	; 0
 a56:	0e 94 59 05 	call	0xab2	; 0xab2 <fputc>
 a5a:	81 10       	cpse	r8, r1
 a5c:	f5 cf       	rjmp	.-22     	; 0xa48 <__stack+0x149>
 a5e:	22 20       	and	r2, r2
 a60:	09 f4       	brne	.+2      	; 0xa64 <__stack+0x165>
 a62:	42 ce       	rjmp	.-892    	; 0x6e8 <vfprintf+0x24>
 a64:	b6 01       	movw	r22, r12
 a66:	80 e2       	ldi	r24, 0x20	; 32
 a68:	90 e0       	ldi	r25, 0x00	; 0
 a6a:	0e 94 59 05 	call	0xab2	; 0xab2 <fputc>
 a6e:	2a 94       	dec	r2
 a70:	f6 cf       	rjmp	.-20     	; 0xa5e <__stack+0x15f>
 a72:	f6 01       	movw	r30, r12
 a74:	86 81       	ldd	r24, Z+6	; 0x06
 a76:	97 81       	ldd	r25, Z+7	; 0x07
 a78:	02 c0       	rjmp	.+4      	; 0xa7e <__stack+0x17f>
 a7a:	8f ef       	ldi	r24, 0xFF	; 255
 a7c:	9f ef       	ldi	r25, 0xFF	; 255
 a7e:	2b 96       	adiw	r28, 0x0b	; 11
 a80:	e2 e1       	ldi	r30, 0x12	; 18
 a82:	0c 94 0f 06 	jmp	0xc1e	; 0xc1e <__epilogue_restores__>

00000a86 <strnlen_P>:
 a86:	fc 01       	movw	r30, r24
 a88:	05 90       	lpm	r0, Z+
 a8a:	61 50       	subi	r22, 0x01	; 1
 a8c:	70 40       	sbci	r23, 0x00	; 0
 a8e:	01 10       	cpse	r0, r1
 a90:	d8 f7       	brcc	.-10     	; 0xa88 <strnlen_P+0x2>
 a92:	80 95       	com	r24
 a94:	90 95       	com	r25
 a96:	8e 0f       	add	r24, r30
 a98:	9f 1f       	adc	r25, r31
 a9a:	08 95       	ret

00000a9c <strnlen>:
 a9c:	fc 01       	movw	r30, r24
 a9e:	61 50       	subi	r22, 0x01	; 1
 aa0:	70 40       	sbci	r23, 0x00	; 0
 aa2:	01 90       	ld	r0, Z+
 aa4:	01 10       	cpse	r0, r1
 aa6:	d8 f7       	brcc	.-10     	; 0xa9e <strnlen+0x2>
 aa8:	80 95       	com	r24
 aaa:	90 95       	com	r25
 aac:	8e 0f       	add	r24, r30
 aae:	9f 1f       	adc	r25, r31
 ab0:	08 95       	ret

00000ab2 <fputc>:
 ab2:	0f 93       	push	r16
 ab4:	1f 93       	push	r17
 ab6:	cf 93       	push	r28
 ab8:	df 93       	push	r29
 aba:	fb 01       	movw	r30, r22
 abc:	23 81       	ldd	r18, Z+3	; 0x03
 abe:	21 fd       	sbrc	r18, 1
 ac0:	03 c0       	rjmp	.+6      	; 0xac8 <fputc+0x16>
 ac2:	8f ef       	ldi	r24, 0xFF	; 255
 ac4:	9f ef       	ldi	r25, 0xFF	; 255
 ac6:	2c c0       	rjmp	.+88     	; 0xb20 <fputc+0x6e>
 ac8:	22 ff       	sbrs	r18, 2
 aca:	16 c0       	rjmp	.+44     	; 0xaf8 <fputc+0x46>
 acc:	46 81       	ldd	r20, Z+6	; 0x06
 ace:	57 81       	ldd	r21, Z+7	; 0x07
 ad0:	24 81       	ldd	r18, Z+4	; 0x04
 ad2:	35 81       	ldd	r19, Z+5	; 0x05
 ad4:	42 17       	cp	r20, r18
 ad6:	53 07       	cpc	r21, r19
 ad8:	44 f4       	brge	.+16     	; 0xaea <fputc+0x38>
 ada:	a0 81       	ld	r26, Z
 adc:	b1 81       	ldd	r27, Z+1	; 0x01
 ade:	9d 01       	movw	r18, r26
 ae0:	2f 5f       	subi	r18, 0xFF	; 255
 ae2:	3f 4f       	sbci	r19, 0xFF	; 255
 ae4:	31 83       	std	Z+1, r19	; 0x01
 ae6:	20 83       	st	Z, r18
 ae8:	8c 93       	st	X, r24
 aea:	26 81       	ldd	r18, Z+6	; 0x06
 aec:	37 81       	ldd	r19, Z+7	; 0x07
 aee:	2f 5f       	subi	r18, 0xFF	; 255
 af0:	3f 4f       	sbci	r19, 0xFF	; 255
 af2:	37 83       	std	Z+7, r19	; 0x07
 af4:	26 83       	std	Z+6, r18	; 0x06
 af6:	14 c0       	rjmp	.+40     	; 0xb20 <fputc+0x6e>
 af8:	8b 01       	movw	r16, r22
 afa:	ec 01       	movw	r28, r24
 afc:	fb 01       	movw	r30, r22
 afe:	00 84       	ldd	r0, Z+8	; 0x08
 b00:	f1 85       	ldd	r31, Z+9	; 0x09
 b02:	e0 2d       	mov	r30, r0
 b04:	09 95       	icall
 b06:	89 2b       	or	r24, r25
 b08:	e1 f6       	brne	.-72     	; 0xac2 <fputc+0x10>
 b0a:	d8 01       	movw	r26, r16
 b0c:	16 96       	adiw	r26, 0x06	; 6
 b0e:	8d 91       	ld	r24, X+
 b10:	9c 91       	ld	r25, X
 b12:	17 97       	sbiw	r26, 0x07	; 7
 b14:	01 96       	adiw	r24, 0x01	; 1
 b16:	17 96       	adiw	r26, 0x07	; 7
 b18:	9c 93       	st	X, r25
 b1a:	8e 93       	st	-X, r24
 b1c:	16 97       	sbiw	r26, 0x06	; 6
 b1e:	ce 01       	movw	r24, r28
 b20:	df 91       	pop	r29
 b22:	cf 91       	pop	r28
 b24:	1f 91       	pop	r17
 b26:	0f 91       	pop	r16
 b28:	08 95       	ret

00000b2a <__ultoa_invert>:
 b2a:	fa 01       	movw	r30, r20
 b2c:	aa 27       	eor	r26, r26
 b2e:	28 30       	cpi	r18, 0x08	; 8
 b30:	51 f1       	breq	.+84     	; 0xb86 <__ultoa_invert+0x5c>
 b32:	20 31       	cpi	r18, 0x10	; 16
 b34:	81 f1       	breq	.+96     	; 0xb96 <__ultoa_invert+0x6c>
 b36:	e8 94       	clt
 b38:	6f 93       	push	r22
 b3a:	6e 7f       	andi	r22, 0xFE	; 254
 b3c:	6e 5f       	subi	r22, 0xFE	; 254
 b3e:	7f 4f       	sbci	r23, 0xFF	; 255
 b40:	8f 4f       	sbci	r24, 0xFF	; 255
 b42:	9f 4f       	sbci	r25, 0xFF	; 255
 b44:	af 4f       	sbci	r26, 0xFF	; 255
 b46:	b1 e0       	ldi	r27, 0x01	; 1
 b48:	3e d0       	rcall	.+124    	; 0xbc6 <__ultoa_invert+0x9c>
 b4a:	b4 e0       	ldi	r27, 0x04	; 4
 b4c:	3c d0       	rcall	.+120    	; 0xbc6 <__ultoa_invert+0x9c>
 b4e:	67 0f       	add	r22, r23
 b50:	78 1f       	adc	r23, r24
 b52:	89 1f       	adc	r24, r25
 b54:	9a 1f       	adc	r25, r26
 b56:	a1 1d       	adc	r26, r1
 b58:	68 0f       	add	r22, r24
 b5a:	79 1f       	adc	r23, r25
 b5c:	8a 1f       	adc	r24, r26
 b5e:	91 1d       	adc	r25, r1
 b60:	a1 1d       	adc	r26, r1
 b62:	6a 0f       	add	r22, r26
 b64:	71 1d       	adc	r23, r1
 b66:	81 1d       	adc	r24, r1
 b68:	91 1d       	adc	r25, r1
 b6a:	a1 1d       	adc	r26, r1
 b6c:	20 d0       	rcall	.+64     	; 0xbae <__ultoa_invert+0x84>
 b6e:	09 f4       	brne	.+2      	; 0xb72 <__ultoa_invert+0x48>
 b70:	68 94       	set
 b72:	3f 91       	pop	r19
 b74:	2a e0       	ldi	r18, 0x0A	; 10
 b76:	26 9f       	mul	r18, r22
 b78:	11 24       	eor	r1, r1
 b7a:	30 19       	sub	r19, r0
 b7c:	30 5d       	subi	r19, 0xD0	; 208
 b7e:	31 93       	st	Z+, r19
 b80:	de f6       	brtc	.-74     	; 0xb38 <__ultoa_invert+0xe>
 b82:	cf 01       	movw	r24, r30
 b84:	08 95       	ret
 b86:	46 2f       	mov	r20, r22
 b88:	47 70       	andi	r20, 0x07	; 7
 b8a:	40 5d       	subi	r20, 0xD0	; 208
 b8c:	41 93       	st	Z+, r20
 b8e:	b3 e0       	ldi	r27, 0x03	; 3
 b90:	0f d0       	rcall	.+30     	; 0xbb0 <__ultoa_invert+0x86>
 b92:	c9 f7       	brne	.-14     	; 0xb86 <__ultoa_invert+0x5c>
 b94:	f6 cf       	rjmp	.-20     	; 0xb82 <__ultoa_invert+0x58>
 b96:	46 2f       	mov	r20, r22
 b98:	4f 70       	andi	r20, 0x0F	; 15
 b9a:	40 5d       	subi	r20, 0xD0	; 208
 b9c:	4a 33       	cpi	r20, 0x3A	; 58
 b9e:	18 f0       	brcs	.+6      	; 0xba6 <__ultoa_invert+0x7c>
 ba0:	49 5d       	subi	r20, 0xD9	; 217
 ba2:	31 fd       	sbrc	r19, 1
 ba4:	40 52       	subi	r20, 0x20	; 32
 ba6:	41 93       	st	Z+, r20
 ba8:	02 d0       	rcall	.+4      	; 0xbae <__ultoa_invert+0x84>
 baa:	a9 f7       	brne	.-22     	; 0xb96 <__ultoa_invert+0x6c>
 bac:	ea cf       	rjmp	.-44     	; 0xb82 <__ultoa_invert+0x58>
 bae:	b4 e0       	ldi	r27, 0x04	; 4
 bb0:	a6 95       	lsr	r26
 bb2:	97 95       	ror	r25
 bb4:	87 95       	ror	r24
 bb6:	77 95       	ror	r23
 bb8:	67 95       	ror	r22
 bba:	ba 95       	dec	r27
 bbc:	c9 f7       	brne	.-14     	; 0xbb0 <__ultoa_invert+0x86>
 bbe:	00 97       	sbiw	r24, 0x00	; 0
 bc0:	61 05       	cpc	r22, r1
 bc2:	71 05       	cpc	r23, r1
 bc4:	08 95       	ret
 bc6:	9b 01       	movw	r18, r22
 bc8:	ac 01       	movw	r20, r24
 bca:	0a 2e       	mov	r0, r26
 bcc:	06 94       	lsr	r0
 bce:	57 95       	ror	r21
 bd0:	47 95       	ror	r20
 bd2:	37 95       	ror	r19
 bd4:	27 95       	ror	r18
 bd6:	ba 95       	dec	r27
 bd8:	c9 f7       	brne	.-14     	; 0xbcc <__ultoa_invert+0xa2>
 bda:	62 0f       	add	r22, r18
 bdc:	73 1f       	adc	r23, r19
 bde:	84 1f       	adc	r24, r20
 be0:	95 1f       	adc	r25, r21
 be2:	a0 1d       	adc	r26, r0
 be4:	08 95       	ret

00000be6 <__prologue_saves__>:
 be6:	2f 92       	push	r2
 be8:	3f 92       	push	r3
 bea:	4f 92       	push	r4
 bec:	5f 92       	push	r5
 bee:	6f 92       	push	r6
 bf0:	7f 92       	push	r7
 bf2:	8f 92       	push	r8
 bf4:	9f 92       	push	r9
 bf6:	af 92       	push	r10
 bf8:	bf 92       	push	r11
 bfa:	cf 92       	push	r12
 bfc:	df 92       	push	r13
 bfe:	ef 92       	push	r14
 c00:	ff 92       	push	r15
 c02:	0f 93       	push	r16
 c04:	1f 93       	push	r17
 c06:	cf 93       	push	r28
 c08:	df 93       	push	r29
 c0a:	cd b7       	in	r28, 0x3d	; 61
 c0c:	de b7       	in	r29, 0x3e	; 62
 c0e:	ca 1b       	sub	r28, r26
 c10:	db 0b       	sbc	r29, r27
 c12:	0f b6       	in	r0, 0x3f	; 63
 c14:	f8 94       	cli
 c16:	de bf       	out	0x3e, r29	; 62
 c18:	0f be       	out	0x3f, r0	; 63
 c1a:	cd bf       	out	0x3d, r28	; 61
 c1c:	09 94       	ijmp

00000c1e <__epilogue_restores__>:
 c1e:	2a 88       	ldd	r2, Y+18	; 0x12
 c20:	39 88       	ldd	r3, Y+17	; 0x11
 c22:	48 88       	ldd	r4, Y+16	; 0x10
 c24:	5f 84       	ldd	r5, Y+15	; 0x0f
 c26:	6e 84       	ldd	r6, Y+14	; 0x0e
 c28:	7d 84       	ldd	r7, Y+13	; 0x0d
 c2a:	8c 84       	ldd	r8, Y+12	; 0x0c
 c2c:	9b 84       	ldd	r9, Y+11	; 0x0b
 c2e:	aa 84       	ldd	r10, Y+10	; 0x0a
 c30:	b9 84       	ldd	r11, Y+9	; 0x09
 c32:	c8 84       	ldd	r12, Y+8	; 0x08
 c34:	df 80       	ldd	r13, Y+7	; 0x07
 c36:	ee 80       	ldd	r14, Y+6	; 0x06
 c38:	fd 80       	ldd	r15, Y+5	; 0x05
 c3a:	0c 81       	ldd	r16, Y+4	; 0x04
 c3c:	1b 81       	ldd	r17, Y+3	; 0x03
 c3e:	aa 81       	ldd	r26, Y+2	; 0x02
 c40:	b9 81       	ldd	r27, Y+1	; 0x01
 c42:	ce 0f       	add	r28, r30
 c44:	d1 1d       	adc	r29, r1
 c46:	0f b6       	in	r0, 0x3f	; 63
 c48:	f8 94       	cli
 c4a:	de bf       	out	0x3e, r29	; 62
 c4c:	0f be       	out	0x3f, r0	; 63
 c4e:	cd bf       	out	0x3d, r28	; 61
 c50:	ed 01       	movw	r28, r26
 c52:	08 95       	ret

00000c54 <_exit>:
 c54:	f8 94       	cli

00000c56 <__stop_program>:
 c56:	ff cf       	rjmp	.-2      	; 0xc56 <__stop_program>
